#
# There is insufficient memory for the Java Runtime Environment to continue.
# Native memory allocation (mmap) failed to map 65536 bytes. Error detail: Failed to commit metaspace.
# Possible reasons:
#   The system is out of physical RAM or swap space
#   This process is running with CompressedOops enabled, and the Java Heap may be blocking the growth of the native heap
# Possible solutions:
#   Reduce memory load on the system
#   Increase physical memory or swap space
#   Check if swap backing store is full
#   Decrease Java heap size (-Xmx/-Xms)
#   Decrease number of Java threads
#   Decrease Java thread stack sizes (-Xss)
#   Set larger code cache with -XX:ReservedCodeCacheSize=
#   JVM is running with Zero Based Compressed Oops mode in which the Java heap is
#     placed in the first 32GB address space. The Java Heap base address is the
#     maximum limit for the native heap growth. Please use -XX:HeapBaseMinAddress
#     to set the Java Heap base and to place the Java Heap above 32GB virtual address.
# This output file may be truncated or incomplete.
#
#  Out of Memory Error (virtualSpaceNode.cpp:110), pid=5476, tid=11560
#
# JRE version: OpenJDK Runtime Environment (17.0.11) (build 17.0.11+0--11852314)
# Java VM: OpenJDK 64-Bit Server VM (17.0.11+0--11852314, mixed mode, tiered, compressed oops, compressed class ptrs, g1 gc, windows-amd64)
# No core dump will be written. Minidumps are not enabled by default on client versions of Windows
#

---------------  S U M M A R Y ------------

Command Line: org.jetbrains.kotlin.cli.jvm.K2JVMCompiler @E:\Android\Lab\lab4\app\build\20240907_14278980823007805511.compiler.options

Host: AMD Ryzen 5 4600H with Radeon Graphics         , 12 cores, 15G,  Windows 10 , 64 bit Build 19041 (10.0.19041.1737)
Time: Sat Sep  7 15:04:23 2024  Windows 10 , 64 bit Build 19041 (10.0.19041.1737) elapsed time: 0.754375 seconds (0d 0h 0m 0s)

---------------  T H R E A D  ---------------

Current thread (0x000001d260b570d0):  JavaThread "main" [_thread_in_vm, id=11560, stack(0x000000b472000000,0x000000b472100000)]

Stack: [0x000000b472000000,0x000000b472100000]
Native frames: (J=compiled Java code, j=interpreted, Vv=VM code, C=native code)
V  [jvm.dll+0x687bb9]
V  [jvm.dll+0x84142a]
V  [jvm.dll+0x8430ae]
V  [jvm.dll+0x843713]
V  [jvm.dll+0x24a35f]
V  [jvm.dll+0x83c2bb]
V  [jvm.dll+0x62c046]
V  [jvm.dll+0x1c2bde]
V  [jvm.dll+0x62e9a1]
V  [jvm.dll+0x62c9e6]
V  [jvm.dll+0x6368b7]
V  [jvm.dll+0x252866]
V  [jvm.dll+0x253d85]
V  [jvm.dll+0x1e561b]
V  [jvm.dll+0x1e4b7d]
V  [jvm.dll+0x54c5e5]
V  [jvm.dll+0x7ba5e5]
V  [jvm.dll+0x7ba6fe]
V  [jvm.dll+0x41465a]
V  [jvm.dll+0x41a7e9]
C  [java.dll+0x17ec]

Java frames: (J=compiled Java code, j=interpreted, Vv=VM code)
J 484  java.lang.ClassLoader.defineClass1(Ljava/lang/ClassLoader;Ljava/lang/String;[BIILjava/security/ProtectionDomain;Ljava/lang/String;)Ljava/lang/Class; java.base@17.0.11 (0 bytes) @ 0x000001d26bb2e4e3 [0x000001d26bb2e420+0x00000000000000c3]
J 473 c1 java.lang.ClassLoader.defineClass(Ljava/lang/String;[BIILjava/security/ProtectionDomain;)Ljava/lang/Class; java.base@17.0.11 (43 bytes) @ 0x000001d26412155c [0x000001d264121200+0x000000000000035c]
J 427 c1 java.security.SecureClassLoader.defineClass(Ljava/lang/String;[BIILjava/security/CodeSource;)Ljava/lang/Class; java.base@17.0.11 (16 bytes) @ 0x000001d264109d0c [0x000001d264109c40+0x00000000000000cc]
J 419 c1 jdk.internal.loader.BuiltinClassLoader.defineClass(Ljava/lang/String;Ljdk/internal/loader/Resource;)Ljava/lang/Class; java.base@17.0.11 (121 bytes) @ 0x000001d264104584 [0x000001d264103220+0x0000000000001364]
J 318 c1 jdk.internal.loader.BuiltinClassLoader.findClassOnClassPathOrNull(Ljava/lang/String;)Ljava/lang/Class; java.base@17.0.11 (64 bytes) @ 0x000001d2640b9d3c [0x000001d2640b8c80+0x00000000000010bc]
J 210 c1 jdk.internal.loader.BuiltinClassLoader.loadClassOrNull(Ljava/lang/String;Z)Ljava/lang/Class; java.base@17.0.11 (143 bytes) @ 0x000001d2640890d4 [0x000001d2640881c0+0x0000000000000f14]
J 295 c1 jdk.internal.loader.ClassLoaders$AppClassLoader.loadClass(Ljava/lang/String;Z)Ljava/lang/Class; java.base@17.0.11 (40 bytes) @ 0x000001d2640a538c [0x000001d2640a4d60+0x000000000000062c]
J 294 c1 java.lang.ClassLoader.loadClass(Ljava/lang/String;)Ljava/lang/Class; java.base@17.0.11 (7 bytes) @ 0x000001d2640a49cc [0x000001d2640a48c0+0x000000000000010c]
v  ~StubRoutines::call_stub
J 484  java.lang.ClassLoader.defineClass1(Ljava/lang/ClassLoader;Ljava/lang/String;[BIILjava/security/ProtectionDomain;Ljava/lang/String;)Ljava/lang/Class; java.base@17.0.11 (0 bytes) @ 0x000001d26bb2e4e3 [0x000001d26bb2e420+0x00000000000000c3]
J 473 c1 java.lang.ClassLoader.defineClass(Ljava/lang/String;[BIILjava/security/ProtectionDomain;)Ljava/lang/Class; java.base@17.0.11 (43 bytes) @ 0x000001d26412155c [0x000001d264121200+0x000000000000035c]
J 427 c1 java.security.SecureClassLoader.defineClass(Ljava/lang/String;[BIILjava/security/CodeSource;)Ljava/lang/Class; java.base@17.0.11 (16 bytes) @ 0x000001d264109d0c [0x000001d264109c40+0x00000000000000cc]
J 419 c1 jdk.internal.loader.BuiltinClassLoader.defineClass(Ljava/lang/String;Ljdk/internal/loader/Resource;)Ljava/lang/Class; java.base@17.0.11 (121 bytes) @ 0x000001d264104584 [0x000001d264103220+0x0000000000001364]
J 318 c1 jdk.internal.loader.BuiltinClassLoader.findClassOnClassPathOrNull(Ljava/lang/String;)Ljava/lang/Class; java.base@17.0.11 (64 bytes) @ 0x000001d2640b9d3c [0x000001d2640b8c80+0x00000000000010bc]
J 210 c1 jdk.internal.loader.BuiltinClassLoader.loadClassOrNull(Ljava/lang/String;Z)Ljava/lang/Class; java.base@17.0.11 (143 bytes) @ 0x000001d2640890d4 [0x000001d2640881c0+0x0000000000000f14]
J 295 c1 jdk.internal.loader.ClassLoaders$AppClassLoader.loadClass(Ljava/lang/String;Z)Ljava/lang/Class; java.base@17.0.11 (40 bytes) @ 0x000001d2640a538c [0x000001d2640a4d60+0x000000000000062c]
J 294 c1 java.lang.ClassLoader.loadClass(Ljava/lang/String;)Ljava/lang/Class; java.base@17.0.11 (7 bytes) @ 0x000001d2640a49cc [0x000001d2640a48c0+0x000000000000010c]
v  ~StubRoutines::call_stub
j  org.jetbrains.kotlin.com.intellij.core.CoreApplicationEnvironment.<init>(Lorg/jetbrains/kotlin/com/intellij/openapi/Disposable;Z)V+237
j  org.jetbrains.kotlin.com.intellij.core.JavaCoreApplicationEnvironment.<init>(Lorg/jetbrains/kotlin/com/intellij/openapi/Disposable;Z)V+11
j  org.jetbrains.kotlin.cli.jvm.compiler.KotlinCoreApplicationEnvironment.<init>(Lorg/jetbrains/kotlin/com/intellij/openapi/Disposable;Z)V+3
j  org.jetbrains.kotlin.cli.jvm.compiler.KotlinCoreApplicationEnvironment.<init>(Lorg/jetbrains/kotlin/com/intellij/openapi/Disposable;ZLkotlin/jvm/internal/DefaultConstructorMarker;)V+3
j  org.jetbrains.kotlin.cli.jvm.compiler.KotlinCoreApplicationEnvironment$Companion.create(Lorg/jetbrains/kotlin/com/intellij/openapi/Disposable;Z)Lorg/jetbrains/kotlin/cli/jvm/compiler/KotlinCoreApplicationEnvironment;+13
j  org.jetbrains.kotlin.cli.jvm.compiler.KotlinCoreEnvironment$Companion.createApplicationEnvironment(Lorg/jetbrains/kotlin/com/intellij/openapi/Disposable;Lorg/jetbrains/kotlin/config/CompilerConfiguration;Z)Lorg/jetbrains/kotlin/cli/jvm/compiler/KotlinCoreApplicationEnvironment;+5
j  org.jetbrains.kotlin.cli.jvm.compiler.KotlinCoreEnvironment$Companion.getOrCreateApplicationEnvironment(Lorg/jetbrains/kotlin/com/intellij/openapi/Disposable;Lorg/jetbrains/kotlin/config/CompilerConfiguration;Z)Lorg/jetbrains/kotlin/cli/jvm/compiler/KotlinCoreApplicationEnvironment;+46
j  org.jetbrains.kotlin.cli.jvm.compiler.KotlinCoreEnvironment$Companion.getOrCreateApplicationEnvironmentForProduction(Lorg/jetbrains/kotlin/com/intellij/openapi/Disposable;Lorg/jetbrains/kotlin/config/CompilerConfiguration;)Lorg/jetbrains/kotlin/cli/jvm/compiler/KotlinCoreApplicationEnvironment;+19
j  org.jetbrains.kotlin.cli.jvm.compiler.KotlinCoreEnvironment$Companion.createForProduction(Lorg/jetbrains/kotlin/com/intellij/openapi/Disposable;Lorg/jetbrains/kotlin/config/CompilerConfiguration;Lorg/jetbrains/kotlin/cli/jvm/compiler/EnvironmentConfigFiles;)Lorg/jetbrains/kotlin/cli/jvm/compiler/KotlinCoreEnvironment;+27
j  org.jetbrains.kotlin.cli.jvm.K2JVMCompiler.createCoreEnvironment(Lorg/jetbrains/kotlin/com/intellij/openapi/Disposable;Lorg/jetbrains/kotlin/config/CompilerConfiguration;Lorg/jetbrains/kotlin/cli/common/messages/MessageCollector;Ljava/lang/String;)Lorg/jetbrains/kotlin/cli/jvm/compiler/KotlinCoreEnvironment;+19
j  org.jetbrains.kotlin.cli.jvm.K2JVMCompiler.doExecute(Lorg/jetbrains/kotlin/cli/common/arguments/K2JVMCompilerArguments;Lorg/jetbrains/kotlin/config/CompilerConfiguration;Lorg/jetbrains/kotlin/com/intellij/openapi/Disposable;Lorg/jetbrains/kotlin/utils/KotlinPaths;)Lorg/jetbrains/kotlin/cli/common/ExitCode;+962
j  org.jetbrains.kotlin.cli.jvm.K2JVMCompiler.doExecute(Lorg/jetbrains/kotlin/cli/common/arguments/CommonCompilerArguments;Lorg/jetbrains/kotlin/config/CompilerConfiguration;Lorg/jetbrains/kotlin/com/intellij/openapi/Disposable;Lorg/jetbrains/kotlin/utils/KotlinPaths;)Lorg/jetbrains/kotlin/cli/common/ExitCode;+9
j  org.jetbrains.kotlin.cli.common.CLICompiler.execImpl(Lorg/jetbrains/kotlin/cli/common/messages/MessageCollector;Lorg/jetbrains/kotlin/config/Services;Lorg/jetbrains/kotlin/cli/common/arguments/CommonCompilerArguments;)Lorg/jetbrains/kotlin/cli/common/ExitCode;+219
j  org.jetbrains.kotlin.cli.common.CLICompiler.execImpl(Lorg/jetbrains/kotlin/cli/common/messages/MessageCollector;Lorg/jetbrains/kotlin/config/Services;Lorg/jetbrains/kotlin/cli/common/arguments/CommonToolArguments;)Lorg/jetbrains/kotlin/cli/common/ExitCode;+7
j  org.jetbrains.kotlin.cli.common.CLITool.exec(Lorg/jetbrains/kotlin/cli/common/messages/MessageCollector;Lorg/jetbrains/kotlin/config/Services;Lorg/jetbrains/kotlin/cli/common/arguments/CommonToolArguments;)Lorg/jetbrains/kotlin/cli/common/ExitCode;+76
j  org.jetbrains.kotlin.cli.common.CLITool.exec(Ljava/io/PrintStream;Lorg/jetbrains/kotlin/config/Services;Lorg/jetbrains/kotlin/cli/common/messages/MessageRenderer;[Ljava/lang/String;)Lorg/jetbrains/kotlin/cli/common/ExitCode;+239
j  org.jetbrains.kotlin.cli.common.CLITool.exec(Ljava/io/PrintStream;Lorg/jetbrains/kotlin/cli/common/messages/MessageRenderer;[Ljava/lang/String;)Lorg/jetbrains/kotlin/cli/common/ExitCode;+25
j  org.jetbrains.kotlin.cli.common.CLITool$Companion.doMainNoExit(Lorg/jetbrains/kotlin/cli/common/CLITool;[Ljava/lang/String;Lorg/jetbrains/kotlin/cli/common/messages/MessageRenderer;)Lorg/jetbrains/kotlin/cli/common/ExitCode;+39
j  org.jetbrains.kotlin.cli.common.CLITool$Companion.doMainNoExit$default(Lorg/jetbrains/kotlin/cli/common/CLITool$Companion;Lorg/jetbrains/kotlin/cli/common/CLITool;[Ljava/lang/String;Lorg/jetbrains/kotlin/cli/common/messages/MessageRenderer;ILjava/lang/Object;)Lorg/jetbrains/kotlin/cli/common/ExitCode;+16
j  org.jetbrains.kotlin.cli.common.CLITool$Companion.doMain(Lorg/jetbrains/kotlin/cli/common/CLITool;[Ljava/lang/String;)V+57
j  org.jetbrains.kotlin.cli.jvm.K2JVMCompiler$Companion.main([Ljava/lang/String;)V+20
j  org.jetbrains.kotlin.cli.jvm.K2JVMCompiler.main([Ljava/lang/String;)V+4
v  ~StubRoutines::call_stub

Compiled method (n/a)     760  484     n 0       java.lang.ClassLoader::defineClass1 (native)
 total in heap  [0x000001d26bb2e290,0x000001d26bb2e770] = 1248
 relocation     [0x000001d26bb2e3e8,0x000001d26bb2e420] = 56
 main code      [0x000001d26bb2e420,0x000001d26bb2e770] = 848

[Constant Pool (empty)]

[MachCode]
[Entry Point]
  # {method} {0x000001d200024f48} 'defineClass1' '(Ljava/lang/ClassLoader;Ljava/lang/String;[BIILjava/security/ProtectionDomain;Ljava/lang/String;)Ljava/lang/Class;' in 'java/lang/ClassLoader'
  # parm0:    rdx:rdx   = 'java/lang/ClassLoader'
  # parm1:    r8:r8     = 'java/lang/String'
  # parm2:    r9:r9     = '[B'
  # parm3:    rdi       = int
  # parm4:    rsi       = int
  # parm5:    rcx:rcx   = 'java/security/ProtectionDomain'
  # parm6:    [sp+0xa0]   = 'java/lang/String'  (sp of caller)
  0x000001d26bb2e420: 448b 5208 | 49bb 0000 | 0000 0800 | 0000 4d03 | d349 3bc2 | 0f84 0600 

  0x000001d26bb2e438: ;   {runtime_call ic_miss_stub}
  0x000001d26bb2e438: 0000 e941 | 2ca9 ff90 
[Verified Entry Point]
  0x000001d26bb2e440: 8984 2400 | 90ff ff55 | 488b ec48 | 81ec 9000 | 0000 4881 | 7d10 0000 | 0000 488d | 4510 480f 
  0x000001d26bb2e460: 4445 1048 | 8944 2440 | 4889 4c24 | 7048 83f9 | 0048 8d44 | 2470 480f | 4444 2470 | 4889 4424 
  0x000001d26bb2e480: 3848 8974 | 2430 4889 | 7c24 284c | 894c 2458 | 4983 f900 | 488d 4424 | 5848 0f44 | 4424 5848 
  0x000001d26bb2e4a0: 8944 2420 | 4c89 4424 | 5049 83f8 | 004c 8d4c | 2450 4c0f | 444c 2450 | 4889 5424 | 4848 83fa 
  0x000001d26bb2e4c0: 004c 8d44 | 2448 4c0f | 4444 2448 

  0x000001d26bb2e4cc: ;   {oop(a 'java/lang/Class'{0x0000000717431600} = 'java/lang/ClassLoader')}
  0x000001d26bb2e4cc: 49be 0016 | 4317 0700 | 0000 4c89 | 7424 784c | 8d74 2478 | 498b d6c5 

  0x000001d26bb2e4e4: ;   {internal_word}
  0x000001d26bb2e4e4: f877 49ba | e3e4 b26b | d201 0000 | 4d89 97a0 | 0200 0049 | 89a7 9802 

  0x000001d26bb2e4fc: ;   {external_word}
  0x000001d26bb2e4fc: 0000 49ba | 683a 2d8c | ff7f 0000 | 4180 3a00 | 0f84 5200 | 0000 5241 

  0x000001d26bb2e514: ;   {metadata({method} {0x000001d200024f48} 'defineClass1' '(Ljava/lang/ClassLoader;Ljava/lang/String;[BIILjava/security/ProtectionDomain;Ljava/lang/String;)Ljava/lang/Class;' in 'java/lang/ClassLoader')}
  0x000001d26bb2e514: 5041 5148 | ba40 4f02 | 00d2 0100 | 0049 8bcf | 4883 ec20 | f7c4 0f00 | 0000 0f84 | 1a00 0000 
  0x000001d26bb2e534: 4883 ec08 

  0x000001d26bb2e538: ;   {runtime_call}
  0x000001d26bb2e538: 49ba 30e4 | e28b ff7f | 0000 41ff | d248 83c4 | 08e9 0d00 

  0x000001d26bb2e54c: ;   {runtime_call}
  0x000001d26bb2e54c: 0000 49ba | 30e4 e28b | ff7f 0000 | 41ff d248 | 83c4 2041 | 5941 585a | 498d 8fb8 | 0200 0041 
  0x000001d26bb2e56c: c787 4803 | 0000 0400 

  0x000001d26bb2e574: ;   {runtime_call}
  0x000001d26bb2e574: 0000 49ba | ac16 e3d3 | ff7f 0000 | 41ff d2c5 | f877 41c7 | 8748 0300 | 0005 0000 | 00f0 8344 
  0x000001d26bb2e594: 24c0 0049 | 3baf 5003 | 0000 0f87 | 1100 0000 | 4181 bf38 | 0300 0000 | 0000 000f | 842c 0000 
  0x000001d26bb2e5b4: 00c5 f877 | 4889 45f8 | 498b cf4c | 8be4 4883 | ec20 4883 

  0x000001d26bb2e5c8: ;   {runtime_call}
  0x000001d26bb2e5c8: e4f0 49ba | 00ff f28b | ff7f 0000 | 41ff d249 | 8be4 4d33 | e448 8b45 | f841 c787 | 4803 0000 
  0x000001d26bb2e5e8: 0800 0000 | 4181 bfb8 | 0300 0002 | 0000 000f | 843f 0100 

  0x000001d26bb2e5fc: ;   {external_word}
  0x000001d26bb2e5fc: 0049 ba68 | 3a2d 8cff | 7f00 0041 | 803a 000f | 8450 0000 | 0048 8945 

  0x000001d26bb2e614: ;   {metadata({method} {0x000001d200024f48} 'defineClass1' '(Ljava/lang/ClassLoader;Ljava/lang/String;[BIILjava/security/ProtectionDomain;Ljava/lang/String;)Ljava/lang/Class;' in 'java/lang/ClassLoader')}
  0x000001d26bb2e614: f848 ba40 | 4f02 00d2 | 0100 0049 | 8bcf 4883 | ec20 f7c4 | 0f00 0000 | 0f84 1a00 | 0000 4883 
  0x000001d26bb2e634: ;   {runtime_call}
  0x000001d26bb2e634: ec08 49ba | 30e4 e28b | ff7f 0000 | 41ff d248 | 83c4 08e9 | 0d00 0000 

  0x000001d26bb2e64c: ;   {runtime_call}
  0x000001d26bb2e64c: 49ba 30e4 | e28b ff7f | 0000 41ff | d248 83c4 | 2048 8b45 | f849 c787 | 9802 0000 | 0000 0000 
  0x000001d26bb2e66c: 49c7 87a0 | 0200 0000 | 0000 00c5 | f877 4885 | c00f 8493 | 0000 0048 | f7c0 0100 | 0000 0f84 
  0x000001d26bb2e68c: 8300 0000 | 488b 40ff | 4180 7f38 | 000f 846f | 0000 0048 | 83f8 000f | 8465 0000 | 0049 8b4f 
  0x000001d26bb2e6ac: 2048 83f9 | 000f 8414 | 0000 0048 | 83e9 0849 | 894f 2049 | 034f 3048 | 8901 e943 | 0000 0050 
  0x000001d26bb2e6cc: 498b d748 | 8bc8 4883 | ec20 f7c4 | 0f00 0000 | 0f84 1a00 | 0000 4883 

  0x000001d26bb2e6e4: ;   {runtime_call}
  0x000001d26bb2e6e4: ec08 49ba | e073 a18b | ff7f 0000 | 41ff d248 | 83c4 08e9 | 0d00 0000 

  0x000001d26bb2e6fc: ;   {runtime_call}
  0x000001d26bb2e6fc: 49ba e073 | a18b ff7f | 0000 41ff | d248 83c4 | 2058 e903 | 0000 0048 | 8b00 498b | 8fd8 0000 
  0x000001d26bb2e71c: 00c7 8100 | 0100 0000 | 0000 00c9 | 4981 7f08 | 0000 0000 | 0f85 0100 

  0x000001d26bb2e734: ;   {runtime_call StubRoutines (1)}
  0x000001d26bb2e734: 0000 c3e9 | c427 a4ff | c5f8 7748 | 8945 f84c | 8be4 4883 | ec20 4883 

  0x000001d26bb2e74c: ;   {runtime_call}
  0x000001d26bb2e74c: e4f0 49ba | b014 e38b | ff7f 0000 | 41ff d249 | 8be4 4d33 | e448 8b45 | f8e9 93fe | ffff f4f4 
  0x000001d26bb2e76c: f4f4 f4f4 
[/MachCode]


Compiled method (c1)     766  473       3       java.lang.ClassLoader::defineClass (43 bytes)
 total in heap  [0x000001d264121010,0x000001d264121968] = 2392
 relocation     [0x000001d264121168,0x000001d2641211f8] = 144
 main code      [0x000001d264121200,0x000001d2641216a0] = 1184
 stub code      [0x000001d2641216a0,0x000001d264121718] = 120
 metadata       [0x000001d264121718,0x000001d264121758] = 64
 scopes data    [0x000001d264121758,0x000001d264121848] = 240
 scopes pcs     [0x000001d264121848,0x000001d264121928] = 224
 dependencies   [0x000001d264121928,0x000001d264121940] = 24
 nul chk table  [0x000001d264121940,0x000001d264121968] = 40

[Constant Pool (empty)]

[MachCode]
[Entry Point]
  # {method} {0x000001d200024d28} 'defineClass' '(Ljava/lang/String;[BIILjava/security/ProtectionDomain;)Ljava/lang/Class;' in 'java/lang/ClassLoader'
  # this:     rdx:rdx   = 'java/lang/ClassLoader'
  # parm0:    r8:r8     = 'java/lang/String'
  # parm1:    r9:r9     = '[B'
  # parm2:    rdi       = int
  # parm3:    rsi       = int
  # parm4:    rcx:rcx   = 'java/security/ProtectionDomain'
  #           [sp+0xc0]  (sp of caller)
  0x000001d264121200: 448b 5208 | 49bb 0000 | 0000 0800 | 0000 4d03 | d34c 3bd0 

  0x000001d264121214: ;   {runtime_call ic_miss_stub}
  0x000001d264121214: 0f85 66fe | 4907 660f | 1f44 0000 
[Verified Entry Point]
  0x000001d264121220: 8984 2400 | 90ff ff55 | 4881 ecb0 | 0000 0048 | 8954 2478 

  0x000001d264121234: ;   {metadata(method data for {method} {0x000001d200024d28} 'defineClass' '(Ljava/lang/String;[BIILjava/security/ProtectionDomain;)Ljava/lang/Class;' in 'java/lang/ClassLoader')}
  0x000001d264121234: 48bb 6850 | 7f00 d201 | 0000 8b83 | cc00 0000 | 83c0 0289 | 83cc 0000 | 0081 e0fe | 0700 0083 
  0x000001d264121254: f800 0f84 | 5603 0000 | 89b4 2494 | 0000 0089 | bc24 9000 | 0000 4c89 | 8c24 8800 | 0000 488b 
  0x000001d264121274: ;   {metadata(method data for {method} {0x000001d200024d28} 'defineClass' '(Ljava/lang/String;[BIILjava/security/ProtectionDomain;)Ljava/lang/Class;' in 'java/lang/ClassLoader')}
  0x000001d264121274: da48 b868 | 507f 00d2 | 0100 0048 | 8380 1001 | 0000 0149 | 8bd8 4c8b | c34c 8bc9 | 488b ca48 
  0x000001d264121294: 8bd1 4889 | 9c24 8000 

  0x000001d26412129c: ;   {optimized virtual_call}
  0x000001d26412129c: 0000 90e8 

  0x000001d2641212a0: ; ImmutableOopMap {[120]=Oop [136]=Oop [128]=Oop }
                      ;*invokevirtual preDefineClass {reexecute=0 rethrow=0 return_oop=0}
                      ; - java.lang.ClassLoader::defineClass@4 (line 1015)
  0x000001d2641212a0: 7cb5 0000 | 4889 8424 | 9800 0000 | 488b 5424 

  0x000001d2641212b0: ;   {metadata(method data for {method} {0x000001d200024d28} 'defineClass' '(Ljava/lang/String;[BIILjava/security/ProtectionDomain;)Ljava/lang/Class;' in 'java/lang/ClassLoader')}
  0x000001d2641212b0: 7849 b868 | 507f 00d2 | 0100 0049 | 8380 4801 

  0x000001d2641212c0: ;   {metadata(method data for {method} {0x000001d200024af0} 'defineClassSourceLocation' '(Ljava/security/ProtectionDomain;)Ljava/lang/String;' in 'java/lang/ClassLoader')}
  0x000001d2641212c0: 0000 0149 | b878 9f7f | 00d2 0100 | 0041 8b90 | cc00 0000 | 83c2 0241 | 8990 cc00 | 0000 81e2 
  0x000001d2641212e0: feff 1f00 | 83fa 000f | 84e6 0200 | 0048 3b00 

  0x000001d2641212f0: ;   {metadata(method data for {method} {0x000001d200024af0} 'defineClassSourceLocation' '(Ljava/security/ProtectionDomain;)Ljava/lang/String;' in 'java/lang/ClassLoader')}
  0x000001d2641212f0: 4c8b c048 | ba78 9f7f | 00d2 0100 | 0048 8382 | 1001 0000 | 0144 8b40 | 1049 c1e0 | 0349 83f8 
  0x000001d264121310: ;   {metadata(method data for {method} {0x000001d200024af0} 'defineClassSourceLocation' '(Ljava/security/ProtectionDomain;)Ljava/lang/String;' in 'java/lang/ClassLoader')}
  0x000001d264121310: 0048 ba78 | 9f7f 00d2 | 0100 0048 | be58 0100 | 0000 0000 | 000f 850a | 0000 0048 | be48 0100 
  0x000001d264121330: 0000 0000 | 0048 8b3c | 3248 8d7f | 0148 893c | 320f 850f 

  0x000001d264121344: ;   {oop(NULL)}
  0x000001d264121344: 0000 0048 | bb00 0000 | 0000 0000 | 00e9 b101 | 0000 493b | 0049 8bd0 

  0x000001d26412135c: ;   {metadata(method data for {method} {0x000001d200024af0} 'defineClassSourceLocation' '(Ljava/security/ProtectionDomain;)Ljava/lang/String;' in 'java/lang/ClassLoader')}
  0x000001d26412135c: 48be 789f | 7f00 d201 | 0000 4883 | 8668 0100 | 0001 418b | 500c 48c1 | e203 4883 

  0x000001d264121378: ;   {metadata(method data for {method} {0x000001d200024af0} 'defineClassSourceLocation' '(Ljava/security/ProtectionDomain;)Ljava/lang/String;' in 'java/lang/ClassLoader')}
  0x000001d264121378: fa00 48be | 789f 7f00 | d201 0000 | 48bf b001 | 0000 0000 | 0000 0f85 | 0a00 0000 | 48bf a001 
  0x000001d264121398: 0000 0000 | 0000 488b | 1c3e 488d | 5b01 4889 | 1c3e 0f85 | 0f00 0000 

  0x000001d2641213b0: ;   {oop(NULL)}
  0x000001d2641213b0: 48bb 0000 | 0000 0000 | 0000 e948 

  0x000001d2641213bc: ;   {metadata(method data for {method} {0x000001d200024af0} 'defineClassSourceLocation' '(Ljava/security/ProtectionDomain;)Ljava/lang/String;' in 'java/lang/ClassLoader')}
  0x000001d2641213bc: 0100 0048 | be78 9f7f | 00d2 0100 | 0048 8386 | c001 0000 | 0148 3b02 

  0x000001d2641213d4: ;   {metadata(method data for {method} {0x000001d200024af0} 'defineClassSourceLocation' '(Ljava/security/ProtectionDomain;)Ljava/lang/String;' in 'java/lang/ClassLoader')}
  0x000001d2641213d4: 4c8b c248 | be78 9f7f | 00d2 0100 | 0048 8386 | f801 0000 

  0x000001d2641213e8: ;   {metadata(method data for {method} {0x000001d2000e87f8} 'toString' '()Ljava/lang/String;' in 'java/net/URL')}
  0x000001d2641213e8: 0149 b870 | f679 00d2 | 0100 0041 | 8bb0 cc00 | 0000 83c6 | 0241 89b0 | cc00 0000 | 81e6 feff 
  0x000001d264121408: 1f00 83fe | 000f 84f0 | 0100 004c 

  0x000001d264121414: ;   {metadata(method data for {method} {0x000001d2000e87f8} 'toString' '()Ljava/lang/String;' in 'java/net/URL')}
  0x000001d264121414: 8bc2 48be | 70f6 7900 | d201 0000 | 4883 8610 | 0100 0001 

  0x000001d264121428: ;   {metadata(method data for {method} {0x000001d2000e88b0} 'toExternalForm' '()Ljava/lang/String;' in 'java/net/URL')}
  0x000001d264121428: 49b8 f8f7 | 7900 d201 | 0000 418b | b0cc 0000 | 0083 c602 | 4189 b0cc | 0000 0081 | e6fe ff1f 
  0x000001d264121448: 0083 fe00 | 0f84 d201 | 0000 8b72 | 3848 c1e6 | 0348 3b06 

  0x000001d26412145c: ;   {metadata(method data for {method} {0x000001d2000e88b0} 'toExternalForm' '()Ljava/lang/String;' in 'java/net/URL')}
  0x000001d26412145c: 4c8b c648 | bff8 f779 | 00d2 0100 | 0045 8b40 | 0849 ba00 | 0000 0008 | 0000 004d | 03c2 4c3b 
  0x000001d26412147c: 8720 0100 | 0075 0d48 | 8387 2801 | 0000 01e9 | 6600 0000 | 4c3b 8730 | 0100 0075 | 0d48 8387 
  0x000001d26412149c: 3801 0000 | 01e9 5000 | 0000 4881 | bf20 0100 | 0000 0000 | 0075 174c | 8987 2001 | 0000 48c7 
  0x000001d2641214bc: 8728 0100 | 0001 0000 | 00e9 2c00 | 0000 4881 | bf30 0100 | 0000 0000 | 0075 174c | 8987 3001 
  0x000001d2641214dc: 0000 48c7 | 8738 0100 | 0001 0000 | 00e9 0800 | 0000 4883 | 8710 0100 | 0001 4c8b | c248 8bd6 
  0x000001d2641214fc: ;   {optimized virtual_call}
  0x000001d2641214fc: 6666 90e8 

  0x000001d264121500: ; ImmutableOopMap {[120]=Oop [136]=Oop [128]=Oop [152]=Oop }
                      ;*invokevirtual toExternalForm {reexecute=0 rethrow=0 return_oop=0}
                      ; - java.net.URL::toExternalForm@5 (line 1039)
                      ; - java.net.URL::toString@1 (line 1025)
                      ; - java.lang.ClassLoader::defineClassSourceLocation@22 (line 917)
                      ; - java.lang.ClassLoader::defineClass@12 (line 1016)
  0x000001d264121500: 3c2b ffff | 488b d848 | 8b84 2498 | 0000 008b | b424 9400 | 0000 8bbc | 2490 0000 | 004c 8b8c 
  0x000001d264121520: 2488 0000 | 004c 8b84 | 2480 0000 | 0048 8b54 

  0x000001d264121530: ;   {metadata(method data for {method} {0x000001d200024d28} 'defineClass' '(Ljava/lang/String;[BIILjava/security/ProtectionDomain;)Ljava/lang/Class;' in 'java/lang/ClassLoader')}
  0x000001d264121530: 2478 48b9 | 6850 7f00 | d201 0000 | 4883 8180 | 0100 0001 | 4c8b da49 | 8bd3 488b | c848 891c 
  0x000001d264121550: 2466 0f1f 

  0x000001d264121554: ;   {static_call}
  0x000001d264121554: 4400 00e8 

  0x000001d264121558: ; ImmutableOopMap {[152]=Oop [120]=Oop }
                      ;*invokestatic defineClass1 {reexecute=0 rethrow=0 return_oop=0}
                      ; - java.lang.ClassLoader::defineClass@27 (line 1017)
  0x000001d264121558: e4ce a007 | 488b 5424 

  0x000001d264121560: ;   {metadata(method data for {method} {0x000001d200024d28} 'defineClass' '(Ljava/lang/String;[BIILjava/security/ProtectionDomain;)Ljava/lang/Class;' in 'java/lang/ClassLoader')}
  0x000001d264121560: 7849 b868 | 507f 00d2 | 0100 0049 | 8380 9001 | 0000 014c | 8bc0 4c8b | 8c24 9800 | 0000 488b 
  0x000001d264121580: 5424 7848 | 8984 24a0 | 0000 000f 

  0x000001d26412158c: ;   {optimized virtual_call}
  0x000001d26412158c: 1f40 00e8 

  0x000001d264121590: ; ImmutableOopMap {[160]=Oop }
                      ;*invokevirtual postDefineClass {reexecute=0 rethrow=0 return_oop=0}
                      ; - java.lang.ClassLoader::defineClass@37 (line 1018)
  0x000001d264121590: 0cce 0000 | 488b 8424 | a000 0000 | 4881 c4b0 | 0000 005d 

  0x000001d2641215a4: ;   {poll_return}
  0x000001d2641215a4: 493b a750 | 0300 000f | 8799 0000 

  0x000001d2641215b0: ;   {metadata({method} {0x000001d200024d28} 'defineClass' '(Ljava/lang/String;[BIILjava/security/ProtectionDomain;)Ljava/lang/Class;' in 'java/lang/ClassLoader')}
  0x000001d2641215b0: 00c3 49ba | 204d 0200 | d201 0000 | 4c89 5424 | 0848 c704 | 24ff ffff 

  0x000001d2641215c8: ;   {runtime_call counter_overflow Runtime1 stub}
  0x000001d2641215c8: ffe8 b287 

  0x000001d2641215cc: ; ImmutableOopMap {rdx=Oop [120]=Oop r8=Oop r9=Oop rcx=Oop }
                      ;*synchronization entry
                      ; - java.lang.ClassLoader::defineClass@-1 (line 1015)
  0x000001d2641215cc: 5407 e989 

  0x000001d2641215d0: ;   {metadata({method} {0x000001d200024af0} 'defineClassSourceLocation' '(Ljava/security/ProtectionDomain;)Ljava/lang/String;' in 'java/lang/ClassLoader')}
  0x000001d2641215d0: fcff ff49 | bae8 4a02 | 00d2 0100 | 004c 8954 | 2408 48c7 | 0424 ffff 

  0x000001d2641215e8: ;   {runtime_call counter_overflow Runtime1 stub}
  0x000001d2641215e8: ffff e891 

  0x000001d2641215ec: ; ImmutableOopMap {[120]=Oop [136]=Oop [128]=Oop rax=Oop [152]=Oop }
                      ;*synchronization entry
                      ; - java.lang.ClassLoader::defineClassSourceLocation@-1 (line 914)
                      ; - java.lang.ClassLoader::defineClass@12 (line 1016)
  0x000001d2641215ec: 8754 07e9 | f9fc ffff 

  0x000001d2641215f4: ;   {runtime_call throw_null_pointer_exception Runtime1 stub}
  0x000001d2641215f4: e8a7 3654 

  0x000001d2641215f8: ; ImmutableOopMap {[120]=Oop [136]=Oop [128]=Oop rax=Oop [152]=Oop }
                      ;*invokevirtual getCodeSource {reexecute=0 rethrow=0 return_oop=0}
                      ; - java.lang.ClassLoader::defineClassSourceLocation@1 (line 914)
                      ; - java.lang.ClassLoader::defineClass@12 (line 1016)
                      ;   {runtime_call throw_null_pointer_exception Runtime1 stub}
  0x000001d2641215f8: 07e8 a236 

  0x000001d2641215fc: ; ImmutableOopMap {[120]=Oop [136]=Oop [128]=Oop rax=Oop [152]=Oop r8=Oop }
                      ;*invokevirtual getLocation {reexecute=0 rethrow=0 return_oop=0}
                      ; - java.lang.ClassLoader::defineClassSourceLocation@12 (line 916)
                      ; - java.lang.ClassLoader::defineClass@12 (line 1016)
                      ;   {runtime_call throw_null_pointer_exception Runtime1 stub}
  0x000001d2641215fc: 5407 e89d 

  0x000001d264121600: ; ImmutableOopMap {[120]=Oop [136]=Oop [128]=Oop [152]=Oop rdx=Oop }
                      ;*invokevirtual toString {reexecute=0 rethrow=0 return_oop=0}
                      ; - java.lang.ClassLoader::defineClassSourceLocation@22 (line 917)
                      ; - java.lang.ClassLoader::defineClass@12 (line 1016)
                      ;   {metadata({method} {0x000001d2000e87f8} 'toString' '()Ljava/lang/String;' in 'java/net/URL')}
  0x000001d264121600: 3654 0749 | baf0 870e | 00d2 0100 | 004c 8954 | 2408 48c7 | 0424 ffff 

  0x000001d264121618: ;   {runtime_call counter_overflow Runtime1 stub}
  0x000001d264121618: ffff e861 

  0x000001d26412161c: ; ImmutableOopMap {[120]=Oop [136]=Oop [128]=Oop [152]=Oop rdx=Oop }
                      ;*synchronization entry
                      ; - java.net.URL::toString@-1 (line 1025)
                      ; - java.lang.ClassLoader::defineClassSourceLocation@22 (line 917)
                      ; - java.lang.ClassLoader::defineClass@12 (line 1016)
  0x000001d26412161c: 8754 07e9 | effd ffff 

  0x000001d264121624: ;   {metadata({method} {0x000001d2000e88b0} 'toExternalForm' '()Ljava/lang/String;' in 'java/net/URL')}
  0x000001d264121624: 49ba a888 | 0e00 d201 | 0000 4c89 | 5424 0848 | c704 24ff 

  0x000001d264121638: ;   {runtime_call counter_overflow Runtime1 stub}
  0x000001d264121638: ffff ffe8 

  0x000001d26412163c: ; ImmutableOopMap {[120]=Oop [136]=Oop [128]=Oop [152]=Oop rdx=Oop }
                      ;*synchronization entry
                      ; - java.net.URL::toExternalForm@-1 (line 1039)
                      ; - java.net.URL::toString@1 (line 1025)
                      ; - java.lang.ClassLoader::defineClassSourceLocation@22 (line 917)
                      ; - java.lang.ClassLoader::defineClass@12 (line 1016)
  0x000001d26412163c: 4087 5407 | e90d feff 

  0x000001d264121644: ;   {runtime_call throw_null_pointer_exception Runtime1 stub}
  0x000001d264121644: ffe8 5636 

  0x000001d264121648: ; ImmutableOopMap {[120]=Oop [136]=Oop [128]=Oop [152]=Oop rdx=Oop rsi=Oop }
                      ;*invokevirtual toExternalForm {reexecute=0 rethrow=0 return_oop=0}
                      ; - java.net.URL::toExternalForm@5 (line 1039)
                      ; - java.net.URL::toString@1 (line 1025)
                      ; - java.lang.ClassLoader::defineClassSourceLocation@22 (line 917)
                      ; - java.lang.ClassLoader::defineClass@12 (line 1016)
                      ;   {internal_word}
  0x000001d264121648: 5407 49ba | a415 1264 | d201 0000 | 4d89 9768 

  0x000001d264121658: ;   {runtime_call SafepointBlob}
  0x000001d264121658: 0300 00e9 | a063 4a07 | 9090 498b | 87e0 0300 | 0049 c787 | e003 0000 | 0000 0000 | 49c7 87e8 
  0x000001d264121678: 0300 0000 | 0000 0048 | 81c4 b000 

  0x000001d264121684: ;   {runtime_call unwind_exception Runtime1 stub}
  0x000001d264121684: 0000 5de9 | 7456 4b07 | f4f4 f4f4 | f4f4 f4f4 | f4f4 f4f4 | f4f4 f4f4 | f4f4 f4f4 
[Stub Code]
  0x000001d2641216a0: ;   {no_reloc}
  0x000001d2641216a0: 0f1f 4400 

  0x000001d2641216a4: ;   {static_stub}
  0x000001d2641216a4: 0048 bbf8 | 4902 00d2 

  0x000001d2641216ac: ;   {runtime_call I2C/C2I adapters}
  0x000001d2641216ac: 0100 00e9 | 2dc3 4907 

  0x000001d2641216b4: ;   {static_stub}
  0x000001d2641216b4: 9048 bb00 | 0000 0000 

  0x000001d2641216bc: ;   {runtime_call}
  0x000001d2641216bc: 0000 00e9 | fbff ffff 

  0x000001d2641216c4: ;   {static_stub}
  0x000001d2641216c4: 9048 bb40 | 4f02 00d2 

  0x000001d2641216cc: ;   {runtime_call I2C/C2I adapters}
  0x000001d2641216cc: 0100 00e9 | 2475 4907 

  0x000001d2641216d4: ;   {static_stub}
  0x000001d2641216d4: 9048 bbe8 | 4b02 00d2 

  0x000001d2641216dc: ;   {runtime_call I2C/C2I adapters}
  0x000001d2641216dc: 0100 00e9 | fdc2 4907 
[Exception Handler]
  0x000001d2641216e4: ;   {runtime_call handle_exception_from_callee Runtime1 stub}
  0x000001d2641216e4: e897 5354 

  0x000001d2641216e8: ;   {external_word}
  0x000001d2641216e8: 0748 b9e0 | 6d07 8cff | 7f00 0048 

  0x000001d2641216f4: ;   {runtime_call}
  0x000001d2641216f4: 83e4 f049 | ba30 cecf | 8bff 7f00 | 0041 ffd2 

  0x000001d264121704: ;   {section_word}
  0x000001d264121704: f449 ba05 | 1712 64d2 | 0100 0041 

  0x000001d264121710: ;   {runtime_call DeoptimizationBlob}
  0x000001d264121710: 52e9 8a55 | 4a07 f4f4 
[/MachCode]


Compiled method (c1)     777  427       3       java.security.SecureClassLoader::defineClass (16 bytes)
 total in heap  [0x000001d264109a90,0x000001d264109e80] = 1008
 relocation     [0x000001d264109be8,0x000001d264109c30] = 72
 main code      [0x000001d264109c40,0x000001d264109d80] = 320
 stub code      [0x000001d264109d80,0x000001d264109dd8] = 88
 metadata       [0x000001d264109dd8,0x000001d264109de0] = 8
 scopes data    [0x000001d264109de0,0x000001d264109e28] = 72
 scopes pcs     [0x000001d264109e28,0x000001d264109e78] = 80
 dependencies   [0x000001d264109e78,0x000001d264109e80] = 8

[Constant Pool (empty)]

[MachCode]
[Entry Point]
  # {method} {0x000001d20003da78} 'defineClass' '(Ljava/lang/String;[BIILjava/security/CodeSource;)Ljava/lang/Class;' in 'java/security/SecureClassLoader'
  # this:     rdx:rdx   = 'java/security/SecureClassLoader'
  # parm0:    r8:r8     = 'java/lang/String'
  # parm1:    r9:r9     = '[B'
  # parm2:    rdi       = int
  # parm3:    rsi       = int
  # parm4:    rcx:rcx   = 'java/security/CodeSource'
  #           [sp+0x80]  (sp of caller)
  0x000001d264109c40: 448b 5208 | 49bb 0000 | 0000 0800 | 0000 4d03 | d34c 3bd0 

  0x000001d264109c54: ;   {runtime_call ic_miss_stub}
  0x000001d264109c54: 0f85 2674 | 4b07 660f | 1f44 0000 
[Verified Entry Point]
  0x000001d264109c60: 8984 2400 | 90ff ff55 | 4883 ec70 

  0x000001d264109c6c: ;   {metadata(method data for {method} {0x000001d20003da78} 'defineClass' '(Ljava/lang/String;[BIILjava/security/CodeSource;)Ljava/lang/Class;' in 'java/security/SecureClassLoader')}
  0x000001d264109c6c: 48bb 28a7 | 7900 d201 | 0000 8b83 | cc00 0000 | 83c0 0289 | 83cc 0000 | 0081 e0fe | 0700 0083 
  0x000001d264109c8c: f800 0f84 | 8b00 0000 | 8974 245c | 897c 2458 | 4c89 4c24 | 504c 8944 | 2448 488b 

  0x000001d264109ca8: ;   {metadata(method data for {method} {0x000001d20003da78} 'defineClass' '(Ljava/lang/String;[BIILjava/security/CodeSource;)Ljava/lang/Class;' in 'java/security/SecureClassLoader')}
  0x000001d264109ca8: da48 b828 | a779 00d2 | 0100 0048 | 8380 1001 | 0000 014c | 8bc1 488b | c248 8bd0 | 4889 4424 
  0x000001d264109cc8: 4066 0f1f 

  0x000001d264109ccc: ;   {optimized virtual_call}
  0x000001d264109ccc: 4400 00e8 

  0x000001d264109cd0: ; ImmutableOopMap {[80]=Oop [64]=Oop [72]=Oop }
                      ;*invokevirtual getProtectionDomain {reexecute=0 rethrow=0 return_oop=0}
                      ; - java.security.SecureClassLoader::defineClass@9 (line 150)
  0x000001d264109cd0: cc6a 0100 | 488b 5424 

  0x000001d264109cd8: ;   {metadata(method data for {method} {0x000001d20003da78} 'defineClass' '(Ljava/lang/String;[BIILjava/security/CodeSource;)Ljava/lang/Class;' in 'java/security/SecureClassLoader')}
  0x000001d264109cd8: 4049 b828 | a779 00d2 | 0100 0049 | 8380 4801 | 0000 014c | 8b44 2448 | 4c8b 4c24 | 508b 7c24 
  0x000001d264109cf8: 588b 7424 | 5c48 8bc8 | 488b 5424 

  0x000001d264109d04: ;   {optimized virtual_call}
  0x000001d264109d04: 4066 90e8 

  0x000001d264109d08: ; ImmutableOopMap {}
                      ;*invokevirtual defineClass {reexecute=0 rethrow=0 return_oop=0}
                      ; - java.security.SecureClassLoader::defineClass@12 (line 150)
  0x000001d264109d08: 1475 0100 | 4883 c470 

  0x000001d264109d10: ;   {poll_return}
  0x000001d264109d10: 5d49 3ba7 | 5003 0000 | 0f87 2200 

  0x000001d264109d1c: ;   {metadata({method} {0x000001d20003da78} 'defineClass' '(Ljava/lang/String;[BIILjava/security/CodeSource;)Ljava/lang/Class;' in 'java/security/SecureClassLoader')}
  0x000001d264109d1c: 0000 c349 | ba70 da03 | 00d2 0100 | 004c 8954 | 2408 48c7 | 0424 ffff 

  0x000001d264109d34: ;   {runtime_call counter_overflow Runtime1 stub}
  0x000001d264109d34: ffff e845 

  0x000001d264109d38: ; ImmutableOopMap {rdx=Oop r8=Oop r9=Oop rcx=Oop }
                      ;*synchronization entry
                      ; - java.security.SecureClassLoader::defineClass@-1 (line 150)
  0x000001d264109d38: 0056 07e9 | 54ff ffff 

  0x000001d264109d40: ;   {internal_word}
  0x000001d264109d40: 49ba 119d | 1064 d201 | 0000 4d89 | 9768 0300 

  0x000001d264109d50: ;   {runtime_call SafepointBlob}
  0x000001d264109d50: 00e9 aadc | 4b07 9090 | 498b 87e0 | 0300 0049 | c787 e003 | 0000 0000 | 0000 49c7 | 87e8 0300 
  0x000001d264109d70: 0000 0000 | 0048 83c4 

  0x000001d264109d78: ;   {runtime_call unwind_exception Runtime1 stub}
  0x000001d264109d78: 705d e981 | cf4c 07f4 
[Stub Code]
  0x000001d264109d80: ;   {no_reloc}
  0x000001d264109d80: 0f1f 4400 

  0x000001d264109d84: ;   {static_stub}
  0x000001d264109d84: 0048 bb00 | dd03 00d2 

  0x000001d264109d8c: ;   {runtime_call I2C/C2I adapters}
  0x000001d264109d8c: 0100 00e9 | c9c8 4b07 

  0x000001d264109d94: ;   {static_stub}
  0x000001d264109d94: 9048 bb20 | 4d02 00d2 

  0x000001d264109d9c: ;   {runtime_call I2C/C2I adapters}
  0x000001d264109d9c: 0100 00e9 | 47d6 4a07 
[Exception Handler]
  0x000001d264109da4: ;   {runtime_call handle_exception_from_callee Runtime1 stub}
  0x000001d264109da4: e8d7 cc55 

  0x000001d264109da8: ;   {external_word}
  0x000001d264109da8: 0748 b9e0 | 6d07 8cff | 7f00 0048 

  0x000001d264109db4: ;   {runtime_call}
  0x000001d264109db4: 83e4 f049 | ba30 cecf | 8bff 7f00 | 0041 ffd2 

  0x000001d264109dc4: ;   {section_word}
  0x000001d264109dc4: f449 bac5 | 9d10 64d2 | 0100 0041 

  0x000001d264109dd0: ;   {runtime_call DeoptimizationBlob}
  0x000001d264109dd0: 52e9 cace | 4b07 f4f4 
[/MachCode]


---------------  P R O C E S S  ---------------

Threads class SMR info:
_java_thread_list=0x000001d27f833600, length=13, elements={
0x000001d260b570d0, 0x000001d27f636fe0, 0x000001d27f637c60, 0x000001d27f6b7560,
0x000001d27f6b7e30, 0x000001d27f6b87f0, 0x000001d27f6b95c0, 0x000001d27f6bb390,
0x000001d27f6ca0e0, 0x000001d27f6d6730, 0x000001d27f835010, 0x000001d27f837890,
0x000001d27f8ed2f0
}

Java Threads: ( => current thread )
=>0x000001d260b570d0 JavaThread "main" [_thread_in_vm, id=11560, stack(0x000000b472000000,0x000000b472100000)]
  0x000001d27f636fe0 JavaThread "Reference Handler" daemon [_thread_blocked, id=304, stack(0x000000b472700000,0x000000b472800000)]
  0x000001d27f637c60 JavaThread "Finalizer" daemon [_thread_blocked, id=10200, stack(0x000000b472800000,0x000000b472900000)]
  0x000001d27f6b7560 JavaThread "Signal Dispatcher" daemon [_thread_blocked, id=13152, stack(0x000000b472900000,0x000000b472a00000)]
  0x000001d27f6b7e30 JavaThread "Attach Listener" daemon [_thread_blocked, id=12468, stack(0x000000b472a00000,0x000000b472b00000)]
  0x000001d27f6b87f0 JavaThread "Service Thread" daemon [_thread_blocked, id=5448, stack(0x000000b472b00000,0x000000b472c00000)]
  0x000001d27f6b95c0 JavaThread "Monitor Deflation Thread" daemon [_thread_blocked, id=8536, stack(0x000000b472c00000,0x000000b472d00000)]
  0x000001d27f6bb390 JavaThread "C2 CompilerThread0" daemon [_thread_blocked, id=13196, stack(0x000000b472d00000,0x000000b472e00000)]
  0x000001d27f6ca0e0 JavaThread "C1 CompilerThread0" daemon [_thread_blocked, id=12820, stack(0x000000b472e00000,0x000000b472f00000)]
  0x000001d27f6d6730 JavaThread "Sweeper thread" daemon [_thread_blocked, id=8128, stack(0x000000b472f00000,0x000000b473000000)]
  0x000001d27f835010 JavaThread "Notification Thread" daemon [_thread_blocked, id=12124, stack(0x000000b473000000,0x000000b473100000)]
  0x000001d27f837890 JavaThread "Common-Cleaner" daemon [_thread_blocked, id=8748, stack(0x000000b473200000,0x000000b473300000)]
  0x000001d27f8ed2f0 JavaThread "C2 CompilerThread1" daemon [_thread_blocked, id=284, stack(0x000000b473300000,0x000000b473400000)]

Other Threads:
  0x000001d27f6668d0 VMThread "VM Thread" [stack: 0x000000b472600000,0x000000b472700000] [id=11612]
  0x000001d27f8380a0 WatcherThread [stack: 0x000000b473100000,0x000000b473200000] [id=12844]
  0x000001d260bc28b0 GCTaskThread "GC Thread#0" [stack: 0x000000b472100000,0x000000b472200000] [id=9832]
  0x000001d27f9ed0a0 GCTaskThread "GC Thread#1" [stack: 0x000000b473400000,0x000000b473500000] [id=10252]
  0x000001d204315680 GCTaskThread "GC Thread#2" [stack: 0x000000b473500000,0x000000b473600000] [id=12240]
  0x000001d2044301b0 GCTaskThread "GC Thread#3" [stack: 0x000000b473600000,0x000000b473700000] [id=13136]
  0x000001d2044304c0 GCTaskThread "GC Thread#4" [stack: 0x000000b473700000,0x000000b473800000] [id=13040]
  0x000001d260bd3ed0 ConcurrentGCThread "G1 Main Marker" [stack: 0x000000b472200000,0x000000b472300000] [id=11340]
  0x000001d260bd48f0 ConcurrentGCThread "G1 Conc#0" [stack: 0x000000b472300000,0x000000b472400000] [id=8204]
  0x000001d260c1e400 ConcurrentGCThread "G1 Refine#0" [stack: 0x000000b472400000,0x000000b472500000] [id=2164]
  0x000001d260c1ebd0 ConcurrentGCThread "G1 Service" [stack: 0x000000b472500000,0x000000b472600000] [id=11748]

Threads with active compile tasks:

VM state: not at safepoint (normal execution)

VM Mutex/Monitor currently owned by a thread:  ([mutex/lock_event])
[0x000001d25eadac90] Metaspace_lock - owner thread: 0x000001d260b570d0

Heap address: 0x0000000709400000, size: 3948 MB, Compressed Oops mode: Zero based, Oop shift amount: 3

CDS archive(s) not mapped
Compressed class space mapped at: 0x0000000800000000-0x0000000840000000, reserved size: 1073741824
Narrow klass base: 0x0000000800000000, Narrow klass shift: 0, Narrow klass range: 0x40000000

GC Precious Log:
 CPUs: 12 total, 12 available
 Memory: 15790M
 Large Page Support: Disabled
 NUMA Support: Disabled
 Compressed Oops: Enabled (Zero based)
 Heap Region Size: 2M
 Heap Min Capacity: 8M
 Heap Initial Capacity: 248M
 Heap Max Capacity: 3948M
 Pre-touch: Disabled
 Parallel Workers: 10
 Concurrent Workers: 3
 Concurrent Refinement Workers: 10
 Periodic GC: Disabled

Heap:
 garbage-first heap   total 253952K, used 39488K [0x0000000709400000, 0x0000000800000000)
  region size 2048K, 19 young (38912K), 2 survivors (4096K)
 Metaspace       used 21243K, committed 21376K, reserved 1114112K
  class space    used 2323K, committed 2432K, reserved 1048576K

Heap Regions: E=young(eden), S=young(survivor), O=old, HS=humongous(starts), HC=humongous(continues), CS=collection set, F=free, OA=open archive, CA=closed archive, TAMS=top-at-mark-start (previous, next)
|   0|0x0000000709400000, 0x0000000709600000, 0x0000000709600000|100%|HS|  |TAMS 0x0000000709400000, 0x0000000709400000| Complete 
|   1|0x0000000709600000, 0x0000000709800000, 0x0000000709800000|100%|HC|  |TAMS 0x0000000709600000, 0x0000000709600000| Complete 
|   2|0x0000000709800000, 0x0000000709800000, 0x0000000709a00000|  0%| F|  |TAMS 0x0000000709800000, 0x0000000709800000| Untracked 
|   3|0x0000000709a00000, 0x0000000709a00000, 0x0000000709c00000|  0%| F|  |TAMS 0x0000000709a00000, 0x0000000709a00000| Untracked 
|   4|0x0000000709c00000, 0x0000000709c00000, 0x0000000709e00000|  0%| F|  |TAMS 0x0000000709c00000, 0x0000000709c00000| Untracked 
|   5|0x0000000709e00000, 0x0000000709e00000, 0x000000070a000000|  0%| F|  |TAMS 0x0000000709e00000, 0x0000000709e00000| Untracked 
|   6|0x000000070a000000, 0x000000070a000000, 0x000000070a200000|  0%| F|  |TAMS 0x000000070a000000, 0x000000070a000000| Untracked 
|   7|0x000000070a200000, 0x000000070a200000, 0x000000070a400000|  0%| F|  |TAMS 0x000000070a200000, 0x000000070a200000| Untracked 
|   8|0x000000070a400000, 0x000000070a400000, 0x000000070a600000|  0%| F|  |TAMS 0x000000070a400000, 0x000000070a400000| Untracked 
|   9|0x000000070a600000, 0x000000070a600000, 0x000000070a800000|  0%| F|  |TAMS 0x000000070a600000, 0x000000070a600000| Untracked 
|  10|0x000000070a800000, 0x000000070a800000, 0x000000070aa00000|  0%| F|  |TAMS 0x000000070a800000, 0x000000070a800000| Untracked 
|  11|0x000000070aa00000, 0x000000070aa00000, 0x000000070ac00000|  0%| F|  |TAMS 0x000000070aa00000, 0x000000070aa00000| Untracked 
|  12|0x000000070ac00000, 0x000000070ac00000, 0x000000070ae00000|  0%| F|  |TAMS 0x000000070ac00000, 0x000000070ac00000| Untracked 
|  13|0x000000070ae00000, 0x000000070ae00000, 0x000000070b000000|  0%| F|  |TAMS 0x000000070ae00000, 0x000000070ae00000| Untracked 
|  14|0x000000070b000000, 0x000000070b000000, 0x000000070b200000|  0%| F|  |TAMS 0x000000070b000000, 0x000000070b000000| Untracked 
|  15|0x000000070b200000, 0x000000070b200000, 0x000000070b400000|  0%| F|  |TAMS 0x000000070b200000, 0x000000070b200000| Untracked 
|  16|0x000000070b400000, 0x000000070b400000, 0x000000070b600000|  0%| F|  |TAMS 0x000000070b400000, 0x000000070b400000| Untracked 
|  17|0x000000070b600000, 0x000000070b600000, 0x000000070b800000|  0%| F|  |TAMS 0x000000070b600000, 0x000000070b600000| Untracked 
|  18|0x000000070b800000, 0x000000070b800000, 0x000000070ba00000|  0%| F|  |TAMS 0x000000070b800000, 0x000000070b800000| Untracked 
|  19|0x000000070ba00000, 0x000000070ba00000, 0x000000070bc00000|  0%| F|  |TAMS 0x000000070ba00000, 0x000000070ba00000| Untracked 
|  20|0x000000070bc00000, 0x000000070bc00000, 0x000000070be00000|  0%| F|  |TAMS 0x000000070bc00000, 0x000000070bc00000| Untracked 
|  21|0x000000070be00000, 0x000000070be00000, 0x000000070c000000|  0%| F|  |TAMS 0x000000070be00000, 0x000000070be00000| Untracked 
|  22|0x000000070c000000, 0x000000070c000000, 0x000000070c200000|  0%| F|  |TAMS 0x000000070c000000, 0x000000070c000000| Untracked 
|  23|0x000000070c200000, 0x000000070c200000, 0x000000070c400000|  0%| F|  |TAMS 0x000000070c200000, 0x000000070c200000| Untracked 
|  24|0x000000070c400000, 0x000000070c400000, 0x000000070c600000|  0%| F|  |TAMS 0x000000070c400000, 0x000000070c400000| Untracked 
|  25|0x000000070c600000, 0x000000070c600000, 0x000000070c800000|  0%| F|  |TAMS 0x000000070c600000, 0x000000070c600000| Untracked 
|  26|0x000000070c800000, 0x000000070c800000, 0x000000070ca00000|  0%| F|  |TAMS 0x000000070c800000, 0x000000070c800000| Untracked 
|  27|0x000000070ca00000, 0x000000070ca00000, 0x000000070cc00000|  0%| F|  |TAMS 0x000000070ca00000, 0x000000070ca00000| Untracked 
|  28|0x000000070cc00000, 0x000000070cc00000, 0x000000070ce00000|  0%| F|  |TAMS 0x000000070cc00000, 0x000000070cc00000| Untracked 
|  29|0x000000070ce00000, 0x000000070ce00000, 0x000000070d000000|  0%| F|  |TAMS 0x000000070ce00000, 0x000000070ce00000| Untracked 
|  30|0x000000070d000000, 0x000000070d000000, 0x000000070d200000|  0%| F|  |TAMS 0x000000070d000000, 0x000000070d000000| Untracked 
|  31|0x000000070d200000, 0x000000070d200000, 0x000000070d400000|  0%| F|  |TAMS 0x000000070d200000, 0x000000070d200000| Untracked 
|  32|0x000000070d400000, 0x000000070d400000, 0x000000070d600000|  0%| F|  |TAMS 0x000000070d400000, 0x000000070d400000| Untracked 
|  33|0x000000070d600000, 0x000000070d600000, 0x000000070d800000|  0%| F|  |TAMS 0x000000070d600000, 0x000000070d600000| Untracked 
|  34|0x000000070d800000, 0x000000070d800000, 0x000000070da00000|  0%| F|  |TAMS 0x000000070d800000, 0x000000070d800000| Untracked 
|  35|0x000000070da00000, 0x000000070da00000, 0x000000070dc00000|  0%| F|  |TAMS 0x000000070da00000, 0x000000070da00000| Untracked 
|  36|0x000000070dc00000, 0x000000070dc00000, 0x000000070de00000|  0%| F|  |TAMS 0x000000070dc00000, 0x000000070dc00000| Untracked 
|  37|0x000000070de00000, 0x000000070de00000, 0x000000070e000000|  0%| F|  |TAMS 0x000000070de00000, 0x000000070de00000| Untracked 
|  38|0x000000070e000000, 0x000000070e000000, 0x000000070e200000|  0%| F|  |TAMS 0x000000070e000000, 0x000000070e000000| Untracked 
|  39|0x000000070e200000, 0x000000070e200000, 0x000000070e400000|  0%| F|  |TAMS 0x000000070e200000, 0x000000070e200000| Untracked 
|  40|0x000000070e400000, 0x000000070e400000, 0x000000070e600000|  0%| F|  |TAMS 0x000000070e400000, 0x000000070e400000| Untracked 
|  41|0x000000070e600000, 0x000000070e600000, 0x000000070e800000|  0%| F|  |TAMS 0x000000070e600000, 0x000000070e600000| Untracked 
|  42|0x000000070e800000, 0x000000070e800000, 0x000000070ea00000|  0%| F|  |TAMS 0x000000070e800000, 0x000000070e800000| Untracked 
|  43|0x000000070ea00000, 0x000000070ea00000, 0x000000070ec00000|  0%| F|  |TAMS 0x000000070ea00000, 0x000000070ea00000| Untracked 
|  44|0x000000070ec00000, 0x000000070ec00000, 0x000000070ee00000|  0%| F|  |TAMS 0x000000070ec00000, 0x000000070ec00000| Untracked 
|  45|0x000000070ee00000, 0x000000070ee00000, 0x000000070f000000|  0%| F|  |TAMS 0x000000070ee00000, 0x000000070ee00000| Untracked 
|  46|0x000000070f000000, 0x000000070f000000, 0x000000070f200000|  0%| F|  |TAMS 0x000000070f000000, 0x000000070f000000| Untracked 
|  47|0x000000070f200000, 0x000000070f200000, 0x000000070f400000|  0%| F|  |TAMS 0x000000070f200000, 0x000000070f200000| Untracked 
|  48|0x000000070f400000, 0x000000070f400000, 0x000000070f600000|  0%| F|  |TAMS 0x000000070f400000, 0x000000070f400000| Untracked 
|  49|0x000000070f600000, 0x000000070f600000, 0x000000070f800000|  0%| F|  |TAMS 0x000000070f600000, 0x000000070f600000| Untracked 
|  50|0x000000070f800000, 0x000000070f800000, 0x000000070fa00000|  0%| F|  |TAMS 0x000000070f800000, 0x000000070f800000| Untracked 
|  51|0x000000070fa00000, 0x000000070fa00000, 0x000000070fc00000|  0%| F|  |TAMS 0x000000070fa00000, 0x000000070fa00000| Untracked 
|  52|0x000000070fc00000, 0x000000070fc00000, 0x000000070fe00000|  0%| F|  |TAMS 0x000000070fc00000, 0x000000070fc00000| Untracked 
|  53|0x000000070fe00000, 0x000000070fe00000, 0x0000000710000000|  0%| F|  |TAMS 0x000000070fe00000, 0x000000070fe00000| Untracked 
|  54|0x0000000710000000, 0x0000000710000000, 0x0000000710200000|  0%| F|  |TAMS 0x0000000710000000, 0x0000000710000000| Untracked 
|  55|0x0000000710200000, 0x0000000710200000, 0x0000000710400000|  0%| F|  |TAMS 0x0000000710200000, 0x0000000710200000| Untracked 
|  56|0x0000000710400000, 0x0000000710400000, 0x0000000710600000|  0%| F|  |TAMS 0x0000000710400000, 0x0000000710400000| Untracked 
|  57|0x0000000710600000, 0x0000000710600000, 0x0000000710800000|  0%| F|  |TAMS 0x0000000710600000, 0x0000000710600000| Untracked 
|  58|0x0000000710800000, 0x0000000710800000, 0x0000000710a00000|  0%| F|  |TAMS 0x0000000710800000, 0x0000000710800000| Untracked 
|  59|0x0000000710a00000, 0x0000000710a00000, 0x0000000710c00000|  0%| F|  |TAMS 0x0000000710a00000, 0x0000000710a00000| Untracked 
|  60|0x0000000710c00000, 0x0000000710c00000, 0x0000000710e00000|  0%| F|  |TAMS 0x0000000710c00000, 0x0000000710c00000| Untracked 
|  61|0x0000000710e00000, 0x0000000710e00000, 0x0000000711000000|  0%| F|  |TAMS 0x0000000710e00000, 0x0000000710e00000| Untracked 
|  62|0x0000000711000000, 0x0000000711000000, 0x0000000711200000|  0%| F|  |TAMS 0x0000000711000000, 0x0000000711000000| Untracked 
|  63|0x0000000711200000, 0x0000000711200000, 0x0000000711400000|  0%| F|  |TAMS 0x0000000711200000, 0x0000000711200000| Untracked 
|  64|0x0000000711400000, 0x0000000711400000, 0x0000000711600000|  0%| F|  |TAMS 0x0000000711400000, 0x0000000711400000| Untracked 
|  65|0x0000000711600000, 0x0000000711600000, 0x0000000711800000|  0%| F|  |TAMS 0x0000000711600000, 0x0000000711600000| Untracked 
|  66|0x0000000711800000, 0x0000000711800000, 0x0000000711a00000|  0%| F|  |TAMS 0x0000000711800000, 0x0000000711800000| Untracked 
|  67|0x0000000711a00000, 0x0000000711a00000, 0x0000000711c00000|  0%| F|  |TAMS 0x0000000711a00000, 0x0000000711a00000| Untracked 
|  68|0x0000000711c00000, 0x0000000711c00000, 0x0000000711e00000|  0%| F|  |TAMS 0x0000000711c00000, 0x0000000711c00000| Untracked 
|  69|0x0000000711e00000, 0x0000000711e00000, 0x0000000712000000|  0%| F|  |TAMS 0x0000000711e00000, 0x0000000711e00000| Untracked 
|  70|0x0000000712000000, 0x0000000712000000, 0x0000000712200000|  0%| F|  |TAMS 0x0000000712000000, 0x0000000712000000| Untracked 
|  71|0x0000000712200000, 0x0000000712200000, 0x0000000712400000|  0%| F|  |TAMS 0x0000000712200000, 0x0000000712200000| Untracked 
|  72|0x0000000712400000, 0x0000000712400000, 0x0000000712600000|  0%| F|  |TAMS 0x0000000712400000, 0x0000000712400000| Untracked 
|  73|0x0000000712600000, 0x0000000712600000, 0x0000000712800000|  0%| F|  |TAMS 0x0000000712600000, 0x0000000712600000| Untracked 
|  74|0x0000000712800000, 0x0000000712800000, 0x0000000712a00000|  0%| F|  |TAMS 0x0000000712800000, 0x0000000712800000| Untracked 
|  75|0x0000000712a00000, 0x0000000712a00000, 0x0000000712c00000|  0%| F|  |TAMS 0x0000000712a00000, 0x0000000712a00000| Untracked 
|  76|0x0000000712c00000, 0x0000000712c00000, 0x0000000712e00000|  0%| F|  |TAMS 0x0000000712c00000, 0x0000000712c00000| Untracked 
|  77|0x0000000712e00000, 0x0000000712e00000, 0x0000000713000000|  0%| F|  |TAMS 0x0000000712e00000, 0x0000000712e00000| Untracked 
|  78|0x0000000713000000, 0x0000000713000000, 0x0000000713200000|  0%| F|  |TAMS 0x0000000713000000, 0x0000000713000000| Untracked 
|  79|0x0000000713200000, 0x0000000713200000, 0x0000000713400000|  0%| F|  |TAMS 0x0000000713200000, 0x0000000713200000| Untracked 
|  80|0x0000000713400000, 0x0000000713400000, 0x0000000713600000|  0%| F|  |TAMS 0x0000000713400000, 0x0000000713400000| Untracked 
|  81|0x0000000713600000, 0x0000000713600000, 0x0000000713800000|  0%| F|  |TAMS 0x0000000713600000, 0x0000000713600000| Untracked 
|  82|0x0000000713800000, 0x0000000713800000, 0x0000000713a00000|  0%| F|  |TAMS 0x0000000713800000, 0x0000000713800000| Untracked 
|  83|0x0000000713a00000, 0x0000000713a00000, 0x0000000713c00000|  0%| F|  |TAMS 0x0000000713a00000, 0x0000000713a00000| Untracked 
|  84|0x0000000713c00000, 0x0000000713c00000, 0x0000000713e00000|  0%| F|  |TAMS 0x0000000713c00000, 0x0000000713c00000| Untracked 
|  85|0x0000000713e00000, 0x0000000713e00000, 0x0000000714000000|  0%| F|  |TAMS 0x0000000713e00000, 0x0000000713e00000| Untracked 
|  86|0x0000000714000000, 0x0000000714000000, 0x0000000714200000|  0%| F|  |TAMS 0x0000000714000000, 0x0000000714000000| Untracked 
|  87|0x0000000714200000, 0x0000000714200000, 0x0000000714400000|  0%| F|  |TAMS 0x0000000714200000, 0x0000000714200000| Untracked 
|  88|0x0000000714400000, 0x0000000714400000, 0x0000000714600000|  0%| F|  |TAMS 0x0000000714400000, 0x0000000714400000| Untracked 
|  89|0x0000000714600000, 0x0000000714600000, 0x0000000714800000|  0%| F|  |TAMS 0x0000000714600000, 0x0000000714600000| Untracked 
|  90|0x0000000714800000, 0x0000000714800000, 0x0000000714a00000|  0%| F|  |TAMS 0x0000000714800000, 0x0000000714800000| Untracked 
|  91|0x0000000714a00000, 0x0000000714a00000, 0x0000000714c00000|  0%| F|  |TAMS 0x0000000714a00000, 0x0000000714a00000| Untracked 
|  92|0x0000000714c00000, 0x0000000714c00000, 0x0000000714e00000|  0%| F|  |TAMS 0x0000000714c00000, 0x0000000714c00000| Untracked 
|  93|0x0000000714e00000, 0x0000000714e00000, 0x0000000715000000|  0%| F|  |TAMS 0x0000000714e00000, 0x0000000714e00000| Untracked 
|  94|0x0000000715000000, 0x0000000715000000, 0x0000000715200000|  0%| F|  |TAMS 0x0000000715000000, 0x0000000715000000| Untracked 
|  95|0x0000000715200000, 0x0000000715200000, 0x0000000715400000|  0%| F|  |TAMS 0x0000000715200000, 0x0000000715200000| Untracked 
|  96|0x0000000715400000, 0x0000000715400000, 0x0000000715600000|  0%| F|  |TAMS 0x0000000715400000, 0x0000000715400000| Untracked 
|  97|0x0000000715600000, 0x0000000715600000, 0x0000000715800000|  0%| F|  |TAMS 0x0000000715600000, 0x0000000715600000| Untracked 
|  98|0x0000000715800000, 0x0000000715800000, 0x0000000715a00000|  0%| F|  |TAMS 0x0000000715800000, 0x0000000715800000| Untracked 
|  99|0x0000000715a00000, 0x0000000715a00000, 0x0000000715c00000|  0%| F|  |TAMS 0x0000000715a00000, 0x0000000715a00000| Untracked 
| 100|0x0000000715c00000, 0x0000000715c00000, 0x0000000715e00000|  0%| F|  |TAMS 0x0000000715c00000, 0x0000000715c00000| Untracked 
| 101|0x0000000715e00000, 0x0000000715e00000, 0x0000000716000000|  0%| F|  |TAMS 0x0000000715e00000, 0x0000000715e00000| Untracked 
| 102|0x0000000716000000, 0x0000000716000000, 0x0000000716200000|  0%| F|  |TAMS 0x0000000716000000, 0x0000000716000000| Untracked 
| 103|0x0000000716200000, 0x0000000716200000, 0x0000000716400000|  0%| F|  |TAMS 0x0000000716200000, 0x0000000716200000| Untracked 
| 104|0x0000000716400000, 0x0000000716400000, 0x0000000716600000|  0%| F|  |TAMS 0x0000000716400000, 0x0000000716400000| Untracked 
| 105|0x0000000716600000, 0x0000000716789e28, 0x0000000716800000| 76%| E|  |TAMS 0x0000000716600000, 0x0000000716600000| Complete 
| 106|0x0000000716800000, 0x0000000716a00000, 0x0000000716a00000|100%| E|CS|TAMS 0x0000000716800000, 0x0000000716800000| Complete 
| 107|0x0000000716a00000, 0x0000000716c00000, 0x0000000716c00000|100%| E|CS|TAMS 0x0000000716a00000, 0x0000000716a00000| Complete 
| 108|0x0000000716c00000, 0x0000000716e00000, 0x0000000716e00000|100%| E|CS|TAMS 0x0000000716c00000, 0x0000000716c00000| Complete 
| 109|0x0000000716e00000, 0x0000000717000000, 0x0000000717000000|100%| E|CS|TAMS 0x0000000716e00000, 0x0000000716e00000| Complete 
| 110|0x0000000717000000, 0x0000000717200000, 0x0000000717200000|100%| E|CS|TAMS 0x0000000717000000, 0x0000000717000000| Complete 
| 111|0x0000000717200000, 0x0000000717290000, 0x0000000717400000| 28%| S|CS|TAMS 0x0000000717200000, 0x0000000717200000| Complete 
| 112|0x0000000717400000, 0x0000000717600000, 0x0000000717600000|100%| S|CS|TAMS 0x0000000717400000, 0x0000000717400000| Complete 
| 113|0x0000000717600000, 0x0000000717800000, 0x0000000717800000|100%| E|CS|TAMS 0x0000000717600000, 0x0000000717600000| Complete 
| 114|0x0000000717800000, 0x0000000717a00000, 0x0000000717a00000|100%| E|CS|TAMS 0x0000000717800000, 0x0000000717800000| Complete 
| 115|0x0000000717a00000, 0x0000000717c00000, 0x0000000717c00000|100%| E|CS|TAMS 0x0000000717a00000, 0x0000000717a00000| Complete 
| 116|0x0000000717c00000, 0x0000000717e00000, 0x0000000717e00000|100%| E|CS|TAMS 0x0000000717c00000, 0x0000000717c00000| Complete 
| 117|0x0000000717e00000, 0x0000000718000000, 0x0000000718000000|100%| E|CS|TAMS 0x0000000717e00000, 0x0000000717e00000| Complete 
| 118|0x0000000718000000, 0x0000000718200000, 0x0000000718200000|100%| E|CS|TAMS 0x0000000718000000, 0x0000000718000000| Complete 
| 119|0x0000000718200000, 0x0000000718400000, 0x0000000718400000|100%| E|CS|TAMS 0x0000000718200000, 0x0000000718200000| Complete 
| 120|0x0000000718400000, 0x0000000718600000, 0x0000000718600000|100%| E|CS|TAMS 0x0000000718400000, 0x0000000718400000| Complete 
| 121|0x0000000718600000, 0x0000000718800000, 0x0000000718800000|100%| E|CS|TAMS 0x0000000718600000, 0x0000000718600000| Complete 
| 122|0x0000000718800000, 0x0000000718a00000, 0x0000000718a00000|100%| E|CS|TAMS 0x0000000718800000, 0x0000000718800000| Complete 
| 123|0x0000000718a00000, 0x0000000718c00000, 0x0000000718c00000|100%| E|CS|TAMS 0x0000000718a00000, 0x0000000718a00000| Complete 

Card table byte_map: [0x000001d273d50000,0x000001d274510000] _byte_map_base: 0x000001d270506000

Marking Bits (Prev, Next): (CMBitMap*) 0x000001d260bc2ed0, (CMBitMap*) 0x000001d260bc2f10
 Prev Bits: [0x000001d274cd0000, 0x000001d278a80000)
 Next Bits: [0x000001d278a80000, 0x000001d27c830000)

Polling page: 0x000001d25eaf0000

Metaspace:

Usage:
  Non-class:     18.48 MB used.
      Class:      2.27 MB used.
       Both:     20.75 MB used.

Virtual space:
  Non-class space:       64.00 MB reserved,      18.50 MB ( 29%) committed,  1 nodes.
      Class space:        1.00 GB reserved,       2.38 MB ( <1%) committed,  1 nodes.
             Both:        1.06 GB reserved,      20.88 MB (  2%) committed. 

Chunk freelists:
   Non-Class:  12.98 MB
       Class:  13.53 MB
        Both:  26.52 MB

MaxMetaspaceSize: unlimited
CompressedClassSpaceSize: 1.00 GB
Initial GC threshold: 21.00 MB
Current GC threshold: 21.00 MB
CDS: off
MetaspaceReclaimPolicy: balanced
 - commit_granule_bytes: 65536.
 - commit_granule_words: 8192.
 - virtual_space_node_default_size: 8388608.
 - enlarge_chunks_in_place: 1.
 - new_chunks_are_fully_committed: 0.
 - uncommit_free_chunks: 1.
 - use_allocation_guard: 0.
 - handle_deallocations: 1.


Internal statistics:

num_allocs_failed_limit: 0.
num_arena_births: 58.
num_arena_deaths: 0.
num_vsnodes_births: 2.
num_vsnodes_deaths: 0.
num_space_committed: 334.
num_space_uncommitted: 0.
num_chunks_returned_to_freelist: 0.
num_chunks_taken_from_freelist: 514.
num_chunk_merges: 0.
num_chunk_splits: 418.
num_chunks_enlarged: 376.
num_inconsistent_stats: 0.

CodeHeap 'non-profiled nmethods': size=120000Kb used=512Kb max_used=512Kb free=119487Kb
 bounds [0x000001d26bb10000, 0x000001d26bd80000, 0x000001d273040000]
CodeHeap 'profiled nmethods': size=120000Kb used=2927Kb max_used=2927Kb free=117072Kb
 bounds [0x000001d264040000, 0x000001d264320000, 0x000001d26b570000]
CodeHeap 'non-nmethods': size=5760Kb used=1196Kb max_used=1220Kb free=4563Kb
 bounds [0x000001d26b570000, 0x000001d26b7e0000, 0x000001d26bb10000]
 total_blobs=2028 nmethods=1541 adapters=399
 compilation: enabled
              stopped_count=0, restarted_count=0
 full_count=0

Compilation events (20 events):
Event: 0.744 Thread 0x000001d27f6ca0e0 1527       3       jdk.internal.org.objectweb.asm.Edge::<init> (20 bytes)
Event: 0.744 Thread 0x000001d27f6ca0e0 nmethod 1527 0x000001d264318f10 code [0x000001d2643190c0, 0x000001d2643192f8]
Event: 0.744 Thread 0x000001d27f6ca0e0 1530       3       java.lang.reflect.ProxyGenerator::dotToSlash (9 bytes)
Event: 0.744 Thread 0x000001d27f6ca0e0 nmethod 1530 0x000001d264319390 code [0x000001d264319520, 0x000001d264319648]
Event: 0.744 Thread 0x000001d27f6ca0e0 1529       3       java.lang.invoke.MethodType::toMethodDescriptorString (28 bytes)
Event: 0.745 Thread 0x000001d27f6ca0e0 nmethod 1529 0x000001d264319710 code [0x000001d2643198c0, 0x000001d264319aa8]
Event: 0.745 Thread 0x000001d27f6ca0e0 1531       3       java.lang.invoke.MethodTypeForm::canonicalize (59 bytes)
Event: 0.745 Thread 0x000001d27f6ca0e0 nmethod 1531 0x000001d264319b90 code [0x000001d264319d60, 0x000001d26431a088]
Event: 0.745 Thread 0x000001d27f6ca0e0 1532       3       java.lang.invoke.MethodType$ConcurrentWeakInternSet::add (66 bytes)
Event: 0.746 Thread 0x000001d27f6ca0e0 nmethod 1532 0x000001d26431a210 code [0x000001d26431a480, 0x000001d26431b2a8]
Event: 0.746 Thread 0x000001d27f6ca0e0 1535       3       java.lang.invoke.MemberName::flagsMods (73 bytes)
Event: 0.746 Thread 0x000001d27f6ca0e0 nmethod 1535 0x000001d26431b710 code [0x000001d26431b8a0, 0x000001d26431b9d8]
Event: 0.746 Thread 0x000001d27f6ca0e0 1536       3       java.lang.invoke.MemberName::init (67 bytes)
Event: 0.746 Thread 0x000001d27f6ca0e0 nmethod 1536 0x000001d26431ba90 code [0x000001d26431bc40, 0x000001d26431be98]
Event: 0.747 Thread 0x000001d27f6bb390 1537       4       java.util.WeakHashMap::hash (28 bytes)
Event: 0.747 Thread 0x000001d27f8ed2f0 1538   !   4       java.util.WeakHashMap::expungeStaleEntries (139 bytes)
Event: 0.747 Thread 0x000001d27f6bb390 nmethod 1537 0x000001d26bb8db90 code [0x000001d26bb8dd20, 0x000001d26bb8de38]
Event: 0.749 Thread 0x000001d27f6bb390 1539       4       java.lang.String::regionMatches (150 bytes)
Event: 0.749 Thread 0x000001d27f8ed2f0 nmethod 1538 0x000001d26bb8df10 code [0x000001d26bb8e0a0, 0x000001d26bb8e3a8]
Event: 0.749 Thread 0x000001d27f8ed2f0 1540       4       java.lang.StringLatin1::regionMatchesCI (98 bytes)

GC Heap History (2 events):
Event: 0.365 GC heap before
{Heap before GC invocations=0 (full 0):
 garbage-first heap   total 253952K, used 24576K [0x0000000709400000, 0x0000000800000000)
  region size 2048K, 11 young (22528K), 0 survivors (0K)
 Metaspace       used 12936K, committed 12992K, reserved 1114112K
  class space    used 1237K, committed 1280K, reserved 1048576K
}
Event: 0.367 GC heap after
{Heap after GC invocations=1 (full 0):
 garbage-first heap   total 253952K, used 6720K [0x0000000709400000, 0x0000000800000000)
  region size 2048K, 2 young (4096K), 2 survivors (4096K)
 Metaspace       used 12936K, committed 12992K, reserved 1114112K
  class space    used 1237K, committed 1280K, reserved 1048576K
}

Dll operation events (1 events):
Event: 0.004 Loaded shared library C:\Program Files\Android\Android Studio\jbr\bin\java.dll

Deoptimization events (20 events):
Event: 0.427 Thread 0x000001d260b570d0 DEOPT PACKING pc=0x000001d26bb403c0 sp=0x000000b4720fbbb0
Event: 0.427 Thread 0x000001d260b570d0 DEOPT UNPACKING pc=0x000001d26b5c69a3 sp=0x000000b4720fba98 mode 2
Event: 0.435 Thread 0x000001d260b570d0 Uncommon trap: trap_request=0xffffff45 fr.pc=0x000001d26bb38c54 relative=0x0000000000000414
Event: 0.435 Thread 0x000001d260b570d0 Uncommon trap: reason=unstable_if action=reinterpret pc=0x000001d26bb38c54 method=java.util.concurrent.ConcurrentHashMap.get(Ljava/lang/Object;)Ljava/lang/Object; @ 152 c2
Event: 0.435 Thread 0x000001d260b570d0 DEOPT PACKING pc=0x000001d26bb38c54 sp=0x000000b4720fc080
Event: 0.435 Thread 0x000001d260b570d0 DEOPT UNPACKING pc=0x000001d26b5c69a3 sp=0x000000b4720fc008 mode 2
Event: 0.473 Thread 0x000001d260b570d0 Uncommon trap: trap_request=0xffffff45 fr.pc=0x000001d26bb42a48 relative=0x0000000000000508
Event: 0.473 Thread 0x000001d260b570d0 Uncommon trap: reason=unstable_if action=reinterpret pc=0x000001d26bb42a48 method=java.util.ArrayList.grow(I)[Ljava/lang/Object; @ 17 c2
Event: 0.473 Thread 0x000001d260b570d0 DEOPT PACKING pc=0x000001d26bb42a48 sp=0x000000b4720fd8c0
Event: 0.473 Thread 0x000001d260b570d0 DEOPT UNPACKING pc=0x000001d26b5c69a3 sp=0x000000b4720fd748 mode 2
Event: 0.575 Thread 0x000001d260b570d0 DEOPT PACKING pc=0x000001d2642a0134 sp=0x000000b4720fdc60
Event: 0.575 Thread 0x000001d260b570d0 DEOPT UNPACKING pc=0x000001d26b5c7143 sp=0x000000b4720fd230 mode 0
Event: 0.603 Thread 0x000001d260b570d0 Uncommon trap: trap_request=0xffffff45 fr.pc=0x000001d26bb4f768 relative=0x00000000000000c8
Event: 0.603 Thread 0x000001d260b570d0 Uncommon trap: reason=unstable_if action=reinterpret pc=0x000001d26bb4f768 method=java.lang.Integer.valueOf(I)Ljava/lang/Integer; @ 3 c2
Event: 0.603 Thread 0x000001d260b570d0 DEOPT PACKING pc=0x000001d26bb4f768 sp=0x000000b4720fc760
Event: 0.603 Thread 0x000001d260b570d0 DEOPT UNPACKING pc=0x000001d26b5c69a3 sp=0x000000b4720fc6f8 mode 2
Event: 0.622 Thread 0x000001d260b570d0 Uncommon trap: trap_request=0xffffff6e fr.pc=0x000001d26bb1d544 relative=0x0000000000000144
Event: 0.622 Thread 0x000001d260b570d0 Uncommon trap: reason=loop_limit_check action=maybe_recompile pc=0x000001d26bb1d544 method=java.lang.StringLatin1.lastIndexOf([BII)I @ 19 c2
Event: 0.622 Thread 0x000001d260b570d0 DEOPT PACKING pc=0x000001d26bb1d544 sp=0x000000b4720fd2c0
Event: 0.622 Thread 0x000001d260b570d0 DEOPT UNPACKING pc=0x000001d26b5c69a3 sp=0x000000b4720fd240 mode 2

Classes unloaded (0 events):
No events

Classes redefined (0 events):
No events

Internal exceptions (9 events):
Event: 0.551 Thread 0x000001d260b570d0 Exception <a 'java/lang/NoSuchMethodError'{0x0000000717d9a028}: 'java.lang.Object java.lang.invoke.DirectMethodHandle$Holder.newInvokeSpecial(java.lang.Object, java.lang.Object, java.lang.Object, java.lang.Object, java.lang.Object)'> (0x0000000717d9a028) 
thrown [s\src\hotspot\share\interpreter\linkResolver.cpp, line 771]
Event: 0.645 Thread 0x000001d260b570d0 Exception <a 'java/lang/NoSuchMethodError'{0x0000000717089680}: 'int java.lang.invoke.DirectMethodHandle$Holder.invokeVirtual(java.lang.Object, java.lang.Object, java.lang.Object)'> (0x0000000717089680) 
thrown [s\src\hotspot\share\interpreter\linkResolver.cpp, line 771]
Event: 0.651 Thread 0x000001d260b570d0 Exception <a 'java/lang/NoSuchMethodError'{0x0000000717107f68}: 'java.lang.Object java.lang.invoke.DirectMethodHandle$Holder.invokeStaticInit(java.lang.Object)'> (0x0000000717107f68) 
thrown [s\src\hotspot\share\interpreter\linkResolver.cpp, line 771]
Event: 0.726 Thread 0x000001d260b570d0 Exception <a 'java/lang/NoSuchMethodError'{0x0000000716889dd0}: 'void java.lang.invoke.DirectMethodHandle$Holder.invokeStatic(java.lang.Object, java.lang.Object)'> (0x0000000716889dd0) 
thrown [s\src\hotspot\share\interpreter\linkResolver.cpp, line 771]
Event: 0.727 Thread 0x000001d260b570d0 Exception <a 'java/lang/NoSuchMethodError'{0x0000000716893b18}: 'void java.lang.invoke.DirectMethodHandle$Holder.invokeStatic(java.lang.Object, java.lang.Object, java.lang.Object)'> (0x0000000716893b18) 
thrown [s\src\hotspot\share\interpreter\linkResolver.cpp, line 771]
Event: 0.729 Thread 0x000001d260b570d0 Exception <a 'java/lang/NoSuchMethodError'{0x00000007168b3df8}: 'java.lang.Object java.lang.invoke.DirectMethodHandle$Holder.invokeStaticInit(java.lang.Object, int)'> (0x00000007168b3df8) 
thrown [s\src\hotspot\share\interpreter\linkResolver.cpp, line 771]
Event: 0.729 Thread 0x000001d260b570d0 Exception <a 'java/lang/NoSuchMethodError'{0x00000007168c0aa8}: 'java.lang.Object java.lang.invoke.DirectMethodHandle$Holder.invokeInterface(java.lang.Object, java.lang.Object)'> (0x00000007168c0aa8) 
thrown [s\src\hotspot\share\interpreter\linkResolver.cpp, line 771]
Event: 0.740 Thread 0x000001d260b570d0 Exception <a 'java/lang/NoSuchMethodError'{0x00000007169e2060}: 'long java.lang.invoke.DirectMethodHandle$Holder.invokeStatic(java.lang.Object)'> (0x00000007169e2060) 
thrown [s\src\hotspot\share\interpreter\linkResolver.cpp, line 771]
Event: 0.740 Thread 0x000001d260b570d0 Exception <a 'java/lang/NoSuchMethodError'{0x00000007169e57b8}: 'long java.lang.invoke.DirectMethodHandle$Holder.invokeStaticInit(java.lang.Object)'> (0x00000007169e57b8) 
thrown [s\src\hotspot\share\interpreter\linkResolver.cpp, line 771]

VM Operations (18 events):
Event: 0.094 Executing VM operation: HandshakeAllThreads
Event: 0.094 Executing VM operation: HandshakeAllThreads done
Event: 0.263 Executing VM operation: HandshakeAllThreads
Event: 0.263 Executing VM operation: HandshakeAllThreads done
Event: 0.365 Executing VM operation: G1CollectForAllocation
Event: 0.367 Executing VM operation: G1CollectForAllocation done
Event: 0.429 Executing VM operation: HandshakeAllThreads
Event: 0.429 Executing VM operation: HandshakeAllThreads done
Event: 0.514 Executing VM operation: ICBufferFull
Event: 0.514 Executing VM operation: ICBufferFull done
Event: 0.575 Executing VM operation: HandshakeAllThreads
Event: 0.575 Executing VM operation: HandshakeAllThreads done
Event: 0.620 Executing VM operation: HandshakeAllThreads
Event: 0.620 Executing VM operation: HandshakeAllThreads done
Event: 0.650 Executing VM operation: HandshakeAllThreads
Event: 0.650 Executing VM operation: HandshakeAllThreads done
Event: 0.720 Executing VM operation: HandshakeAllThreads
Event: 0.720 Executing VM operation: HandshakeAllThreads done

Events (20 events):
Event: 0.735 loading class java/util/EventObject
Event: 0.735 loading class java/util/EventObject done
Event: 0.740 loading class java/util/concurrent/atomic/AtomicLongFieldUpdater
Event: 0.741 loading class java/util/concurrent/atomic/AtomicLongFieldUpdater done
Event: 0.741 loading class java/util/concurrent/atomic/AtomicLongFieldUpdater$CASUpdater
Event: 0.741 loading class java/util/concurrent/atomic/AtomicLongFieldUpdater$CASUpdater done
Event: 0.741 loading class java/util/concurrent/atomic/AtomicLongFieldUpdater$CASUpdater$1
Event: 0.741 loading class java/util/concurrent/atomic/AtomicLongFieldUpdater$CASUpdater$1 done
Event: 0.741 loading class java/util/concurrent/atomic/AtomicBoolean
Event: 0.741 loading class java/util/concurrent/atomic/AtomicBoolean done
Event: 0.741 loading class java/lang/invoke/VarHandleInts$FieldInstanceReadWrite
Event: 0.741 loading class java/lang/invoke/VarHandleInts$FieldInstanceReadOnly
Event: 0.741 loading class java/lang/invoke/VarHandleInts$FieldInstanceReadOnly done
Event: 0.741 loading class java/lang/invoke/VarHandleInts$FieldInstanceReadWrite done
Event: 0.746 loading class java/util/Collections$UnmodifiableMap$UnmodifiableEntrySet
Event: 0.747 loading class java/util/Collections$UnmodifiableMap$UnmodifiableEntrySet done
Event: 0.747 loading class java/util/Collections$UnmodifiableMap$UnmodifiableEntrySet$1
Event: 0.747 loading class java/util/Collections$UnmodifiableMap$UnmodifiableEntrySet$1 done
Event: 0.747 loading class java/util/Collections$UnmodifiableMap$UnmodifiableEntrySet$UnmodifiableEntry
Event: 0.747 loading class java/util/Collections$UnmodifiableMap$UnmodifiableEntrySet$UnmodifiableEntry done


Dynamic libraries:
0x00007ff69f3e0000 - 0x00007ff69f3ea000 	C:\Program Files\Android\Android Studio\jbr\bin\java.exe
0x00007fffed150000 - 0x00007fffed347000 	C:\Windows\SYSTEM32\ntdll.dll
0x00007fffeb1b0000 - 0x00007fffeb26d000 	C:\Windows\System32\KERNEL32.DLL
0x00007fffeaee0000 - 0x00007fffeb1ad000 	C:\Windows\System32\KERNELBASE.dll
0x00007fffeab70000 - 0x00007fffeac70000 	C:\Windows\System32\ucrtbase.dll
0x00007fffd8f10000 - 0x00007fffd8f2b000 	C:\Program Files\Android\Android Studio\jbr\bin\VCRUNTIME140.dll
0x00007fffd0d80000 - 0x00007fffd0d97000 	C:\Program Files\Android\Android Studio\jbr\bin\jli.dll
0x00007fffec0e0000 - 0x00007fffec280000 	C:\Windows\System32\USER32.dll
0x00007fffd94e0000 - 0x00007fffd977a000 	C:\Windows\WinSxS\amd64_microsoft.windows.common-controls_6595b64144ccf1df_6.0.19041.1110_none_60b5254171f9507e\COMCTL32.dll
0x00007fffeaad0000 - 0x00007fffeaaf2000 	C:\Windows\System32\win32u.dll
0x00007fffec8d0000 - 0x00007fffec96e000 	C:\Windows\System32\msvcrt.dll
0x00007fffeb440000 - 0x00007fffeb46a000 	C:\Windows\System32\GDI32.dll
0x00007fffeac70000 - 0x00007fffead7b000 	C:\Windows\System32\gdi32full.dll
0x00007fffea8c0000 - 0x00007fffea95d000 	C:\Windows\System32\msvcp_win.dll
0x00007fffec7c0000 - 0x00007fffec7f0000 	C:\Windows\System32\IMM32.DLL
0x00007fffe5240000 - 0x00007fffe524c000 	C:\Program Files\Android\Android Studio\jbr\bin\vcruntime140_1.dll
0x00007fffa9120000 - 0x00007fffa91ad000 	C:\Program Files\Android\Android Studio\jbr\bin\msvcp140.dll
0x00007fff8b740000 - 0x00007fff8c3c3000 	C:\Program Files\Android\Android Studio\jbr\bin\server\jvm.dll
0x00007fffec970000 - 0x00007fffeca1e000 	C:\Windows\System32\ADVAPI32.dll
0x00007fffec700000 - 0x00007fffec79c000 	C:\Windows\System32\sechost.dll
0x00007fffebda0000 - 0x00007fffebec5000 	C:\Windows\System32\RPCRT4.dll
0x00007fffe60c0000 - 0x00007fffe60c9000 	C:\Windows\SYSTEM32\WSOCK32.dll
0x00007fffe5850000 - 0x00007fffe585a000 	C:\Windows\SYSTEM32\VERSION.dll
0x00007fffec7f0000 - 0x00007fffec85b000 	C:\Windows\System32\WS2_32.dll
0x00007fffe13e0000 - 0x00007fffe1407000 	C:\Windows\SYSTEM32\WINMM.dll
0x00007fffe9df0000 - 0x00007fffe9e3b000 	C:\Windows\SYSTEM32\POWRPROF.dll
0x00007fffe9cb0000 - 0x00007fffe9cc2000 	C:\Windows\SYSTEM32\UMPDC.dll
0x00007fffe8770000 - 0x00007fffe8782000 	C:\Windows\SYSTEM32\kernel.appcore.dll
0x00007fffe5c30000 - 0x00007fffe5c3a000 	C:\Program Files\Android\Android Studio\jbr\bin\jimage.dll
0x00007fffe3e90000 - 0x00007fffe4074000 	C:\Windows\SYSTEM32\DBGHELP.DLL
0x00007fffd6f20000 - 0x00007fffd6f4c000 	C:\Windows\SYSTEM32\dbgcore.DLL
0x00007fffeaa40000 - 0x00007fffeaac2000 	C:\Windows\System32\bcryptPrimitives.dll
0x00007fffd3e30000 - 0x00007fffd3e55000 	C:\Program Files\Android\Android Studio\jbr\bin\java.dll
0x00007fffd0d60000 - 0x00007fffd0d78000 	C:\Program Files\Android\Android Studio\jbr\bin\zip.dll
0x00007fffeb5a0000 - 0x00007fffebce4000 	C:\Windows\System32\SHELL32.dll
0x00007fffe8970000 - 0x00007fffe9104000 	C:\Windows\SYSTEM32\windows.storage.dll
0x00007fffeca20000 - 0x00007fffecd74000 	C:\Windows\System32\combase.dll
0x00007fffea2d0000 - 0x00007fffea2fc000 	C:\Windows\SYSTEM32\Wldp.dll
0x00007fffebcf0000 - 0x00007fffebd9d000 	C:\Windows\System32\SHCORE.dll
0x00007fffed050000 - 0x00007fffed0a5000 	C:\Windows\System32\shlwapi.dll
0x00007fffea7b0000 - 0x00007fffea7cf000 	C:\Windows\SYSTEM32\profapi.dll
0x00007fffd0a30000 - 0x00007fffd0a49000 	C:\Program Files\Android\Android Studio\jbr\bin\net.dll
0x00007fffd97a0000 - 0x00007fffd98aa000 	C:\Windows\SYSTEM32\WINHTTP.dll
0x00007fffea030000 - 0x00007fffea09a000 	C:\Windows\system32\mswsock.dll
0x00007fffc3010000 - 0x00007fffc3026000 	C:\Program Files\Android\Android Studio\jbr\bin\nio.dll

dbghelp: loaded successfully - version: 4.0.5 - missing functions: none
symbol engine: initialized successfully - sym options: 0x614 - pdb path: .;C:\Program Files\Android\Android Studio\jbr\bin;C:\Windows\SYSTEM32;C:\Windows\WinSxS\amd64_microsoft.windows.common-controls_6595b64144ccf1df_6.0.19041.1110_none_60b5254171f9507e;C:\Program Files\Android\Android Studio\jbr\bin\server

VM Arguments:
java_command: org.jetbrains.kotlin.cli.jvm.K2JVMCompiler @E:\Android\Lab\lab4\app\build\20240907_14278980823007805511.compiler.options
java_class_path (initial): C:\Users\Lev\.gradle\caches\modules-2\files-2.1\org.jetbrains.kotlin\kotlin-compiler-embeddable\1.9.0\2c8c3a7402becca891f12739b3e9fd2dc2adbd7a\kotlin-compiler-embeddable-1.9.0.jar;C:\Users\Lev\.gradle\caches\modules-2\files-2.1\org.jetbrains.kotlin\kotlin-stdlib\1.9.0\8ee15ef0c67dc83d874f412d84378d7f0eb50b63\kotlin-stdlib-1.9.0.jar;C:\Users\Lev\.gradle\caches\modules-2\files-2.1\org.jetbrains.kotlin\kotlin-script-runtime\1.9.0\4b3102cbbb7e1b58d9d1adf89563f00069ffa7d1\kotlin-script-runtime-1.9.0.jar;C:\Users\Lev\.gradle\caches\modules-2\files-2.1\org.jetbrains.kotlin\kotlin-reflect\1.6.10\1cbe9c92c12a94eea200d23c2bbaedaf3daf5132\kotlin-reflect-1.6.10.jar;C:\Users\Lev\.gradle\caches\modules-2\files-2.1\org.jetbrains.kotlin\kotlin-daemon-embeddable\1.9.0\186543f5e28cf8d9a0290fecc2cf34301c40a65c\kotlin-daemon-embeddable-1.9.0.jar;C:\Users\Lev\.gradle\caches\modules-2\files-2.1\org.jetbrains.intellij.deps\trove4j\1.0.20200330\3afb14d5f9ceb459d724e907a21145e8ff394f02\trove4j-1.0.20200330.jar;C:\Users\Lev\.gradle\caches\modules-2\files-2.1\org.jetbrains.kotlin\kotlin-stdlib-common\1.9.0\cd65c21cfd1eec4d44ef09f9f52b6d9f8a720636\kotlin-stdlib-common-1.9.0.jar;C:\Users\Lev\.gradle\caches\modules-2\files-2.1\org.jetbrains\annotations\13.0\919f0dfe192fb4e063e7dacadee7f8bb9a2672a9\annotations-13.0.jar
Launcher Type: SUN_STANDARD

[Global flags]
     intx CICompilerCount                          = 4                                         {product} {ergonomic}
     uint ConcGCThreads                            = 3                                         {product} {ergonomic}
     uint G1ConcRefinementThreads                  = 10                                        {product} {ergonomic}
   size_t G1HeapRegionSize                         = 2097152                                   {product} {ergonomic}
    uintx GCDrainStackTargetSize                   = 64                                        {product} {ergonomic}
   size_t InitialHeapSize                          = 260046848                                 {product} {ergonomic}
   size_t MarkStackSize                            = 4194304                                   {product} {ergonomic}
   size_t MaxHeapSize                              = 4139778048                                {product} {ergonomic}
   size_t MaxNewSize                               = 2483027968                                {product} {ergonomic}
   size_t MinHeapDeltaBytes                        = 2097152                                   {product} {ergonomic}
   size_t MinHeapSize                              = 8388608                                   {product} {ergonomic}
    uintx NonNMethodCodeHeapSize                   = 5839372                                {pd product} {ergonomic}
    uintx NonProfiledCodeHeapSize                  = 122909434                              {pd product} {ergonomic}
    uintx ProfiledCodeHeapSize                     = 122909434                              {pd product} {ergonomic}
    uintx ReservedCodeCacheSize                    = 251658240                              {pd product} {ergonomic}
     bool SegmentedCodeCache                       = true                                      {product} {ergonomic}
   size_t SoftMaxHeapSize                          = 4139778048                             {manageable} {ergonomic}
     bool UseCompressedClassPointers               = true                           {product lp64_product} {ergonomic}
     bool UseCompressedOops                        = true                           {product lp64_product} {ergonomic}
     bool UseG1GC                                  = true                                      {product} {ergonomic}
     bool UseLargePagesIndividualAllocation        = false                                  {pd product} {ergonomic}

Logging:
Log output configuration:
 #0: stdout all=warning uptime,level,tags
 #1: stderr all=off uptime,level,tags

Environment Variables:
PATH=C:\Windows\system32;C:\Windows;C:\Windows\System32\Wbem;C:\Windows\System32\WindowsPowerShell\v1.0\;C:\Windows\System32\OpenSSH\;C:\UTILS\ARCHIV;;C:\Program Files (x86)\NVIDIA Corporation\PhysX\Common;C:\Users\Lev\AppData\Local\Programs\Python\Python312\Scripts\;C:\Users\Lev\AppData\Local\Programs\Python\Python312\;C:\Users\Lev\AppData\Local\Programs\Python\Launcher\;C:\Users\Lev\AppData\Local\Microsoft\WindowsApps;C:\Users\Lev\AppData\Local\GitHubDesktop\bin
USERNAME=Lev
OS=Windows_NT
PROCESSOR_IDENTIFIER=AMD64 Family 23 Model 96 Stepping 1, AuthenticAMD
TMP=E:\TEMP
TEMP=E:\TEMP



Periodic native trim disabled

JNI global refs:
JNI global refs: 9, weak refs: 0

JNI global refs memory usage: 843, weak refs: 841

Process memory usage:
Resident Set Size: 107064K (0% of 16168996K total physical memory with 1957196K free physical memory)

OOME stack traces (most recent first):
Classloader memory used:
Loader jdk.internal.loader.ClassLoaders$AppClassLoader                                 : 1525K
Loader bootstrap                                                                       : 1125K
Loader jdk.internal.reflect.DelegatingClassLoader                                      : 4682B


---------------  S Y S T E M  ---------------

OS:
 Windows 10 , 64 bit Build 19041 (10.0.19041.1737)
OS uptime: 0 days 2:35 hours

CPU: total 12 (initial active 12) (12 cores per cpu, 2 threads per core) family 23 model 96 stepping 1 microcode 0x0, cx8, cmov, fxsr, ht, mmx, 3dnowpref, sse, sse2, sse3, ssse3, sse4a, sse4.1, sse4.2, popcnt, lzcnt, tsc, tscinvbit, avx, avx2, aes, clmul, bmi1, bmi2, adx, sha, fma, vzeroupper, clflush, clflushopt
Processor Information for all 12 processors :
  Max Mhz: 3000, Current Mhz: 3000, Mhz Limit: 3000

Memory: 4k page, system-wide physical 15790M (1911M free)
TotalPageFile size 16290M (AvailPageFile size 5M)
current process WorkingSet (physical memory assigned to process): 104M, peak: 104M
current process commit charge ("private bytes"): 363M, peak: 365M

vm_info: OpenJDK 64-Bit Server VM (17.0.11+0--11852314) for windows-amd64 JRE (17.0.11+0--11852314), built on May 16 2024 21:29:20 by "androidbuild" with MS VC++ 16.10 / 16.11 (VS2019)

END.
