#
# There is insufficient memory for the Java Runtime Environment to continue.
# Native memory allocation (malloc) failed to allocate 131088 bytes. Error detail: Chunk::new
# Possible reasons:
#   The system is out of physical RAM or swap space
#   This process is running with CompressedOops enabled, and the Java Heap may be blocking the growth of the native heap
# Possible solutions:
#   Reduce memory load on the system
#   Increase physical memory or swap space
#   Check if swap backing store is full
#   Decrease Java heap size (-Xmx/-Xms)
#   Decrease number of Java threads
#   Decrease Java thread stack sizes (-Xss)
#   Set larger code cache with -XX:ReservedCodeCacheSize=
#   JVM is running with Unscaled Compressed Oops mode in which the Java heap is
#     placed in the first 4GB address space. The Java Heap base address is the
#     maximum limit for the native heap growth. Please use -XX:HeapBaseMinAddress
#     to set the Java Heap base and to place the Java Heap above 4GB virtual address.
# This output file may be truncated or incomplete.
#
#  Out of Memory Error (arena.cpp:191), pid=1784, tid=8440
#
# JRE version: OpenJDK Runtime Environment (17.0.11) (build 17.0.11+0--11852314)
# Java VM: OpenJDK 64-Bit Server VM (17.0.11+0--11852314, mixed mode, tiered, compressed oops, compressed class ptrs, g1 gc, windows-amd64)
# No core dump will be written. Minidumps are not enabled by default on client versions of Windows
#

---------------  S U M M A R Y ------------

Command Line: --add-opens=java.base/java.util=ALL-UNNAMED --add-opens=java.base/java.lang=ALL-UNNAMED --add-opens=java.base/java.lang.invoke=ALL-UNNAMED --add-opens=java.prefs/java.util.prefs=ALL-UNNAMED --add-opens=java.base/java.nio.charset=ALL-UNNAMED --add-opens=java.base/java.net=ALL-UNNAMED --add-opens=java.base/java.util.concurrent.atomic=ALL-UNNAMED -Xmx2048m -Dfile.encoding=UTF-8 -Duser.country=RU -Duser.language=ru -Duser.variant -javaagent:C:\Users\Lev\.gradle\wrapper\dists\gradle-8.7-bin\bhs2wmbdwecv87pi65oeuq5iu\gradle-8.7\lib\agents\gradle-instrumentation-agent-8.7.jar org.gradle.launcher.daemon.bootstrap.GradleDaemon 8.7

Host: AMD Ryzen 5 4600H with Radeon Graphics         , 12 cores, 15G,  Windows 10 , 64 bit Build 19041 (10.0.19041.1737)
Time: Thu Sep 19 01:08:22 2024  Windows 10 , 64 bit Build 19041 (10.0.19041.1737) elapsed time: 1421.754733 seconds (0d 0h 23m 41s)

---------------  T H R E A D  ---------------

Current thread (0x000001c34f410d70):  JavaThread "C2 CompilerThread1" daemon [_thread_in_native, id=8440, stack(0x0000002221d00000,0x0000002221e00000)]


Current CompileTask:
C2:1421755 21405       4       org.gradle.api.internal.artifacts.ModuleComponentSelectorSerializer::read (50 bytes)

Stack: [0x0000002221d00000,0x0000002221e00000]
Native frames: (J=compiled Java code, j=interpreted, Vv=VM code, C=native code)
V  [jvm.dll+0x687bb9]
V  [jvm.dll+0x84142a]
V  [jvm.dll+0x8430ae]
V  [jvm.dll+0x843713]
V  [jvm.dll+0x24a35f]
V  [jvm.dll+0xac544]
V  [jvm.dll+0xacb8c]
V  [jvm.dll+0xac64b]
V  [jvm.dll+0x6651cc]
V  [jvm.dll+0x59b25b]
V  [jvm.dll+0x584aa9]
V  [jvm.dll+0x5880f7]
V  [jvm.dll+0x58784d]
V  [jvm.dll+0x587730]
V  [jvm.dll+0x5878b9]
V  [jvm.dll+0x58f484]
V  [jvm.dll+0x2247e2]
V  [jvm.dll+0x224bdf]
V  [jvm.dll+0x21dd00]
V  [jvm.dll+0x21b201]
V  [jvm.dll+0x1a63ed]
V  [jvm.dll+0x22b1ee]
V  [jvm.dll+0x229375]
V  [jvm.dll+0x7f5647]
V  [jvm.dll+0x7efa4a]
V  [jvm.dll+0x686a35]
C  [ucrtbase.dll+0x21bb2]
C  [KERNEL32.DLL+0x17034]
C  [ntdll.dll+0x52651]


---------------  P R O C E S S  ---------------

Threads class SMR info:
_java_thread_list=0x000001c340c7d3f0, length=51, elements={
0x000001c32028b7d0, 0x000001c33a6e7920, 0x000001c33a6fd010, 0x000001c33a75f4e0,
0x000001c33a760dc0, 0x000001c33a755130, 0x000001c33a755a00, 0x000001c33a756600,
0x000001c33a757f20, 0x000001c33a75a840, 0x000001c33a81b990, 0x000001c33a9f7820,
0x000001c340497b10, 0x000001c340b08100, 0x000001c341b926d0, 0x000001c33ff5b850,
0x000001c33ff585b0, 0x000001c33ff5a410, 0x000001c33ff5ae30, 0x000001c33ff58fd0,
0x000001c33ff594e0, 0x000001c33ff580a0, 0x000001c3418442e0, 0x000001c341841550,
0x000001c34183d890, 0x000001c34183ce70, 0x000001c34183f6f0, 0x000001c341841f70,
0x000001c34183e2b0, 0x000001c34183d380, 0x000001c341840110, 0x000001c341840620,
0x000001c341841040, 0x000001c34097a550, 0x000001c34415c270, 0x000001c344160950,
0x000001c34415a920, 0x000001c34415f510, 0x000001c34415dbc0, 0x000001c34415bd60,
0x000001c344160440, 0x000001c34415b340, 0x000001c34f410d70, 0x000001c34415e0d0,
0x000001c3441599f0, 0x000001c34415d1a0, 0x000001c34415f000, 0x000001c34f4167c0,
0x000001c34415ae30, 0x000001c34415e5e0, 0x000001c34415c780
}

Java Threads: ( => current thread )
  0x000001c32028b7d0 JavaThread "main" [_thread_blocked, id=12100, stack(0x000000221fc00000,0x000000221fd00000)]
  0x000001c33a6e7920 JavaThread "Reference Handler" daemon [_thread_blocked, id=13096, stack(0x0000002220300000,0x0000002220400000)]
  0x000001c33a6fd010 JavaThread "Finalizer" daemon [_thread_blocked, id=10384, stack(0x0000002220400000,0x0000002220500000)]
  0x000001c33a75f4e0 JavaThread "Signal Dispatcher" daemon [_thread_blocked, id=12572, stack(0x0000002220500000,0x0000002220600000)]
  0x000001c33a760dc0 JavaThread "Attach Listener" daemon [_thread_blocked, id=12716, stack(0x0000002220600000,0x0000002220700000)]
  0x000001c33a755130 JavaThread "Service Thread" daemon [_thread_blocked, id=4916, stack(0x0000002220700000,0x0000002220800000)]
  0x000001c33a755a00 JavaThread "Monitor Deflation Thread" daemon [_thread_blocked, id=12144, stack(0x0000002220800000,0x0000002220900000)]
  0x000001c33a756600 JavaThread "C2 CompilerThread0" daemon [_thread_in_native, id=304, stack(0x0000002220900000,0x0000002220a00000)]
  0x000001c33a757f20 JavaThread "C1 CompilerThread0" daemon [_thread_in_vm, id=13144, stack(0x0000002220a00000,0x0000002220b00000)]
  0x000001c33a75a840 JavaThread "Sweeper thread" daemon [_thread_blocked, id=12924, stack(0x0000002220b00000,0x0000002220c00000)]
  0x000001c33a81b990 JavaThread "Common-Cleaner" daemon [_thread_blocked, id=5496, stack(0x0000002220c00000,0x0000002220d00000)]
  0x000001c33a9f7820 JavaThread "Notification Thread" daemon [_thread_blocked, id=12352, stack(0x0000002220d00000,0x0000002220e00000)]
  0x000001c340497b10 JavaThread "Daemon health stats" [_thread_blocked, id=5808, stack(0x0000002221500000,0x0000002221600000)]
  0x000001c340b08100 JavaThread "Incoming local TCP Connector on port 60029" [_thread_in_native, id=10652, stack(0x0000002221600000,0x0000002221700000)]
  0x000001c341b926d0 JavaThread "Daemon periodic checks" [_thread_blocked, id=324, stack(0x0000002221700000,0x0000002221800000)]
  0x000001c33ff5b850 JavaThread "Cache worker for journal cache (C:\Users\Lev\.gradle\caches\journal-1)" [_thread_blocked, id=936, stack(0x0000002220f00000,0x0000002221000000)]
  0x000001c33ff585b0 JavaThread "File lock request listener" [_thread_in_native, id=11920, stack(0x0000002221400000,0x0000002221500000)]
  0x000001c33ff5a410 JavaThread "Cache worker for file hash cache (C:\Users\Lev\.gradle\caches\8.7\fileHashes)" [_thread_blocked, id=10724, stack(0x0000002222600000,0x0000002222700000)]
  0x000001c33ff5ae30 JavaThread "File watcher server" daemon [_thread_in_native, id=11932, stack(0x0000002222900000,0x0000002222a00000)]
  0x000001c33ff58fd0 JavaThread "File watcher consumer" daemon [_thread_blocked, id=1340, stack(0x0000002222a00000,0x0000002222b00000)]
  0x000001c33ff594e0 JavaThread "jar transforms" [_thread_blocked, id=5888, stack(0x0000002222b00000,0x0000002222c00000)]
  0x000001c33ff580a0 JavaThread "jar transforms Thread 2" [_thread_blocked, id=12744, stack(0x0000002222c00000,0x0000002222d00000)]
  0x000001c3418442e0 JavaThread "jar transforms Thread 3" [_thread_blocked, id=10824, stack(0x0000002222d00000,0x0000002222e00000)]
  0x000001c341841550 JavaThread "jar transforms Thread 4" [_thread_blocked, id=4528, stack(0x0000002222e00000,0x0000002222f00000)]
  0x000001c34183d890 JavaThread "jar transforms Thread 5" [_thread_blocked, id=8280, stack(0x0000002222f00000,0x0000002223000000)]
  0x000001c34183ce70 JavaThread "jar transforms Thread 6" [_thread_blocked, id=10276, stack(0x0000002223000000,0x0000002223100000)]
  0x000001c34183f6f0 JavaThread "jar transforms Thread 7" [_thread_blocked, id=11512, stack(0x0000002223100000,0x0000002223200000)]
  0x000001c341841f70 JavaThread "jar transforms Thread 8" [_thread_blocked, id=6132, stack(0x0000002223200000,0x0000002223300000)]
  0x000001c34183e2b0 JavaThread "jar transforms Thread 9" [_thread_blocked, id=8436, stack(0x0000002223300000,0x0000002223400000)]
  0x000001c34183d380 JavaThread "jar transforms Thread 10" [_thread_blocked, id=12212, stack(0x0000002223400000,0x0000002223500000)]
  0x000001c341840110 JavaThread "jar transforms Thread 11" [_thread_blocked, id=7992, stack(0x0000002223500000,0x0000002223600000)]
  0x000001c341840620 JavaThread "jar transforms Thread 12" [_thread_blocked, id=7812, stack(0x0000002223600000,0x0000002223700000)]
  0x000001c341841040 JavaThread "Cache worker for file content cache (C:\Users\Lev\.gradle\caches\8.7\fileContent)" [_thread_blocked, id=11820, stack(0x0000002223c00000,0x0000002223d00000)]
  0x000001c34097a550 JavaThread "Memory manager" [_thread_blocked, id=10600, stack(0x0000002223700000,0x0000002223800000)]
  0x000001c34415c270 JavaThread "Daemon Thread 2" [_thread_blocked, id=6684, stack(0x000000221f900000,0x000000221fa00000)]
  0x000001c344160950 JavaThread "Handler for socket connection from /127.0.0.1:60029 to /127.0.0.1:54809" [_thread_in_native, id=924, stack(0x000000221fa00000,0x000000221fb00000)]
  0x000001c34415a920 JavaThread "Cancel handler" [_thread_blocked, id=8480, stack(0x000000221fb00000,0x000000221fc00000)]
  0x000001c34415f510 JavaThread "Daemon worker Thread 2" [_thread_in_vm, id=11452, stack(0x0000002221800000,0x0000002221900000)]
  0x000001c34415dbc0 JavaThread "Asynchronous log dispatcher for DefaultDaemonConnection: socket connection from /127.0.0.1:60029 to /127.0.0.1:54809" [_thread_blocked, id=4092, stack(0x0000002221900000,0x0000002221a00000)]
  0x000001c34415bd60 JavaThread "Stdin handler" [_thread_blocked, id=3880, stack(0x0000002221a00000,0x0000002221b00000)]
  0x000001c344160440 JavaThread "Daemon client event forwarder" [_thread_blocked, id=10880, stack(0x0000002221b00000,0x0000002221c00000)]
  0x000001c34415b340 JavaThread "Cache worker for file hash cache (E:\Android\Lab\lab6\.gradle\8.7\fileHashes)" [_thread_blocked, id=12264, stack(0x0000002221c00000,0x0000002221d00000)]
=>0x000001c34f410d70 JavaThread "C2 CompilerThread1" daemon [_thread_in_native, id=8440, stack(0x0000002221d00000,0x0000002221e00000)]
  0x000001c34415e0d0 JavaThread "Cache worker for checksums cache (E:\Android\Lab\lab6\.gradle\8.7\checksums)" [_thread_blocked, id=12476, stack(0x0000002221e00000,0x0000002221f00000)]
  0x000001c3441599f0 JavaThread "Cache worker for cache directory md-supplier (C:\Users\Lev\.gradle\caches\8.7\md-supplier)" [_thread_blocked, id=4924, stack(0x0000002222700000,0x0000002222800000)]
  0x000001c34415d1a0 JavaThread "Cache worker for cache directory md-rule (C:\Users\Lev\.gradle\caches\8.7\md-rule)" [_thread_blocked, id=10036, stack(0x0000002222800000,0x0000002222900000)]
  0x000001c34415f000 JavaThread "Cache worker for Build Output Cleanup Cache (E:\Android\Lab\lab6\.gradle\buildOutputCleanup)" [_thread_blocked, id=13780, stack(0x0000002223900000,0x0000002223a00000)]
  0x000001c34f4167c0 JavaThread "C2 CompilerThread2" daemon [_thread_in_native, id=6664, stack(0x0000002223a00000,0x0000002223b00000)]
  0x000001c34415ae30 JavaThread "Unconstrained build operations" [_thread_blocked, id=5532, stack(0x0000002223b00000,0x0000002223c00000)]
  0x000001c34415e5e0 JavaThread "Unconstrained build operations Thread 2" [_thread_blocked, id=10292, stack(0x0000002223d00000,0x0000002223e00000)]
  0x000001c34415c780 JavaThread "Unconstrained build operations Thread 3" [_thread_blocked, id=2060, stack(0x0000002223e00000,0x0000002223f00000)]

Other Threads:
  0x000001c33a6e2ce0 VMThread "VM Thread" [stack: 0x0000002220200000,0x0000002220300000] [id=10776]
  0x000001c32028c6a0 WatcherThread [stack: 0x0000002220e00000,0x0000002220f00000] [id=2592]
  0x000001c3202e87a0 GCTaskThread "GC Thread#0" [stack: 0x000000221fd00000,0x000000221fe00000] [id=4272]
  0x000001c33faf0520 GCTaskThread "GC Thread#1" [stack: 0x0000002221000000,0x0000002221100000] [id=1604]
  0x000001c33f37a1a0 GCTaskThread "GC Thread#2" [stack: 0x0000002221100000,0x0000002221200000] [id=900]
  0x000001c33fd226c0 GCTaskThread "GC Thread#3" [stack: 0x0000002221200000,0x0000002221300000] [id=2620]
  0x000001c33ff9e060 GCTaskThread "GC Thread#4" [stack: 0x0000002221300000,0x0000002221400000] [id=780]
  0x000001c33ff9dda0 GCTaskThread "GC Thread#5" [stack: 0x0000002221f00000,0x0000002222000000] [id=10944]
  0x000001c33ff9ca60 GCTaskThread "GC Thread#6" [stack: 0x0000002222000000,0x0000002222100000] [id=6080]
  0x000001c33ff9d560 GCTaskThread "GC Thread#7" [stack: 0x0000002222100000,0x0000002222200000] [id=10356]
  0x000001c33ff9c7a0 GCTaskThread "GC Thread#8" [stack: 0x0000002222200000,0x0000002222300000] [id=11812]
  0x000001c33ff9cd20 GCTaskThread "GC Thread#9" [stack: 0x0000002222300000,0x0000002222400000] [id=13068]
  0x000001c3202f9600 ConcurrentGCThread "G1 Main Marker" [stack: 0x000000221fe00000,0x000000221ff00000] [id=6204]
  0x000001c3202f9f30 ConcurrentGCThread "G1 Conc#0" [stack: 0x000000221ff00000,0x0000002220000000] [id=4348]
  0x000001c33ff9d820 ConcurrentGCThread "G1 Conc#1" [stack: 0x0000002222400000,0x0000002222500000] [id=10836]
  0x000001c33ff9cfe0 ConcurrentGCThread "G1 Conc#2" [stack: 0x0000002222500000,0x0000002222600000] [id=4168]
  0x000001c32034d540 ConcurrentGCThread "G1 Refine#0" [stack: 0x0000002220000000,0x0000002220100000] [id=12896]
  0x000001c3424f9280 ConcurrentGCThread "G1 Refine#1" [stack: 0x0000002223800000,0x0000002223900000] [id=10808]
  0x000001c340966830 ConcurrentGCThread "G1 Refine#2" [stack: 0x0000002224700000,0x0000002224800000] [id=32]
  0x000001c340966b20 ConcurrentGCThread "G1 Refine#3" [stack: 0x0000002224800000,0x0000002224900000] [id=13212]
  0x000001c340963c20 ConcurrentGCThread "G1 Refine#4" [stack: 0x0000002224900000,0x0000002224a00000] [id=6608]
  0x000001c340964200 ConcurrentGCThread "G1 Refine#5" [stack: 0x0000002224a00000,0x0000002224b00000] [id=11136]
  0x000001c340965690 ConcurrentGCThread "G1 Refine#6" [stack: 0x0000002224b00000,0x0000002224c00000] [id=7904]
  0x000001c340966540 ConcurrentGCThread "G1 Refine#7" [stack: 0x0000002224c00000,0x0000002224d00000] [id=11504]
  0x000001c32034de80 ConcurrentGCThread "G1 Service" [stack: 0x0000002220100000,0x0000002220200000] [id=7500]

Threads with active compile tasks:
C2 CompilerThread0  1421775 21406       4       org.gradle.api.internal.artifacts.ModuleComponentSelectorSerializer::readVersionConstraint (91 bytes)
C1 CompilerThread0  1421775 21481       3       java.lang.invoke.InvokerBytecodeGenerator::classDataValues (265 bytes)
C2 CompilerThread1  1421775 21405       4       org.gradle.api.internal.artifacts.ModuleComponentSelectorSerializer::read (50 bytes)
C2 CompilerThread2  1421775 21450       4       org.gradle.internal.component.model.GraphVariantSelector::filterVariantsByRequestedCapabilities (170 bytes)

VM state: not at safepoint (normal execution)

VM Mutex/Monitor currently owned by a thread:  ([mutex/lock_event])
[0x000001c31e23cd00] Metaspace_lock - owner thread: 0x000001c33a757f20
[0x000001c3202876f0] MethodData_lock - owner thread: 0x000001c33a757f20

OutOfMemory and StackOverflow Exception counts:
OutOfMemoryError java_heap_errors=1
LinkageErrors=264

Heap address: 0x0000000080000000, size: 2048 MB, Compressed Oops mode: 32-bit

CDS archive(s) not mapped
Compressed class space mapped at: 0x0000000100000000-0x0000000140000000, reserved size: 1073741824
Narrow klass base: 0x0000000000000000, Narrow klass shift: 3, Narrow klass range: 0x140000000

GC Precious Log:
 CPUs: 12 total, 12 available
 Memory: 15790M
 Large Page Support: Disabled
 NUMA Support: Disabled
 Compressed Oops: Enabled (32-bit)
 Heap Region Size: 1M
 Heap Min Capacity: 8M
 Heap Initial Capacity: 248M
 Heap Max Capacity: 2G
 Pre-touch: Disabled
 Parallel Workers: 10
 Concurrent Workers: 3
 Concurrent Refinement Workers: 10
 Periodic GC: Disabled

Heap:
 garbage-first heap   total 377856K, used 274762K [0x0000000080000000, 0x0000000100000000)
  region size 1024K, 40 young (40960K), 5 survivors (5120K)
 Metaspace       used 188921K, committed 190080K, reserved 1245184K
  class space    used 24417K, committed 24960K, reserved 1048576K

Heap Regions: E=young(eden), S=young(survivor), O=old, HS=humongous(starts), HC=humongous(continues), CS=collection set, F=free, OA=open archive, CA=closed archive, TAMS=top-at-mark-start (previous, next)
|   0|0x0000000080000000, 0x0000000080100000, 0x0000000080100000|100%|HS|  |TAMS 0x0000000080100000, 0x0000000080000000| Complete 
|   1|0x0000000080100000, 0x0000000080200000, 0x0000000080200000|100%|HC|  |TAMS 0x0000000080200000, 0x0000000080100000| Complete 
|   2|0x0000000080200000, 0x0000000080300000, 0x0000000080300000|100%|HC|  |TAMS 0x0000000080300000, 0x0000000080200000| Complete 
|   3|0x0000000080300000, 0x0000000080400000, 0x0000000080400000|100%|HC|  |TAMS 0x0000000080400000, 0x0000000080300000| Complete 
|   4|0x0000000080400000, 0x0000000080500000, 0x0000000080500000|100%| O|  |TAMS 0x0000000080500000, 0x0000000080400000| Untracked 
|   5|0x0000000080500000, 0x0000000080600000, 0x0000000080600000|100%| O|  |TAMS 0x0000000080600000, 0x0000000080500000| Untracked 
|   6|0x0000000080600000, 0x0000000080700000, 0x0000000080700000|100%| O|  |TAMS 0x0000000080700000, 0x0000000080600000| Untracked 
|   7|0x0000000080700000, 0x0000000080800000, 0x0000000080800000|100%| O|  |TAMS 0x0000000080800000, 0x0000000080700000| Untracked 
|   8|0x0000000080800000, 0x0000000080900000, 0x0000000080900000|100%| O|  |TAMS 0x0000000080900000, 0x0000000080800000| Untracked 
|   9|0x0000000080900000, 0x0000000080a00000, 0x0000000080a00000|100%| O|  |TAMS 0x0000000080a00000, 0x0000000080900000| Untracked 
|  10|0x0000000080a00000, 0x0000000080b00000, 0x0000000080b00000|100%| O|  |TAMS 0x0000000080b00000, 0x0000000080a00000| Untracked 
|  11|0x0000000080b00000, 0x0000000080c00000, 0x0000000080c00000|100%| O|  |TAMS 0x0000000080c00000, 0x0000000080b00000| Untracked 
|  12|0x0000000080c00000, 0x0000000080d00000, 0x0000000080d00000|100%| O|  |TAMS 0x0000000080d00000, 0x0000000080c00000| Untracked 
|  13|0x0000000080d00000, 0x0000000080e00000, 0x0000000080e00000|100%| O|  |TAMS 0x0000000080e00000, 0x0000000080d00000| Untracked 
|  14|0x0000000080e00000, 0x0000000080f00000, 0x0000000080f00000|100%| O|  |TAMS 0x0000000080f00000, 0x0000000080e00000| Untracked 
|  15|0x0000000080f00000, 0x0000000081000000, 0x0000000081000000|100%|HS|  |TAMS 0x0000000081000000, 0x0000000080f00000| Complete 
|  16|0x0000000081000000, 0x0000000081100000, 0x0000000081100000|100%| O|  |TAMS 0x0000000081100000, 0x0000000081000000| Untracked 
|  17|0x0000000081100000, 0x0000000081200000, 0x0000000081200000|100%| O|  |TAMS 0x0000000081200000, 0x0000000081100000| Untracked 
|  18|0x0000000081200000, 0x0000000081300000, 0x0000000081300000|100%| O|  |TAMS 0x0000000081300000, 0x0000000081200000| Untracked 
|  19|0x0000000081300000, 0x0000000081400000, 0x0000000081400000|100%| O|  |TAMS 0x0000000081400000, 0x0000000081300000| Untracked 
|  20|0x0000000081400000, 0x0000000081500000, 0x0000000081500000|100%|HS|  |TAMS 0x0000000081500000, 0x0000000081400000| Complete 
|  21|0x0000000081500000, 0x0000000081600000, 0x0000000081600000|100%|HC|  |TAMS 0x0000000081600000, 0x0000000081500000| Complete 
|  22|0x0000000081600000, 0x0000000081700000, 0x0000000081700000|100%|HC|  |TAMS 0x0000000081700000, 0x0000000081600000| Complete 
|  23|0x0000000081700000, 0x0000000081800000, 0x0000000081800000|100%|HC|  |TAMS 0x0000000081800000, 0x0000000081700000| Complete 
|  24|0x0000000081800000, 0x0000000081900000, 0x0000000081900000|100%|HC|  |TAMS 0x0000000081900000, 0x0000000081800000| Complete 
|  25|0x0000000081900000, 0x0000000081a00000, 0x0000000081a00000|100%|HS|  |TAMS 0x0000000081a00000, 0x0000000081900000| Complete 
|  26|0x0000000081a00000, 0x0000000081b00000, 0x0000000081b00000|100%|HC|  |TAMS 0x0000000081b00000, 0x0000000081a00000| Complete 
|  27|0x0000000081b00000, 0x0000000081c00000, 0x0000000081c00000|100%|HC|  |TAMS 0x0000000081c00000, 0x0000000081b00000| Complete 
|  28|0x0000000081c00000, 0x0000000081d00000, 0x0000000081d00000|100%|HS|  |TAMS 0x0000000081d00000, 0x0000000081c00000| Complete 
|  29|0x0000000081d00000, 0x0000000081e00000, 0x0000000081e00000|100%|HC|  |TAMS 0x0000000081e00000, 0x0000000081d00000| Complete 
|  30|0x0000000081e00000, 0x0000000081f00000, 0x0000000081f00000|100%|HC|  |TAMS 0x0000000081f00000, 0x0000000081e00000| Complete 
|  31|0x0000000081f00000, 0x0000000082000000, 0x0000000082000000|100%| O|  |TAMS 0x0000000082000000, 0x0000000081f00000| Untracked 
|  32|0x0000000082000000, 0x0000000082100000, 0x0000000082100000|100%| O|  |TAMS 0x0000000082100000, 0x0000000082000000| Untracked 
|  33|0x0000000082100000, 0x0000000082200000, 0x0000000082200000|100%| O|  |TAMS 0x0000000082200000, 0x0000000082100000| Untracked 
|  34|0x0000000082200000, 0x0000000082300000, 0x0000000082300000|100%|HS|  |TAMS 0x0000000082300000, 0x0000000082200000| Complete 
|  35|0x0000000082300000, 0x0000000082400000, 0x0000000082400000|100%| O|  |TAMS 0x0000000082400000, 0x0000000082300000| Untracked 
|  36|0x0000000082400000, 0x0000000082500000, 0x0000000082500000|100%| O|  |TAMS 0x0000000082500000, 0x0000000082400000| Untracked 
|  37|0x0000000082500000, 0x0000000082600000, 0x0000000082600000|100%| O|  |TAMS 0x0000000082600000, 0x0000000082500000| Untracked 
|  38|0x0000000082600000, 0x0000000082700000, 0x0000000082700000|100%| O|  |TAMS 0x0000000082700000, 0x0000000082600000| Untracked 
|  39|0x0000000082700000, 0x0000000082800000, 0x0000000082800000|100%| O|  |TAMS 0x0000000082800000, 0x0000000082700000| Untracked 
|  40|0x0000000082800000, 0x0000000082900000, 0x0000000082900000|100%| O|  |TAMS 0x0000000082900000, 0x0000000082800000| Untracked 
|  41|0x0000000082900000, 0x0000000082a00000, 0x0000000082a00000|100%| O|  |TAMS 0x0000000082a00000, 0x0000000082900000| Untracked 
|  42|0x0000000082a00000, 0x0000000082b00000, 0x0000000082b00000|100%| O|  |TAMS 0x0000000082b00000, 0x0000000082a00000| Untracked 
|  43|0x0000000082b00000, 0x0000000082c00000, 0x0000000082c00000|100%| O|  |TAMS 0x0000000082c00000, 0x0000000082b00000| Untracked 
|  44|0x0000000082c00000, 0x0000000082d00000, 0x0000000082d00000|100%| O|  |TAMS 0x0000000082d00000, 0x0000000082c00000| Untracked 
|  45|0x0000000082d00000, 0x0000000082e00000, 0x0000000082e00000|100%|HS|  |TAMS 0x0000000082e00000, 0x0000000082d00000| Complete 
|  46|0x0000000082e00000, 0x0000000082f00000, 0x0000000082f00000|100%|HC|  |TAMS 0x0000000082f00000, 0x0000000082e00000| Complete 
|  47|0x0000000082f00000, 0x0000000083000000, 0x0000000083000000|100%|HC|  |TAMS 0x0000000083000000, 0x0000000082f00000| Complete 
|  48|0x0000000083000000, 0x0000000083100000, 0x0000000083100000|100%| O|  |TAMS 0x0000000083100000, 0x0000000083000000| Untracked 
|  49|0x0000000083100000, 0x0000000083200000, 0x0000000083200000|100%| O|  |TAMS 0x0000000083200000, 0x0000000083100000| Untracked 
|  50|0x0000000083200000, 0x0000000083300000, 0x0000000083300000|100%| O|  |TAMS 0x0000000083300000, 0x0000000083200000| Untracked 
|  51|0x0000000083300000, 0x0000000083400000, 0x0000000083400000|100%| O|  |TAMS 0x0000000083400000, 0x0000000083300000| Untracked 
|  52|0x0000000083400000, 0x0000000083500000, 0x0000000083500000|100%| O|  |TAMS 0x0000000083500000, 0x0000000083400000| Untracked 
|  53|0x0000000083500000, 0x0000000083600000, 0x0000000083600000|100%|HS|  |TAMS 0x0000000083600000, 0x0000000083500000| Complete 
|  54|0x0000000083600000, 0x0000000083700000, 0x0000000083700000|100%|HC|  |TAMS 0x0000000083700000, 0x0000000083600000| Complete 
|  55|0x0000000083700000, 0x0000000083800000, 0x0000000083800000|100%|HC|  |TAMS 0x0000000083800000, 0x0000000083700000| Complete 
|  56|0x0000000083800000, 0x0000000083900000, 0x0000000083900000|100%|HC|  |TAMS 0x0000000083900000, 0x0000000083800000| Complete 
|  57|0x0000000083900000, 0x0000000083a00000, 0x0000000083a00000|100%|HC|  |TAMS 0x0000000083a00000, 0x0000000083900000| Complete 
|  58|0x0000000083a00000, 0x0000000083b00000, 0x0000000083b00000|100%|HS|  |TAMS 0x0000000083b00000, 0x0000000083a00000| Complete 
|  59|0x0000000083b00000, 0x0000000083c00000, 0x0000000083c00000|100%|HC|  |TAMS 0x0000000083c00000, 0x0000000083b00000| Complete 
|  60|0x0000000083c00000, 0x0000000083d00000, 0x0000000083d00000|100%|HC|  |TAMS 0x0000000083d00000, 0x0000000083c00000| Complete 
|  61|0x0000000083d00000, 0x0000000083e00000, 0x0000000083e00000|100%|HC|  |TAMS 0x0000000083e00000, 0x0000000083d00000| Complete 
|  62|0x0000000083e00000, 0x0000000083f00000, 0x0000000083f00000|100%|HC|  |TAMS 0x0000000083f00000, 0x0000000083e00000| Complete 
|  63|0x0000000083f00000, 0x0000000084000000, 0x0000000084000000|100%| O|  |TAMS 0x0000000084000000, 0x0000000083f00000| Untracked 
|  64|0x0000000084000000, 0x0000000084100000, 0x0000000084100000|100%| O|  |TAMS 0x0000000084100000, 0x0000000084000000| Untracked 
|  65|0x0000000084100000, 0x0000000084200000, 0x0000000084200000|100%| O|  |TAMS 0x0000000084200000, 0x0000000084100000| Untracked 
|  66|0x0000000084200000, 0x0000000084300000, 0x0000000084300000|100%| O|  |TAMS 0x0000000084300000, 0x0000000084200000| Untracked 
|  67|0x0000000084300000, 0x0000000084400000, 0x0000000084400000|100%| O|  |TAMS 0x0000000084400000, 0x0000000084300000| Untracked 
|  68|0x0000000084400000, 0x0000000084500000, 0x0000000084500000|100%| O|  |TAMS 0x0000000084500000, 0x0000000084400000| Untracked 
|  69|0x0000000084500000, 0x0000000084600000, 0x0000000084600000|100%| O|  |TAMS 0x0000000084600000, 0x0000000084500000| Untracked 
|  70|0x0000000084600000, 0x0000000084700000, 0x0000000084700000|100%|HS|  |TAMS 0x0000000084700000, 0x0000000084600000| Complete 
|  71|0x0000000084700000, 0x0000000084800000, 0x0000000084800000|100%|HC|  |TAMS 0x0000000084800000, 0x0000000084700000| Complete 
|  72|0x0000000084800000, 0x0000000084900000, 0x0000000084900000|100%|HC|  |TAMS 0x0000000084900000, 0x0000000084800000| Complete 
|  73|0x0000000084900000, 0x0000000084a00000, 0x0000000084a00000|100%|HC|  |TAMS 0x0000000084a00000, 0x0000000084900000| Complete 
|  74|0x0000000084a00000, 0x0000000084b00000, 0x0000000084b00000|100%|HC|  |TAMS 0x0000000084b00000, 0x0000000084a00000| Complete 
|  75|0x0000000084b00000, 0x0000000084c00000, 0x0000000084c00000|100%| O|  |TAMS 0x0000000084c00000, 0x0000000084b00000| Untracked 
|  76|0x0000000084c00000, 0x0000000084d00000, 0x0000000084d00000|100%| O|  |TAMS 0x0000000084d00000, 0x0000000084c00000| Untracked 
|  77|0x0000000084d00000, 0x0000000084e00000, 0x0000000084e00000|100%| O|  |TAMS 0x0000000084e00000, 0x0000000084d00000| Untracked 
|  78|0x0000000084e00000, 0x0000000084f00000, 0x0000000084f00000|100%| O|  |TAMS 0x0000000084f00000, 0x0000000084e00000| Untracked 
|  79|0x0000000084f00000, 0x0000000085000000, 0x0000000085000000|100%| O|  |TAMS 0x0000000085000000, 0x0000000084f00000| Untracked 
|  80|0x0000000085000000, 0x0000000085100000, 0x0000000085100000|100%| O|  |TAMS 0x0000000085100000, 0x0000000085000000| Untracked 
|  81|0x0000000085100000, 0x0000000085200000, 0x0000000085200000|100%| O|  |TAMS 0x0000000085200000, 0x0000000085100000| Untracked 
|  82|0x0000000085200000, 0x0000000085300000, 0x0000000085300000|100%| O|  |TAMS 0x0000000085300000, 0x0000000085200000| Untracked 
|  83|0x0000000085300000, 0x0000000085400000, 0x0000000085400000|100%| O|  |TAMS 0x0000000085400000, 0x0000000085300000| Untracked 
|  84|0x0000000085400000, 0x0000000085500000, 0x0000000085500000|100%| O|  |TAMS 0x0000000085500000, 0x0000000085400000| Untracked 
|  85|0x0000000085500000, 0x0000000085600000, 0x0000000085600000|100%| O|  |TAMS 0x0000000085600000, 0x0000000085500000| Untracked 
|  86|0x0000000085600000, 0x0000000085700000, 0x0000000085700000|100%| O|  |TAMS 0x0000000085700000, 0x0000000085600000| Untracked 
|  87|0x0000000085700000, 0x0000000085800000, 0x0000000085800000|100%| O|  |TAMS 0x0000000085800000, 0x0000000085700000| Untracked 
|  88|0x0000000085800000, 0x0000000085900000, 0x0000000085900000|100%| O|  |TAMS 0x0000000085800000, 0x0000000085800000| Untracked 
|  89|0x0000000085900000, 0x0000000085a00000, 0x0000000085a00000|100%| O|  |TAMS 0x0000000085a00000, 0x0000000085900000| Untracked 
|  90|0x0000000085a00000, 0x0000000085b00000, 0x0000000085b00000|100%| O|  |TAMS 0x0000000085b00000, 0x0000000085a00000| Untracked 
|  91|0x0000000085b00000, 0x0000000085c00000, 0x0000000085c00000|100%| O|  |TAMS 0x0000000085c00000, 0x0000000085b00000| Untracked 
|  92|0x0000000085c00000, 0x0000000085d00000, 0x0000000085d00000|100%| O|  |TAMS 0x0000000085d00000, 0x0000000085c00000| Untracked 
|  93|0x0000000085d00000, 0x0000000085e00000, 0x0000000085e00000|100%| O|  |TAMS 0x0000000085e00000, 0x0000000085d00000| Untracked 
|  94|0x0000000085e00000, 0x0000000085f00000, 0x0000000085f00000|100%| O|  |TAMS 0x0000000085f00000, 0x0000000085e00000| Untracked 
|  95|0x0000000085f00000, 0x0000000086000000, 0x0000000086000000|100%| O|  |TAMS 0x0000000085f00000, 0x0000000085f00000| Untracked 
|  96|0x0000000086000000, 0x0000000086100000, 0x0000000086100000|100%| O|  |TAMS 0x0000000086100000, 0x0000000086000000| Untracked 
|  97|0x0000000086100000, 0x0000000086200000, 0x0000000086200000|100%| O|  |TAMS 0x0000000086200000, 0x0000000086100000| Untracked 
|  98|0x0000000086200000, 0x0000000086300000, 0x0000000086300000|100%| O|  |TAMS 0x000000008621b400, 0x0000000086200000| Untracked 
|  99|0x0000000086300000, 0x0000000086400000, 0x0000000086400000|100%| O|  |TAMS 0x0000000086300000, 0x0000000086300000| Untracked 
| 100|0x0000000086400000, 0x0000000086500000, 0x0000000086500000|100%| O|  |TAMS 0x0000000086500000, 0x0000000086400000| Untracked 
| 101|0x0000000086500000, 0x0000000086600000, 0x0000000086600000|100%| O|  |TAMS 0x0000000086600000, 0x0000000086500000| Untracked 
| 102|0x0000000086600000, 0x0000000086700000, 0x0000000086700000|100%| O|  |TAMS 0x0000000086600000, 0x0000000086600000| Untracked 
| 103|0x0000000086700000, 0x0000000086800000, 0x0000000086800000|100%| O|  |TAMS 0x0000000086700000, 0x0000000086700000| Untracked 
| 104|0x0000000086800000, 0x0000000086900000, 0x0000000086900000|100%| O|  |TAMS 0x0000000086800000, 0x0000000086800000| Untracked 
| 105|0x0000000086900000, 0x0000000086a00000, 0x0000000086a00000|100%| O|  |TAMS 0x0000000086900000, 0x0000000086900000| Untracked 
| 106|0x0000000086a00000, 0x0000000086b00000, 0x0000000086b00000|100%| O|  |TAMS 0x0000000086a00000, 0x0000000086a00000| Untracked 
| 107|0x0000000086b00000, 0x0000000086c00000, 0x0000000086c00000|100%| O|  |TAMS 0x0000000086c00000, 0x0000000086b00000| Untracked 
| 108|0x0000000086c00000, 0x0000000086d00000, 0x0000000086d00000|100%| O|  |TAMS 0x0000000086c00000, 0x0000000086c00000| Untracked 
| 109|0x0000000086d00000, 0x0000000086e00000, 0x0000000086e00000|100%| O|  |TAMS 0x0000000086d00000, 0x0000000086d00000| Untracked 
| 110|0x0000000086e00000, 0x0000000086f00000, 0x0000000086f00000|100%| O|  |TAMS 0x0000000086e00000, 0x0000000086e00000| Untracked 
| 111|0x0000000086f00000, 0x0000000087000000, 0x0000000087000000|100%| O|  |TAMS 0x0000000086f00000, 0x0000000086f00000| Untracked 
| 112|0x0000000087000000, 0x0000000087100000, 0x0000000087100000|100%| O|  |TAMS 0x0000000087000000, 0x0000000087000000| Untracked 
| 113|0x0000000087100000, 0x0000000087200000, 0x0000000087200000|100%| O|  |TAMS 0x0000000087100000, 0x0000000087100000| Untracked 
| 114|0x0000000087200000, 0x0000000087300000, 0x0000000087300000|100%| O|  |TAMS 0x0000000087200000, 0x0000000087200000| Untracked 
| 115|0x0000000087300000, 0x0000000087400000, 0x0000000087400000|100%| O|  |TAMS 0x0000000087300000, 0x0000000087300000| Untracked 
| 116|0x0000000087400000, 0x0000000087500000, 0x0000000087500000|100%| O|  |TAMS 0x0000000087400000, 0x0000000087400000| Untracked 
| 117|0x0000000087500000, 0x0000000087600000, 0x0000000087600000|100%| O|  |TAMS 0x0000000087500000, 0x0000000087500000| Untracked 
| 118|0x0000000087600000, 0x0000000087700000, 0x0000000087700000|100%| O|  |TAMS 0x0000000087700000, 0x0000000087600000| Untracked 
| 119|0x0000000087700000, 0x0000000087800000, 0x0000000087800000|100%| O|  |TAMS 0x0000000087700000, 0x0000000087700000| Untracked 
| 120|0x0000000087800000, 0x0000000087900000, 0x0000000087900000|100%| O|  |TAMS 0x0000000087800000, 0x0000000087800000| Untracked 
| 121|0x0000000087900000, 0x0000000087a00000, 0x0000000087a00000|100%| O|  |TAMS 0x0000000087a00000, 0x0000000087900000| Untracked 
| 122|0x0000000087a00000, 0x0000000087b00000, 0x0000000087b00000|100%| O|  |TAMS 0x0000000087b00000, 0x0000000087a00000| Untracked 
| 123|0x0000000087b00000, 0x0000000087c00000, 0x0000000087c00000|100%| O|  |TAMS 0x0000000087c00000, 0x0000000087b00000| Untracked 
| 124|0x0000000087c00000, 0x0000000087d00000, 0x0000000087d00000|100%| O|  |TAMS 0x0000000087d00000, 0x0000000087c00000| Untracked 
| 125|0x0000000087d00000, 0x0000000087e00000, 0x0000000087e00000|100%| O|  |TAMS 0x0000000087e00000, 0x0000000087d00000| Untracked 
| 126|0x0000000087e00000, 0x0000000087f00000, 0x0000000087f00000|100%| O|  |TAMS 0x0000000087f00000, 0x0000000087e00000| Untracked 
| 127|0x0000000087f00000, 0x0000000088000000, 0x0000000088000000|100%| O|  |TAMS 0x0000000088000000, 0x0000000087f00000| Untracked 
| 128|0x0000000088000000, 0x0000000088100000, 0x0000000088100000|100%| O|  |TAMS 0x0000000088100000, 0x0000000088000000| Untracked 
| 129|0x0000000088100000, 0x0000000088200000, 0x0000000088200000|100%| O|  |TAMS 0x0000000088200000, 0x0000000088100000| Untracked 
| 130|0x0000000088200000, 0x0000000088300000, 0x0000000088300000|100%| O|  |TAMS 0x0000000088300000, 0x0000000088200000| Untracked 
| 131|0x0000000088300000, 0x0000000088400000, 0x0000000088400000|100%|HS|  |TAMS 0x0000000088400000, 0x0000000088300000| Complete 
| 132|0x0000000088400000, 0x0000000088500000, 0x0000000088500000|100%| O|  |TAMS 0x0000000088500000, 0x0000000088400000| Untracked 
| 133|0x0000000088500000, 0x0000000088600000, 0x0000000088600000|100%| O|  |TAMS 0x0000000088500000, 0x0000000088500000| Untracked 
| 134|0x0000000088600000, 0x0000000088700000, 0x0000000088700000|100%| O|  |TAMS 0x0000000088600000, 0x0000000088600000| Untracked 
| 135|0x0000000088700000, 0x0000000088800000, 0x0000000088800000|100%| O|  |TAMS 0x0000000088800000, 0x0000000088700000| Untracked 
| 136|0x0000000088800000, 0x0000000088900000, 0x0000000088900000|100%| O|  |TAMS 0x0000000088900000, 0x0000000088800000| Untracked 
| 137|0x0000000088900000, 0x0000000088a00000, 0x0000000088a00000|100%| O|  |TAMS 0x0000000088a00000, 0x0000000088900000| Untracked 
| 138|0x0000000088a00000, 0x0000000088b00000, 0x0000000088b00000|100%| O|  |TAMS 0x0000000088b00000, 0x0000000088a00000| Untracked 
| 139|0x0000000088b00000, 0x0000000088c00000, 0x0000000088c00000|100%| O|  |TAMS 0x0000000088c00000, 0x0000000088b00000| Untracked 
| 140|0x0000000088c00000, 0x0000000088d00000, 0x0000000088d00000|100%| O|  |TAMS 0x0000000088d00000, 0x0000000088c00000| Untracked 
| 141|0x0000000088d00000, 0x0000000088e00000, 0x0000000088e00000|100%| O|  |TAMS 0x0000000088e00000, 0x0000000088d00000| Untracked 
| 142|0x0000000088e00000, 0x0000000088f00000, 0x0000000088f00000|100%| O|  |TAMS 0x0000000088f00000, 0x0000000088e00000| Untracked 
| 143|0x0000000088f00000, 0x0000000089000000, 0x0000000089000000|100%|HS|  |TAMS 0x0000000089000000, 0x0000000088f00000| Complete 
| 144|0x0000000089000000, 0x0000000089100000, 0x0000000089100000|100%|HS|  |TAMS 0x0000000089100000, 0x0000000089000000| Complete 
| 145|0x0000000089100000, 0x0000000089200000, 0x0000000089200000|100%|HC|  |TAMS 0x0000000089200000, 0x0000000089100000| Complete 
| 146|0x0000000089200000, 0x0000000089300000, 0x0000000089300000|100%|HS|  |TAMS 0x0000000089300000, 0x0000000089200000| Complete 
| 147|0x0000000089300000, 0x0000000089400000, 0x0000000089400000|100%| O|  |TAMS 0x0000000089400000, 0x0000000089300000| Untracked 
| 148|0x0000000089400000, 0x0000000089500000, 0x0000000089500000|100%| O|  |TAMS 0x0000000089500000, 0x0000000089400000| Untracked 
| 149|0x0000000089500000, 0x0000000089600000, 0x0000000089600000|100%| O|  |TAMS 0x0000000089600000, 0x0000000089500000| Untracked 
| 150|0x0000000089600000, 0x0000000089700000, 0x0000000089700000|100%| O|  |TAMS 0x0000000089700000, 0x0000000089600000| Untracked 
| 151|0x0000000089700000, 0x0000000089800000, 0x0000000089800000|100%| O|  |TAMS 0x0000000089800000, 0x0000000089700000| Untracked 
| 152|0x0000000089800000, 0x0000000089900000, 0x0000000089900000|100%|HS|  |TAMS 0x0000000089900000, 0x0000000089800000| Complete 
| 153|0x0000000089900000, 0x0000000089a00000, 0x0000000089a00000|100%|HC|  |TAMS 0x0000000089a00000, 0x0000000089900000| Complete 
| 154|0x0000000089a00000, 0x0000000089b00000, 0x0000000089b00000|100%|HC|  |TAMS 0x0000000089b00000, 0x0000000089a00000| Complete 
| 155|0x0000000089b00000, 0x0000000089c00000, 0x0000000089c00000|100%|HC|  |TAMS 0x0000000089c00000, 0x0000000089b00000| Complete 
| 156|0x0000000089c00000, 0x0000000089d00000, 0x0000000089d00000|100%| O|  |TAMS 0x0000000089c00000, 0x0000000089c00000| Untracked 
| 157|0x0000000089d00000, 0x0000000089e00000, 0x0000000089e00000|100%| O|  |TAMS 0x0000000089e00000, 0x0000000089d00000| Untracked 
| 158|0x0000000089e00000, 0x0000000089f00000, 0x0000000089f00000|100%| O|  |TAMS 0x0000000089f00000, 0x0000000089e00000| Untracked 
| 159|0x0000000089f00000, 0x000000008a000000, 0x000000008a000000|100%| O|  |TAMS 0x000000008a000000, 0x0000000089f00000| Untracked 
| 160|0x000000008a000000, 0x000000008a100000, 0x000000008a100000|100%| O|  |TAMS 0x000000008a100000, 0x000000008a000000| Untracked 
| 161|0x000000008a100000, 0x000000008a200000, 0x000000008a200000|100%| O|  |TAMS 0x000000008a100000, 0x000000008a100000| Untracked 
| 162|0x000000008a200000, 0x000000008a300000, 0x000000008a300000|100%| O|  |TAMS 0x000000008a300000, 0x000000008a200000| Untracked 
| 163|0x000000008a300000, 0x000000008a400000, 0x000000008a400000|100%| O|  |TAMS 0x000000008a300000, 0x000000008a300000| Untracked 
| 164|0x000000008a400000, 0x000000008a500000, 0x000000008a500000|100%| O|  |TAMS 0x000000008a400000, 0x000000008a400000| Untracked 
| 165|0x000000008a500000, 0x000000008a600000, 0x000000008a600000|100%| O|  |TAMS 0x000000008a500000, 0x000000008a500000| Untracked 
| 166|0x000000008a600000, 0x000000008a700000, 0x000000008a700000|100%| O|  |TAMS 0x000000008a700000, 0x000000008a600000| Untracked 
| 167|0x000000008a700000, 0x000000008a800000, 0x000000008a800000|100%| O|  |TAMS 0x000000008a700000, 0x000000008a700000| Untracked 
| 168|0x000000008a800000, 0x000000008a900000, 0x000000008a900000|100%| O|  |TAMS 0x000000008a900000, 0x000000008a800000| Untracked 
| 169|0x000000008a900000, 0x000000008aa00000, 0x000000008aa00000|100%|HS|  |TAMS 0x000000008aa00000, 0x000000008a900000| Complete 
| 170|0x000000008aa00000, 0x000000008ab00000, 0x000000008ab00000|100%|HC|  |TAMS 0x000000008ab00000, 0x000000008aa00000| Complete 
| 171|0x000000008ab00000, 0x000000008ac00000, 0x000000008ac00000|100%|HS|  |TAMS 0x000000008ac00000, 0x000000008ab00000| Complete 
| 172|0x000000008ac00000, 0x000000008ad00000, 0x000000008ad00000|100%|HS|  |TAMS 0x000000008ad00000, 0x000000008ac00000| Complete 
| 173|0x000000008ad00000, 0x000000008ae00000, 0x000000008ae00000|100%| O|  |TAMS 0x000000008ae00000, 0x000000008ad00000| Untracked 
| 174|0x000000008ae00000, 0x000000008af00000, 0x000000008af00000|100%|HS|  |TAMS 0x000000008af00000, 0x000000008ae00000| Complete 
| 175|0x000000008af00000, 0x000000008b000000, 0x000000008b000000|100%| O|  |TAMS 0x000000008b000000, 0x000000008af00000| Untracked 
| 176|0x000000008b000000, 0x000000008b100000, 0x000000008b100000|100%| O|  |TAMS 0x000000008b100000, 0x000000008b000000| Untracked 
| 177|0x000000008b100000, 0x000000008b200000, 0x000000008b200000|100%| O|  |TAMS 0x000000008b200000, 0x000000008b100000| Untracked 
| 178|0x000000008b200000, 0x000000008b300000, 0x000000008b300000|100%|HS|  |TAMS 0x000000008b300000, 0x000000008b200000| Complete 
| 179|0x000000008b300000, 0x000000008b400000, 0x000000008b400000|100%| O|  |TAMS 0x000000008b400000, 0x000000008b300000| Untracked 
| 180|0x000000008b400000, 0x000000008b500000, 0x000000008b500000|100%| O|  |TAMS 0x000000008b500000, 0x000000008b400000| Untracked 
| 181|0x000000008b500000, 0x000000008b600000, 0x000000008b600000|100%| O|  |TAMS 0x000000008b600000, 0x000000008b500000| Untracked 
| 182|0x000000008b600000, 0x000000008b700000, 0x000000008b700000|100%| O|  |TAMS 0x000000008b700000, 0x000000008b600000| Untracked 
| 183|0x000000008b700000, 0x000000008b800000, 0x000000008b800000|100%| O|  |TAMS 0x000000008b800000, 0x000000008b700000| Untracked 
| 184|0x000000008b800000, 0x000000008b900000, 0x000000008b900000|100%| O|  |TAMS 0x000000008b900000, 0x000000008b800000| Untracked 
| 185|0x000000008b900000, 0x000000008ba00000, 0x000000008ba00000|100%| O|  |TAMS 0x000000008b900000, 0x000000008b900000| Untracked 
| 186|0x000000008ba00000, 0x000000008bb00000, 0x000000008bb00000|100%| O|  |TAMS 0x000000008ba00000, 0x000000008ba00000| Untracked 
| 187|0x000000008bb00000, 0x000000008bc00000, 0x000000008bc00000|100%| O|  |TAMS 0x000000008bb00000, 0x000000008bb00000| Untracked 
| 188|0x000000008bc00000, 0x000000008bd00000, 0x000000008bd00000|100%| O|  |TAMS 0x000000008bc00000, 0x000000008bc00000| Untracked 
| 189|0x000000008bd00000, 0x000000008be00000, 0x000000008be00000|100%|HS|  |TAMS 0x000000008be00000, 0x000000008bd00000| Complete 
| 190|0x000000008be00000, 0x000000008bf00000, 0x000000008bf00000|100%|HC|  |TAMS 0x000000008bf00000, 0x000000008be00000| Complete 
| 191|0x000000008bf00000, 0x000000008c000000, 0x000000008c000000|100%|HC|  |TAMS 0x000000008c000000, 0x000000008bf00000| Complete 
| 192|0x000000008c000000, 0x000000008c100000, 0x000000008c100000|100%|HC|  |TAMS 0x000000008c100000, 0x000000008c000000| Complete 
| 193|0x000000008c100000, 0x000000008c200000, 0x000000008c200000|100%| O|  |TAMS 0x000000008c200000, 0x000000008c100000| Untracked 
| 194|0x000000008c200000, 0x000000008c300000, 0x000000008c300000|100%| O|  |TAMS 0x000000008c200000, 0x000000008c200000| Untracked 
| 195|0x000000008c300000, 0x000000008c400000, 0x000000008c400000|100%| O|  |TAMS 0x000000008c300000, 0x000000008c300000| Untracked 
| 196|0x000000008c400000, 0x000000008c500000, 0x000000008c500000|100%| O|  |TAMS 0x000000008c500000, 0x000000008c400000| Untracked 
| 197|0x000000008c500000, 0x000000008c600000, 0x000000008c600000|100%| O|  |TAMS 0x000000008c500000, 0x000000008c500000| Untracked 
| 198|0x000000008c600000, 0x000000008c700000, 0x000000008c700000|100%| O|  |TAMS 0x000000008c600000, 0x000000008c600000| Untracked 
| 199|0x000000008c700000, 0x000000008c800000, 0x000000008c800000|100%| O|  |TAMS 0x000000008c800000, 0x000000008c700000| Untracked 
| 200|0x000000008c800000, 0x000000008c900000, 0x000000008c900000|100%| O|  |TAMS 0x000000008c900000, 0x000000008c800000| Untracked 
| 201|0x000000008c900000, 0x000000008ca00000, 0x000000008ca00000|100%| O|  |TAMS 0x000000008ca00000, 0x000000008c900000| Untracked 
| 202|0x000000008ca00000, 0x000000008cb00000, 0x000000008cb00000|100%| O|  |TAMS 0x000000008cb00000, 0x000000008ca00000| Untracked 
| 203|0x000000008cb00000, 0x000000008cc00000, 0x000000008cc00000|100%| O|  |TAMS 0x000000008cc00000, 0x000000008cb00000| Untracked 
| 204|0x000000008cc00000, 0x000000008cd00000, 0x000000008cd00000|100%| O|  |TAMS 0x000000008cd00000, 0x000000008cc00000| Untracked 
| 205|0x000000008cd00000, 0x000000008ce00000, 0x000000008ce00000|100%| O|  |TAMS 0x000000008cd00000, 0x000000008cd00000| Untracked 
| 206|0x000000008ce00000, 0x000000008cf00000, 0x000000008cf00000|100%| O|  |TAMS 0x000000008ce00000, 0x000000008ce00000| Untracked 
| 207|0x000000008cf00000, 0x000000008d000000, 0x000000008d000000|100%| O|  |TAMS 0x000000008cf00000, 0x000000008cf00000| Untracked 
| 208|0x000000008d000000, 0x000000008d075400, 0x000000008d100000| 45%| O|  |TAMS 0x000000008d000000, 0x000000008d000000| Untracked 
| 209|0x000000008d100000, 0x000000008d100000, 0x000000008d200000|  0%| F|  |TAMS 0x000000008d100000, 0x000000008d100000| Untracked 
| 210|0x000000008d200000, 0x000000008d200000, 0x000000008d300000|  0%| F|  |TAMS 0x000000008d200000, 0x000000008d200000| Untracked 
| 211|0x000000008d300000, 0x000000008d400000, 0x000000008d400000|100%| O|  |TAMS 0x000000008d400000, 0x000000008d300000| Untracked 
| 212|0x000000008d400000, 0x000000008d500000, 0x000000008d500000|100%| O|  |TAMS 0x000000008d500000, 0x000000008d400000| Untracked 
| 213|0x000000008d500000, 0x000000008d500000, 0x000000008d600000|  0%| F|  |TAMS 0x000000008d500000, 0x000000008d500000| Untracked 
| 214|0x000000008d600000, 0x000000008d600000, 0x000000008d700000|  0%| F|  |TAMS 0x000000008d600000, 0x000000008d600000| Untracked 
| 215|0x000000008d700000, 0x000000008d800000, 0x000000008d800000|100%| O|  |TAMS 0x000000008d800000, 0x000000008d700000| Untracked 
| 216|0x000000008d800000, 0x000000008d800000, 0x000000008d900000|  0%| F|  |TAMS 0x000000008d800000, 0x000000008d800000| Untracked 
| 217|0x000000008d900000, 0x000000008d900000, 0x000000008da00000|  0%| F|  |TAMS 0x000000008d900000, 0x000000008d900000| Untracked 
| 218|0x000000008da00000, 0x000000008da00000, 0x000000008db00000|  0%| F|  |TAMS 0x000000008da00000, 0x000000008da00000| Untracked 
| 219|0x000000008db00000, 0x000000008db00000, 0x000000008dc00000|  0%| F|  |TAMS 0x000000008db00000, 0x000000008db00000| Untracked 
| 220|0x000000008dc00000, 0x000000008dc00000, 0x000000008dd00000|  0%| F|  |TAMS 0x000000008dc00000, 0x000000008dc00000| Untracked 
| 221|0x000000008dd00000, 0x000000008dd00000, 0x000000008de00000|  0%| F|  |TAMS 0x000000008dd00000, 0x000000008dd00000| Untracked 
| 222|0x000000008de00000, 0x000000008de00000, 0x000000008df00000|  0%| F|  |TAMS 0x000000008de00000, 0x000000008de00000| Untracked 
| 223|0x000000008df00000, 0x000000008e000000, 0x000000008e000000|100%|HS|  |TAMS 0x000000008e000000, 0x000000008df00000| Complete 
| 224|0x000000008e000000, 0x000000008e100000, 0x000000008e100000|100%|HC|  |TAMS 0x000000008e100000, 0x000000008e000000| Complete 
| 225|0x000000008e100000, 0x000000008e200000, 0x000000008e200000|100%|HC|  |TAMS 0x000000008e200000, 0x000000008e100000| Complete 
| 226|0x000000008e200000, 0x000000008e300000, 0x000000008e300000|100%|HS|  |TAMS 0x000000008e300000, 0x000000008e200000| Complete 
| 227|0x000000008e300000, 0x000000008e400000, 0x000000008e400000|100%|HC|  |TAMS 0x000000008e400000, 0x000000008e300000| Complete 
| 228|0x000000008e400000, 0x000000008e500000, 0x000000008e500000|100%|HC|  |TAMS 0x000000008e500000, 0x000000008e400000| Complete 
| 229|0x000000008e500000, 0x000000008e600000, 0x000000008e600000|100%|HS|  |TAMS 0x000000008e600000, 0x000000008e500000| Complete 
| 230|0x000000008e600000, 0x000000008e700000, 0x000000008e700000|100%|HC|  |TAMS 0x000000008e700000, 0x000000008e600000| Complete 
| 231|0x000000008e700000, 0x000000008e800000, 0x000000008e800000|100%|HC|  |TAMS 0x000000008e800000, 0x000000008e700000| Complete 
| 232|0x000000008e800000, 0x000000008e900000, 0x000000008e900000|100%| O|  |TAMS 0x000000008e900000, 0x000000008e800000| Untracked 
| 233|0x000000008e900000, 0x000000008ea00000, 0x000000008ea00000|100%| O|  |TAMS 0x000000008ea00000, 0x000000008e900000| Untracked 
| 234|0x000000008ea00000, 0x000000008eb00000, 0x000000008eb00000|100%| O|  |TAMS 0x000000008eb00000, 0x000000008ea00000| Untracked 
| 235|0x000000008eb00000, 0x000000008ec00000, 0x000000008ec00000|100%| O|  |TAMS 0x000000008ec00000, 0x000000008eb00000| Untracked 
| 236|0x000000008ec00000, 0x000000008ed00000, 0x000000008ed00000|100%| O|  |TAMS 0x000000008ed00000, 0x000000008ec00000| Untracked 
| 237|0x000000008ed00000, 0x000000008ee00000, 0x000000008ee00000|100%| O|  |TAMS 0x000000008ee00000, 0x000000008ed00000| Untracked 
| 238|0x000000008ee00000, 0x000000008ef00000, 0x000000008ef00000|100%| O|  |TAMS 0x000000008ef00000, 0x000000008ee00000| Untracked 
| 239|0x000000008ef00000, 0x000000008f000000, 0x000000008f000000|100%| O|  |TAMS 0x000000008f000000, 0x000000008ef00000| Untracked 
| 240|0x000000008f000000, 0x000000008f100000, 0x000000008f100000|100%| O|  |TAMS 0x000000008f100000, 0x000000008f000000| Untracked 
| 241|0x000000008f100000, 0x000000008f100000, 0x000000008f200000|  0%| F|  |TAMS 0x000000008f100000, 0x000000008f100000| Untracked 
| 242|0x000000008f200000, 0x000000008f200000, 0x000000008f300000|  0%| F|  |TAMS 0x000000008f200000, 0x000000008f200000| Untracked 
| 243|0x000000008f300000, 0x000000008f300000, 0x000000008f400000|  0%| F|  |TAMS 0x000000008f300000, 0x000000008f300000| Untracked 
| 244|0x000000008f400000, 0x000000008f400000, 0x000000008f500000|  0%| F|  |TAMS 0x000000008f400000, 0x000000008f400000| Untracked 
| 245|0x000000008f500000, 0x000000008f500000, 0x000000008f600000|  0%| F|  |TAMS 0x000000008f500000, 0x000000008f500000| Untracked 
| 246|0x000000008f600000, 0x000000008f600000, 0x000000008f700000|  0%| F|  |TAMS 0x000000008f600000, 0x000000008f600000| Untracked 
| 247|0x000000008f700000, 0x000000008f700000, 0x000000008f800000|  0%| F|  |TAMS 0x000000008f700000, 0x000000008f700000| Untracked 
| 248|0x000000008f800000, 0x000000008f800000, 0x000000008f900000|  0%| F|  |TAMS 0x000000008f800000, 0x000000008f800000| Untracked 
| 249|0x000000008f900000, 0x000000008f900000, 0x000000008fa00000|  0%| F|  |TAMS 0x000000008f900000, 0x000000008f900000| Untracked 
| 250|0x000000008fa00000, 0x000000008fa00000, 0x000000008fb00000|  0%| F|  |TAMS 0x000000008fa00000, 0x000000008fa00000| Untracked 
| 251|0x000000008fb00000, 0x000000008fb00000, 0x000000008fc00000|  0%| F|  |TAMS 0x000000008fb00000, 0x000000008fb00000| Untracked 
| 252|0x000000008fc00000, 0x000000008fc00000, 0x000000008fd00000|  0%| F|  |TAMS 0x000000008fc00000, 0x000000008fc00000| Untracked 
| 253|0x000000008fd00000, 0x000000008fd00000, 0x000000008fe00000|  0%| F|  |TAMS 0x000000008fd00000, 0x000000008fd00000| Untracked 
| 254|0x000000008fe00000, 0x000000008fe00000, 0x000000008ff00000|  0%| F|  |TAMS 0x000000008fe00000, 0x000000008fe00000| Untracked 
| 255|0x000000008ff00000, 0x000000008ff00000, 0x0000000090000000|  0%| F|  |TAMS 0x000000008ff00000, 0x000000008ff00000| Untracked 
| 256|0x0000000090000000, 0x0000000090000000, 0x0000000090100000|  0%| F|  |TAMS 0x0000000090000000, 0x0000000090000000| Untracked 
| 257|0x0000000090100000, 0x0000000090100000, 0x0000000090200000|  0%| F|  |TAMS 0x0000000090100000, 0x0000000090100000| Untracked 
| 258|0x0000000090200000, 0x0000000090200000, 0x0000000090300000|  0%| F|  |TAMS 0x0000000090200000, 0x0000000090200000| Untracked 
| 259|0x0000000090300000, 0x0000000090300000, 0x0000000090400000|  0%| F|  |TAMS 0x0000000090300000, 0x0000000090300000| Untracked 
| 260|0x0000000090400000, 0x0000000090400000, 0x0000000090500000|  0%| F|  |TAMS 0x0000000090400000, 0x0000000090400000| Untracked 
| 261|0x0000000090500000, 0x0000000090500000, 0x0000000090600000|  0%| F|  |TAMS 0x0000000090500000, 0x0000000090500000| Untracked 
| 262|0x0000000090600000, 0x0000000090600000, 0x0000000090700000|  0%| F|  |TAMS 0x0000000090600000, 0x0000000090600000| Untracked 
| 263|0x0000000090700000, 0x0000000090700000, 0x0000000090800000|  0%| F|  |TAMS 0x0000000090700000, 0x0000000090700000| Untracked 
| 264|0x0000000090800000, 0x0000000090800000, 0x0000000090900000|  0%| F|  |TAMS 0x0000000090800000, 0x0000000090800000| Untracked 
| 265|0x0000000090900000, 0x0000000090900000, 0x0000000090a00000|  0%| F|  |TAMS 0x0000000090900000, 0x0000000090900000| Untracked 
| 266|0x0000000090a00000, 0x0000000090a00000, 0x0000000090b00000|  0%| F|  |TAMS 0x0000000090a00000, 0x0000000090a00000| Untracked 
| 267|0x0000000090b00000, 0x0000000090b00000, 0x0000000090c00000|  0%| F|  |TAMS 0x0000000090b00000, 0x0000000090b00000| Untracked 
| 268|0x0000000090c00000, 0x0000000090c00000, 0x0000000090d00000|  0%| F|  |TAMS 0x0000000090c00000, 0x0000000090c00000| Untracked 
| 269|0x0000000090d00000, 0x0000000090d00000, 0x0000000090e00000|  0%| F|  |TAMS 0x0000000090d00000, 0x0000000090d00000| Untracked 
| 270|0x0000000090e00000, 0x0000000090e00000, 0x0000000090f00000|  0%| F|  |TAMS 0x0000000090e00000, 0x0000000090e00000| Untracked 
| 271|0x0000000090f00000, 0x0000000090f00000, 0x0000000091000000|  0%| F|  |TAMS 0x0000000090f00000, 0x0000000090f00000| Untracked 
| 272|0x0000000091000000, 0x0000000091000000, 0x0000000091100000|  0%| F|  |TAMS 0x0000000091000000, 0x0000000091000000| Untracked 
| 273|0x0000000091100000, 0x0000000091100000, 0x0000000091200000|  0%| F|  |TAMS 0x0000000091100000, 0x0000000091100000| Untracked 
| 274|0x0000000091200000, 0x0000000091200000, 0x0000000091300000|  0%| F|  |TAMS 0x0000000091200000, 0x0000000091200000| Untracked 
| 275|0x0000000091300000, 0x0000000091300000, 0x0000000091400000|  0%| F|  |TAMS 0x0000000091300000, 0x0000000091300000| Untracked 
| 276|0x0000000091400000, 0x0000000091400000, 0x0000000091500000|  0%| F|  |TAMS 0x0000000091400000, 0x0000000091400000| Untracked 
| 277|0x0000000091500000, 0x0000000091500000, 0x0000000091600000|  0%| F|  |TAMS 0x0000000091500000, 0x0000000091500000| Untracked 
| 278|0x0000000091600000, 0x0000000091600000, 0x0000000091700000|  0%| F|  |TAMS 0x0000000091600000, 0x0000000091600000| Untracked 
| 279|0x0000000091700000, 0x0000000091700000, 0x0000000091800000|  0%| F|  |TAMS 0x0000000091700000, 0x0000000091700000| Untracked 
| 280|0x0000000091800000, 0x0000000091800000, 0x0000000091900000|  0%| F|  |TAMS 0x0000000091800000, 0x0000000091800000| Untracked 
| 281|0x0000000091900000, 0x00000000919dd6e0, 0x0000000091a00000| 86%| S|CS|TAMS 0x0000000091900000, 0x0000000091900000| Complete 
| 282|0x0000000091a00000, 0x0000000091b00000, 0x0000000091b00000|100%| S|CS|TAMS 0x0000000091a00000, 0x0000000091a00000| Complete 
| 283|0x0000000091b00000, 0x0000000091c00000, 0x0000000091c00000|100%| S|CS|TAMS 0x0000000091b00000, 0x0000000091b00000| Complete 
| 284|0x0000000091c00000, 0x0000000091d00000, 0x0000000091d00000|100%| S|CS|TAMS 0x0000000091c00000, 0x0000000091c00000| Complete 
| 285|0x0000000091d00000, 0x0000000091e00000, 0x0000000091e00000|100%| S|CS|TAMS 0x0000000091d00000, 0x0000000091d00000| Complete 
| 286|0x0000000091e00000, 0x0000000091e00000, 0x0000000091f00000|  0%| F|  |TAMS 0x0000000091e00000, 0x0000000091e00000| Untracked 
| 287|0x0000000091f00000, 0x0000000091f00000, 0x0000000092000000|  0%| F|  |TAMS 0x0000000091f00000, 0x0000000091f00000| Untracked 
| 288|0x0000000092000000, 0x0000000092000000, 0x0000000092100000|  0%| F|  |TAMS 0x0000000092000000, 0x0000000092000000| Untracked 
| 289|0x0000000092100000, 0x0000000092100000, 0x0000000092200000|  0%| F|  |TAMS 0x0000000092100000, 0x0000000092100000| Untracked 
| 290|0x0000000092200000, 0x0000000092200000, 0x0000000092300000|  0%| F|  |TAMS 0x0000000092200000, 0x0000000092200000| Untracked 
| 291|0x0000000092300000, 0x0000000092300000, 0x0000000092400000|  0%| F|  |TAMS 0x0000000092300000, 0x0000000092300000| Untracked 
| 292|0x0000000092400000, 0x0000000092400000, 0x0000000092500000|  0%| F|  |TAMS 0x0000000092400000, 0x0000000092400000| Untracked 
| 293|0x0000000092500000, 0x0000000092500000, 0x0000000092600000|  0%| F|  |TAMS 0x0000000092500000, 0x0000000092500000| Untracked 
| 294|0x0000000092600000, 0x0000000092600000, 0x0000000092700000|  0%| F|  |TAMS 0x0000000092600000, 0x0000000092600000| Untracked 
| 295|0x0000000092700000, 0x0000000092700000, 0x0000000092800000|  0%| F|  |TAMS 0x0000000092700000, 0x0000000092700000| Untracked 
| 296|0x0000000092800000, 0x0000000092800000, 0x0000000092900000|  0%| F|  |TAMS 0x0000000092800000, 0x0000000092800000| Untracked 
| 297|0x0000000092900000, 0x0000000092900000, 0x0000000092a00000|  0%| F|  |TAMS 0x0000000092900000, 0x0000000092900000| Untracked 
| 298|0x0000000092a00000, 0x0000000092a00000, 0x0000000092b00000|  0%| F|  |TAMS 0x0000000092a00000, 0x0000000092a00000| Untracked 
| 299|0x0000000092b00000, 0x0000000092b00000, 0x0000000092c00000|  0%| F|  |TAMS 0x0000000092b00000, 0x0000000092b00000| Untracked 
| 300|0x0000000092c00000, 0x0000000092c00000, 0x0000000092d00000|  0%| F|  |TAMS 0x0000000092c00000, 0x0000000092c00000| Untracked 
| 301|0x0000000092d00000, 0x0000000092d00000, 0x0000000092e00000|  0%| F|  |TAMS 0x0000000092d00000, 0x0000000092d00000| Untracked 
| 302|0x0000000092e00000, 0x0000000092e00000, 0x0000000092f00000|  0%| F|  |TAMS 0x0000000092e00000, 0x0000000092e00000| Untracked 
| 303|0x0000000092f00000, 0x0000000092f00000, 0x0000000093000000|  0%| F|  |TAMS 0x0000000092f00000, 0x0000000092f00000| Untracked 
| 304|0x0000000093000000, 0x0000000093000000, 0x0000000093100000|  0%| F|  |TAMS 0x0000000093000000, 0x0000000093000000| Untracked 
| 305|0x0000000093100000, 0x0000000093100000, 0x0000000093200000|  0%| F|  |TAMS 0x0000000093100000, 0x0000000093100000| Untracked 
| 306|0x0000000093200000, 0x0000000093200000, 0x0000000093300000|  0%| F|  |TAMS 0x0000000093200000, 0x0000000093200000| Untracked 
| 307|0x0000000093300000, 0x0000000093300000, 0x0000000093400000|  0%| F|  |TAMS 0x0000000093300000, 0x0000000093300000| Untracked 
| 308|0x0000000093400000, 0x0000000093400000, 0x0000000093500000|  0%| F|  |TAMS 0x0000000093400000, 0x0000000093400000| Untracked 
| 309|0x0000000093500000, 0x0000000093500000, 0x0000000093600000|  0%| F|  |TAMS 0x0000000093500000, 0x0000000093500000| Untracked 
| 310|0x0000000093600000, 0x0000000093600000, 0x0000000093700000|  0%| F|  |TAMS 0x0000000093600000, 0x0000000093600000| Untracked 
| 311|0x0000000093700000, 0x0000000093700000, 0x0000000093800000|  0%| F|  |TAMS 0x0000000093700000, 0x0000000093700000| Untracked 
| 312|0x0000000093800000, 0x0000000093800000, 0x0000000093900000|  0%| F|  |TAMS 0x0000000093800000, 0x0000000093800000| Untracked 
| 313|0x0000000093900000, 0x0000000093900000, 0x0000000093a00000|  0%| F|  |TAMS 0x0000000093900000, 0x0000000093900000| Untracked 
| 314|0x0000000093a00000, 0x0000000093a00000, 0x0000000093b00000|  0%| F|  |TAMS 0x0000000093a00000, 0x0000000093a00000| Untracked 
| 315|0x0000000093b00000, 0x0000000093b00000, 0x0000000093c00000|  0%| F|  |TAMS 0x0000000093b00000, 0x0000000093b00000| Untracked 
| 316|0x0000000093c00000, 0x0000000093c00000, 0x0000000093d00000|  0%| F|  |TAMS 0x0000000093c00000, 0x0000000093c00000| Untracked 
| 317|0x0000000093d00000, 0x0000000093d00000, 0x0000000093e00000|  0%| F|  |TAMS 0x0000000093d00000, 0x0000000093d00000| Untracked 
| 318|0x0000000093e00000, 0x0000000093e00000, 0x0000000093f00000|  0%| F|  |TAMS 0x0000000093e00000, 0x0000000093e00000| Untracked 
| 319|0x0000000093f00000, 0x0000000093f00000, 0x0000000094000000|  0%| F|  |TAMS 0x0000000093f00000, 0x0000000093f00000| Untracked 
| 320|0x0000000094000000, 0x0000000094000000, 0x0000000094100000|  0%| F|  |TAMS 0x0000000094000000, 0x0000000094000000| Untracked 
| 321|0x0000000094100000, 0x0000000094100000, 0x0000000094200000|  0%| F|  |TAMS 0x0000000094100000, 0x0000000094100000| Untracked 
| 322|0x0000000094200000, 0x0000000094200000, 0x0000000094300000|  0%| F|  |TAMS 0x0000000094200000, 0x0000000094200000| Untracked 
| 323|0x0000000094300000, 0x0000000094300000, 0x0000000094400000|  0%| F|  |TAMS 0x0000000094300000, 0x0000000094300000| Untracked 
| 324|0x0000000094400000, 0x0000000094400000, 0x0000000094500000|  0%| F|  |TAMS 0x0000000094400000, 0x0000000094400000| Untracked 
| 325|0x0000000094500000, 0x0000000094500000, 0x0000000094600000|  0%| F|  |TAMS 0x0000000094500000, 0x0000000094500000| Untracked 
| 326|0x0000000094600000, 0x0000000094600000, 0x0000000094700000|  0%| F|  |TAMS 0x0000000094600000, 0x0000000094600000| Untracked 
| 327|0x0000000094700000, 0x0000000094700000, 0x0000000094800000|  0%| F|  |TAMS 0x0000000094700000, 0x0000000094700000| Untracked 
| 328|0x0000000094800000, 0x0000000094800000, 0x0000000094900000|  0%| F|  |TAMS 0x0000000094800000, 0x0000000094800000| Untracked 
| 329|0x0000000094900000, 0x0000000094900000, 0x0000000094a00000|  0%| F|  |TAMS 0x0000000094900000, 0x0000000094900000| Untracked 
| 330|0x0000000094a00000, 0x0000000094a00000, 0x0000000094b00000|  0%| F|  |TAMS 0x0000000094a00000, 0x0000000094a00000| Untracked 
| 331|0x0000000094b00000, 0x0000000094b00000, 0x0000000094c00000|  0%| F|  |TAMS 0x0000000094b00000, 0x0000000094b00000| Untracked 
| 332|0x0000000094c00000, 0x0000000094c00000, 0x0000000094d00000|  0%| F|  |TAMS 0x0000000094c00000, 0x0000000094c00000| Untracked 
| 333|0x0000000094d00000, 0x0000000094d00000, 0x0000000094e00000|  0%| F|  |TAMS 0x0000000094d00000, 0x0000000094d00000| Untracked 
| 334|0x0000000094e00000, 0x0000000094f00000, 0x0000000094f00000|100%| E|  |TAMS 0x0000000094e00000, 0x0000000094e00000| Complete 
| 335|0x0000000094f00000, 0x0000000095000000, 0x0000000095000000|100%| E|CS|TAMS 0x0000000094f00000, 0x0000000094f00000| Complete 
| 336|0x0000000095000000, 0x0000000095100000, 0x0000000095100000|100%| E|CS|TAMS 0x0000000095000000, 0x0000000095000000| Complete 
| 337|0x0000000095100000, 0x0000000095200000, 0x0000000095200000|100%| E|CS|TAMS 0x0000000095100000, 0x0000000095100000| Complete 
| 338|0x0000000095200000, 0x0000000095300000, 0x0000000095300000|100%| E|CS|TAMS 0x0000000095200000, 0x0000000095200000| Complete 
| 339|0x0000000095300000, 0x0000000095400000, 0x0000000095400000|100%| E|CS|TAMS 0x0000000095300000, 0x0000000095300000| Complete 
| 340|0x0000000095400000, 0x0000000095500000, 0x0000000095500000|100%| E|CS|TAMS 0x0000000095400000, 0x0000000095400000| Complete 
| 341|0x0000000095500000, 0x0000000095600000, 0x0000000095600000|100%| E|CS|TAMS 0x0000000095500000, 0x0000000095500000| Complete 
| 342|0x0000000095600000, 0x0000000095700000, 0x0000000095700000|100%| E|CS|TAMS 0x0000000095600000, 0x0000000095600000| Complete 
| 343|0x0000000095700000, 0x0000000095800000, 0x0000000095800000|100%| E|CS|TAMS 0x0000000095700000, 0x0000000095700000| Complete 
| 344|0x0000000095800000, 0x0000000095900000, 0x0000000095900000|100%| E|CS|TAMS 0x0000000095800000, 0x0000000095800000| Complete 
| 345|0x0000000095900000, 0x0000000095a00000, 0x0000000095a00000|100%| E|CS|TAMS 0x0000000095900000, 0x0000000095900000| Complete 
| 346|0x0000000095a00000, 0x0000000095b00000, 0x0000000095b00000|100%| E|CS|TAMS 0x0000000095a00000, 0x0000000095a00000| Complete 
| 347|0x0000000095b00000, 0x0000000095c00000, 0x0000000095c00000|100%| E|CS|TAMS 0x0000000095b00000, 0x0000000095b00000| Complete 
| 348|0x0000000095c00000, 0x0000000095d00000, 0x0000000095d00000|100%| E|CS|TAMS 0x0000000095c00000, 0x0000000095c00000| Complete 
| 349|0x0000000095d00000, 0x0000000095e00000, 0x0000000095e00000|100%| E|CS|TAMS 0x0000000095d00000, 0x0000000095d00000| Complete 
| 350|0x0000000095e00000, 0x0000000095f00000, 0x0000000095f00000|100%| E|CS|TAMS 0x0000000095e00000, 0x0000000095e00000| Complete 
| 351|0x0000000095f00000, 0x0000000096000000, 0x0000000096000000|100%| E|CS|TAMS 0x0000000095f00000, 0x0000000095f00000| Complete 
| 352|0x0000000096000000, 0x0000000096100000, 0x0000000096100000|100%| E|CS|TAMS 0x0000000096000000, 0x0000000096000000| Complete 
| 353|0x0000000096100000, 0x0000000096200000, 0x0000000096200000|100%| E|CS|TAMS 0x0000000096100000, 0x0000000096100000| Complete 
| 354|0x0000000096200000, 0x0000000096300000, 0x0000000096300000|100%| E|CS|TAMS 0x0000000096200000, 0x0000000096200000| Complete 
| 355|0x0000000096300000, 0x0000000096400000, 0x0000000096400000|100%| E|CS|TAMS 0x0000000096300000, 0x0000000096300000| Complete 
| 356|0x0000000096400000, 0x0000000096500000, 0x0000000096500000|100%| E|CS|TAMS 0x0000000096400000, 0x0000000096400000| Complete 
| 357|0x0000000096500000, 0x0000000096600000, 0x0000000096600000|100%| E|CS|TAMS 0x0000000096500000, 0x0000000096500000| Complete 
| 358|0x0000000096600000, 0x0000000096700000, 0x0000000096700000|100%| E|CS|TAMS 0x0000000096600000, 0x0000000096600000| Complete 
| 359|0x0000000096700000, 0x0000000096800000, 0x0000000096800000|100%| E|CS|TAMS 0x0000000096700000, 0x0000000096700000| Complete 
| 360|0x0000000096800000, 0x0000000096900000, 0x0000000096900000|100%| E|CS|TAMS 0x0000000096800000, 0x0000000096800000| Complete 
| 361|0x0000000096900000, 0x0000000096a00000, 0x0000000096a00000|100%| E|CS|TAMS 0x0000000096900000, 0x0000000096900000| Complete 
| 362|0x0000000096a00000, 0x0000000096b00000, 0x0000000096b00000|100%| E|CS|TAMS 0x0000000096a00000, 0x0000000096a00000| Complete 
| 363|0x0000000096b00000, 0x0000000096c00000, 0x0000000096c00000|100%| E|CS|TAMS 0x0000000096b00000, 0x0000000096b00000| Complete 
| 364|0x0000000096c00000, 0x0000000096d00000, 0x0000000096d00000|100%| E|CS|TAMS 0x0000000096c00000, 0x0000000096c00000| Complete 
| 365|0x0000000096d00000, 0x0000000096e00000, 0x0000000096e00000|100%| E|CS|TAMS 0x0000000096d00000, 0x0000000096d00000| Complete 
| 366|0x0000000096e00000, 0x0000000096f00000, 0x0000000096f00000|100%| E|CS|TAMS 0x0000000096e00000, 0x0000000096e00000| Complete 
| 367|0x0000000096f00000, 0x0000000097000000, 0x0000000097000000|100%| E|CS|TAMS 0x0000000096f00000, 0x0000000096f00000| Complete 
| 368|0x0000000097000000, 0x0000000097100000, 0x0000000097100000|100%| E|CS|TAMS 0x0000000097000000, 0x0000000097000000| Complete 

Card table byte_map: [0x000001c3330c0000,0x000001c3334c0000] _byte_map_base: 0x000001c332cc0000

Marking Bits (Prev, Next): (CMBitMap*) 0x000001c3202e8cd0, (CMBitMap*) 0x000001c3202e8d10
 Prev Bits: [0x000001c3338c0000, 0x000001c3358c0000)
 Next Bits: [0x000001c3358c0000, 0x000001c3378c0000)

Polling page: 0x000001c31e100000

Metaspace:

Usage:
  Non-class:    160.65 MB used.
      Class:     23.84 MB used.
       Both:    184.49 MB used.

Virtual space:
  Non-class space:      192.00 MB reserved,     161.25 MB ( 84%) committed,  3 nodes.
      Class space:        1.00 GB reserved,      24.38 MB (  2%) committed,  1 nodes.
             Both:        1.19 GB reserved,     185.62 MB ( 15%) committed. 

Chunk freelists:
   Non-Class:  14.31 MB
       Class:  7.57 MB
        Both:  21.88 MB

MaxMetaspaceSize: unlimited
CompressedClassSpaceSize: 1.00 GB
Initial GC threshold: 21.00 MB
Current GC threshold: 279.00 MB
CDS: off
MetaspaceReclaimPolicy: balanced
 - commit_granule_bytes: 65536.
 - commit_granule_words: 8192.
 - virtual_space_node_default_size: 8388608.
 - enlarge_chunks_in_place: 1.
 - new_chunks_are_fully_committed: 0.
 - uncommit_free_chunks: 1.
 - use_allocation_guard: 0.
 - handle_deallocations: 1.


Internal statistics:

num_allocs_failed_limit: 12.
num_arena_births: 1800.
num_arena_deaths: 0.
num_vsnodes_births: 4.
num_vsnodes_deaths: 0.
num_space_committed: 2967.
num_space_uncommitted: 0.
num_chunks_returned_to_freelist: 12.
num_chunks_taken_from_freelist: 8999.
num_chunk_merges: 12.
num_chunk_splits: 6417.
num_chunks_enlarged: 4710.
num_inconsistent_stats: 0.

CodeHeap 'non-profiled nmethods': size=120000Kb used=12252Kb max_used=12252Kb free=107747Kb
 bounds [0x000001c32b240000, 0x000001c32be40000, 0x000001c332770000]
CodeHeap 'profiled nmethods': size=120000Kb used=40527Kb max_used=40527Kb free=79472Kb
 bounds [0x000001c323770000, 0x000001c325f10000, 0x000001c32aca0000]
CodeHeap 'non-nmethods': size=5760Kb used=2651Kb max_used=2702Kb free=3109Kb
 bounds [0x000001c32aca0000, 0x000001c32af50000, 0x000001c32b240000]
 total_blobs=19829 nmethods=18635 adapters=1102
 compilation: enabled
              stopped_count=0, restarted_count=0
 full_count=0

Compilation events (20 events):
Event: 1421.722 Thread 0x000001c33a757f20 21451       3       org.gradle.api.internal.artifacts.ivyservice.resolveengine.excludes.simple.DefaultModuleIdSetExclude::excludes (11 bytes)
Event: 1421.723 Thread 0x000001c33a757f20 nmethod 21451 0x000001c325ef9110 code [0x000001c325ef92c0, 0x000001c325ef9488]
Event: 1421.723 Thread 0x000001c33a757f20 21452       3       org.gradle.internal.component.external.descriptor.DefaultExclude::equals (91 bytes)
Event: 1421.724 Thread 0x000001c33a757f20 nmethod 21452 0x000001c325ef9590 code [0x000001c325ef97c0, 0x000001c325efa158]
Event: 1421.724 Thread 0x000001c33a757f20 21453       3       org.gradle.internal.component.model.DefaultComponentGraphResolveState$$Lambda$1569/0x00000001010ed130::<init> (10 bytes)
Event: 1421.725 Thread 0x000001c33a757f20 nmethod 21453 0x000001c325efa390 code [0x000001c325efa520, 0x000001c325efa6d8]
Event: 1421.725 Thread 0x000001c33a757f20 21454       3       org.gradle.internal.component.model.DefaultComponentGraphResolveState$$Lambda$1570/0x00000001010ed398::<init> (10 bytes)
Event: 1421.725 Thread 0x000001c33a757f20 nmethod 21454 0x000001c325efa790 code [0x000001c325efa920, 0x000001c325efaad8]
Event: 1421.725 Thread 0x000001c33a757f20 21456       3       org.gradle.internal.component.external.model.DefaultConfigurationMetadata::getConfigDependencies (136 bytes)
Event: 1421.725 Thread 0x000001c33a757f20 nmethod 21456 0x000001c325efab90 code [0x000001c325efad80, 0x000001c325efb258]
Event: 1421.725 Thread 0x000001c33a757f20 21457       1       org.gradle.api.internal.artifacts.ivyservice.resolveengine.excludes.simple.DefaultModuleIdSetExclude::hashCode (5 bytes)
Event: 1421.725 Thread 0x000001c33a757f20 nmethod 21457 0x000001c32be36610 code [0x000001c32be367a0, 0x000001c32be36878]
Event: 1421.726 Thread 0x000001c33a757f20 21458       3       org.gradle.api.internal.artifacts.ivyservice.resolveengine.graph.builder.NodeState::collectAncestorsStrictVersionsSingleEdge (57 bytes)
Event: 1421.727 Thread 0x000001c33a757f20 nmethod 21458 0x000001c325efb410 code [0x000001c325efb620, 0x000001c325efbcb8]
Event: 1421.729 Thread 0x000001c33a757f20 21459       3       org.gradle.api.internal.artifacts.ivyservice.ivyresolve.FilteredModuleComponentRepository$FilteringAccess$$Lambda$1544/0x00000001010dd038::create (4 bytes)
Event: 1421.730 Thread 0x000001c33a757f20 nmethod 21459 0x000001c325efbf10 code [0x000001c325efc0a0, 0x000001c325efc218]
Event: 1421.730 Thread 0x000001c33a757f20 21460       3       org.gradle.api.internal.artifacts.ivyservice.ivyresolve.FilteredModuleComponentRepository$FilteringAccess::lambda$estimateMetadataFetchingCost$4 (4 bytes)
Event: 1421.730 Thread 0x000001c33a757f20 nmethod 21460 0x000001c325efc310 code [0x000001c325efc4a0, 0x000001c325efc598]
Event: 1421.743 Thread 0x000001c33a757f20 21463       3       org.gradle.internal.component.external.model.LazyVariantBackedConfigurationMetadata::getDependencies (31 bytes)
Event: 1421.744 Thread 0x000001c33a757f20 nmethod 21463 0x000001c325efc610 code [0x000001c325efc7c0, 0x000001c325efcb88]

GC Heap History (20 events):
Event: 19.336 GC heap before
{Heap before GC invocations=68 (full 0):
 garbage-first heap   total 377856K, used 313927K [0x0000000080000000, 0x0000000100000000)
  region size 1024K, 111 young (113664K), 3 survivors (3072K)
 Metaspace       used 170451K, committed 171392K, reserved 1245184K
  class space    used 22249K, committed 22656K, reserved 1048576K
}
Event: 19.340 GC heap after
{Heap after GC invocations=69 (full 0):
 garbage-first heap   total 377856K, used 209985K [0x0000000080000000, 0x0000000100000000)
  region size 1024K, 8 young (8192K), 8 survivors (8192K)
 Metaspace       used 170451K, committed 171392K, reserved 1245184K
  class space    used 22249K, committed 22656K, reserved 1048576K
}
Event: 20.100 GC heap before
{Heap before GC invocations=70 (full 0):
 garbage-first heap   total 377856K, used 316481K [0x0000000080000000, 0x0000000100000000)
  region size 1024K, 112 young (114688K), 8 survivors (8192K)
 Metaspace       used 170452K, committed 171392K, reserved 1245184K
  class space    used 22249K, committed 22656K, reserved 1048576K
}
Event: 20.106 GC heap after
{Heap after GC invocations=71 (full 0):
 garbage-first heap   total 377856K, used 213983K [0x0000000080000000, 0x0000000100000000)
  region size 1024K, 10 young (10240K), 10 survivors (10240K)
 Metaspace       used 170452K, committed 171392K, reserved 1245184K
  class space    used 22249K, committed 22656K, reserved 1048576K
}
Event: 20.189 GC heap before
{Heap before GC invocations=71 (full 0):
 garbage-first heap   total 377856K, used 222175K [0x0000000080000000, 0x0000000100000000)
  region size 1024K, 18 young (18432K), 10 survivors (10240K)
 Metaspace       used 170452K, committed 171392K, reserved 1245184K
  class space    used 22249K, committed 22656K, reserved 1048576K
}
Event: 20.194 GC heap after
{Heap after GC invocations=72 (full 0):
 garbage-first heap   total 377856K, used 209707K [0x0000000080000000, 0x0000000100000000)
  region size 1024K, 3 young (3072K), 3 survivors (3072K)
 Metaspace       used 170452K, committed 171392K, reserved 1245184K
  class space    used 22249K, committed 22656K, reserved 1048576K
}
Event: 21.142 GC heap before
{Heap before GC invocations=72 (full 0):
 garbage-first heap   total 377856K, used 317227K [0x0000000080000000, 0x0000000100000000)
  region size 1024K, 108 young (110592K), 3 survivors (3072K)
 Metaspace       used 170452K, committed 171392K, reserved 1245184K
  class space    used 22249K, committed 22656K, reserved 1048576K
}
Event: 21.147 GC heap after
{Heap after GC invocations=73 (full 0):
 garbage-first heap   total 377856K, used 213890K [0x0000000080000000, 0x0000000100000000)
  region size 1024K, 8 young (8192K), 8 survivors (8192K)
 Metaspace       used 170452K, committed 171392K, reserved 1245184K
  class space    used 22249K, committed 22656K, reserved 1048576K
}
Event: 21.752 GC heap before
{Heap before GC invocations=73 (full 0):
 garbage-first heap   total 377856K, used 317314K [0x0000000080000000, 0x0000000100000000)
  region size 1024K, 109 young (111616K), 8 survivors (8192K)
 Metaspace       used 170452K, committed 171392K, reserved 1245184K
  class space    used 22249K, committed 22656K, reserved 1048576K
}
Event: 21.756 GC heap after
{Heap after GC invocations=74 (full 0):
 garbage-first heap   total 377856K, used 217464K [0x0000000080000000, 0x0000000100000000)
  region size 1024K, 11 young (11264K), 11 survivors (11264K)
 Metaspace       used 170452K, committed 171392K, reserved 1245184K
  class space    used 22249K, committed 22656K, reserved 1048576K
}
Event: 22.204 GC heap before
{Heap before GC invocations=74 (full 0):
 garbage-first heap   total 377856K, used 318840K [0x0000000080000000, 0x0000000100000000)
  region size 1024K, 110 young (112640K), 11 survivors (11264K)
 Metaspace       used 170452K, committed 171392K, reserved 1245184K
  class space    used 22249K, committed 22656K, reserved 1048576K
}
Event: 22.210 GC heap after
{Heap after GC invocations=75 (full 0):
 garbage-first heap   total 377856K, used 220997K [0x0000000080000000, 0x0000000100000000)
  region size 1024K, 10 young (10240K), 10 survivors (10240K)
 Metaspace       used 170452K, committed 171392K, reserved 1245184K
  class space    used 22249K, committed 22656K, reserved 1048576K
}
Event: 22.969 GC heap before
{Heap before GC invocations=75 (full 0):
 garbage-first heap   total 377856K, used 320325K [0x0000000080000000, 0x0000000100000000)
  region size 1024K, 106 young (108544K), 10 survivors (10240K)
 Metaspace       used 173678K, committed 174592K, reserved 1245184K
  class space    used 22595K, committed 23040K, reserved 1048576K
}
Event: 22.975 GC heap after
{Heap after GC invocations=76 (full 0):
 garbage-first heap   total 377856K, used 224924K [0x0000000080000000, 0x0000000100000000)
  region size 1024K, 10 young (10240K), 10 survivors (10240K)
 Metaspace       used 173678K, committed 174592K, reserved 1245184K
  class space    used 22595K, committed 23040K, reserved 1048576K
}
Event: 24.258 GC heap before
{Heap before GC invocations=76 (full 0):
 garbage-first heap   total 377856K, used 324252K [0x0000000080000000, 0x0000000100000000)
  region size 1024K, 103 young (105472K), 10 survivors (10240K)
 Metaspace       used 183047K, committed 184000K, reserved 1245184K
  class space    used 23734K, committed 24192K, reserved 1048576K
}
Event: 24.265 GC heap after
{Heap after GC invocations=77 (full 0):
 garbage-first heap   total 377856K, used 229614K [0x0000000080000000, 0x0000000100000000)
  region size 1024K, 11 young (11264K), 11 survivors (11264K)
 Metaspace       used 183047K, committed 184000K, reserved 1245184K
  class space    used 23734K, committed 24192K, reserved 1048576K
}
Event: 25.014 GC heap before
{Heap before GC invocations=77 (full 0):
 garbage-first heap   total 377856K, used 321774K [0x0000000080000000, 0x0000000100000000)
  region size 1024K, 101 young (103424K), 11 survivors (11264K)
 Metaspace       used 185560K, committed 186560K, reserved 1245184K
  class space    used 24019K, committed 24512K, reserved 1048576K
}
Event: 25.022 GC heap after
{Heap after GC invocations=78 (full 0):
 garbage-first heap   total 377856K, used 235720K [0x0000000080000000, 0x0000000100000000)
  region size 1024K, 13 young (13312K), 13 survivors (13312K)
 Metaspace       used 185560K, committed 186560K, reserved 1245184K
  class space    used 24019K, committed 24512K, reserved 1048576K
}
Event: 1096.093 GC heap before
{Heap before GC invocations=78 (full 0):
 garbage-first heap   total 377856K, used 320712K [0x0000000080000000, 0x0000000100000000)
  region size 1024K, 96 young (98304K), 13 survivors (13312K)
 Metaspace       used 188557K, committed 189696K, reserved 1245184K
  class space    used 24372K, committed 24896K, reserved 1048576K
}
Event: 1096.100 GC heap after
{Heap after GC invocations=79 (full 0):
 garbage-first heap   total 377856K, used 239946K [0x0000000080000000, 0x0000000100000000)
  region size 1024K, 5 young (5120K), 5 survivors (5120K)
 Metaspace       used 188557K, committed 189696K, reserved 1245184K
  class space    used 24372K, committed 24896K, reserved 1048576K
}

Dll operation events (3 events):
Event: 0.005 Loaded shared library C:\Program Files\Android\Android Studio\jbr\bin\java.dll
Event: 0.103 Loaded shared library C:\Program Files\Android\Android Studio\jbr\bin\zip.dll
Event: 0.325 Loaded shared library C:\Program Files\Android\Android Studio\jbr\bin\verify.dll

Deoptimization events (20 events):
Event: 1421.536 Thread 0x000001c34415f510 Uncommon trap: trap_request=0xffffffc6 fr.pc=0x000001c32b88e77c relative=0x000000000000029c
Event: 1421.536 Thread 0x000001c34415f510 Uncommon trap: reason=bimorphic_or_optimized_type_check action=maybe_recompile pc=0x000001c32b88e77c method=com.google.common.collect.MapMakerInternalMap$Segment.copyEntry(Lcom/google/common/collect/MapMakerInternalMap$InternalEntry;Lcom/google/common/col
Event: 1421.536 Thread 0x000001c34415f510 DEOPT PACKING pc=0x000001c32b88e77c sp=0x00000022218fa800
Event: 1421.536 Thread 0x000001c34415f510 DEOPT UNPACKING pc=0x000001c32acf69a3 sp=0x00000022218fa7c8 mode 2
Event: 1421.536 Thread 0x000001c34415f510 Uncommon trap: trap_request=0xffffffc6 fr.pc=0x000001c32b88e77c relative=0x000000000000029c
Event: 1421.536 Thread 0x000001c34415f510 Uncommon trap: reason=bimorphic_or_optimized_type_check action=maybe_recompile pc=0x000001c32b88e77c method=com.google.common.collect.MapMakerInternalMap$Segment.copyEntry(Lcom/google/common/collect/MapMakerInternalMap$InternalEntry;Lcom/google/common/col
Event: 1421.536 Thread 0x000001c34415f510 DEOPT PACKING pc=0x000001c32b88e77c sp=0x00000022218fa800
Event: 1421.536 Thread 0x000001c34415f510 DEOPT UNPACKING pc=0x000001c32acf69a3 sp=0x00000022218fa7c8 mode 2
Event: 1421.544 Thread 0x000001c34415f510 Uncommon trap: trap_request=0xffffffde fr.pc=0x000001c32bcd4a00 relative=0x00000000000009a0
Event: 1421.544 Thread 0x000001c34415f510 Uncommon trap: reason=class_check action=maybe_recompile pc=0x000001c32bcd4a00 method=org.gradle.tooling.internal.provider.runner.ClientBuildEventGenerator$Enabled.accept(Lorg/gradle/internal/operations/BuildOperationDescriptor;)Lorg/gradle/tooling/intern
Event: 1421.544 Thread 0x000001c34415f510 DEOPT PACKING pc=0x000001c32bcd4a00 sp=0x00000022218faa60
Event: 1421.544 Thread 0x000001c34415f510 DEOPT UNPACKING pc=0x000001c32acf69a3 sp=0x00000022218fa988 mode 2
Event: 1421.594 Thread 0x000001c34415f510 Uncommon trap: trap_request=0xffffffde fr.pc=0x000001c32bc9bc84 relative=0x0000000000000be4
Event: 1421.594 Thread 0x000001c34415f510 Uncommon trap: reason=class_check action=maybe_recompile pc=0x000001c32bc9bc84 method=org.gradle.api.internal.artifacts.dependencies.DefaultImmutableVersionConstraint.of(Lorg/gradle/api/artifacts/VersionConstraint;)Lorg/gradle/api/internal/artifacts/Immut
Event: 1421.594 Thread 0x000001c34415f510 DEOPT PACKING pc=0x000001c32bc9bc84 sp=0x00000022218f7e20
Event: 1421.594 Thread 0x000001c34415f510 DEOPT UNPACKING pc=0x000001c32acf69a3 sp=0x00000022218f7d98 mode 2
Event: 1421.704 Thread 0x000001c34415f510 Uncommon trap: trap_request=0xffffff76 fr.pc=0x000001c32be3204c relative=0x000000000000040c
Event: 1421.704 Thread 0x000001c34415f510 Uncommon trap: reason=predicate action=maybe_recompile pc=0x000001c32be3204c method=java.util.AbstractCollection.toArray([Ljava/lang/Object;)[Ljava/lang/Object; @ 43 c2
Event: 1421.704 Thread 0x000001c34415f510 DEOPT PACKING pc=0x000001c32be3204c sp=0x00000022218f63e0
Event: 1421.704 Thread 0x000001c34415f510 DEOPT UNPACKING pc=0x000001c32acf69a3 sp=0x00000022218f6378 mode 2

Classes unloaded (0 events):
No events

Classes redefined (0 events):
No events

Internal exceptions (20 events):
Event: 25.477 Thread 0x000001c34086e7f0 Exception <a 'java/lang/NoSuchMethodError'{0x0000000094dac398}: static Lorg/jetbrains/kotlin/idea/gradleTooling/KotlinTaskPropertiesImpl;.<clinit>()V> (0x0000000094dac398) 
thrown [s\src\hotspot\share\prims\jni.cpp, line 1127]
Event: 25.539 Thread 0x000001c33ff58ac0 Exception <a 'java/lang/NoSuchMethodError'{0x00000000948917b0}: static Lorg/gradle/internal/classloader/ClassLoaderSpec;.<clinit>()V> (0x00000000948917b0) 
thrown [s\src\hotspot\share\prims\jni.cpp, line 1127]
Event: 25.540 Thread 0x000001c33ff58ac0 Exception <a 'java/lang/NoSuchMethodError'{0x00000000948a36a0}: static Lorg/gradle/internal/classloader/VisitableURLClassLoader$Spec;.<clinit>()V> (0x00000000948a36a0) 
thrown [s\src\hotspot\share\prims\jni.cpp, line 1127]
Event: 25.541 Thread 0x000001c33ff58ac0 Exception <a 'java/lang/NoSuchMethodError'{0x00000000948ba890}: static [Ljava/net/URL;.<clinit>()V> (0x00000000948ba890) 
thrown [s\src\hotspot\share\prims\jni.cpp, line 1127]
Event: 25.543 Thread 0x000001c33ff58ac0 Exception <a 'java/lang/NoSuchMethodError'{0x00000000948f1e08}: static Lorg/gradle/internal/classloader/FilteringClassLoader$Spec;.<clinit>()V> (0x00000000948f1e08) 
thrown [s\src\hotspot\share\prims\jni.cpp, line 1127]
Event: 25.544 Thread 0x000001c33ff58ac0 Exception <a 'java/lang/NoSuchMethodError'{0x0000000094709d50}: static Lorg/gradle/internal/classloader/CachingClassLoader$Spec;.<clinit>()V> (0x0000000094709d50) 
thrown [s\src\hotspot\share\prims\jni.cpp, line 1127]
Event: 25.556 Thread 0x000001c3413cdb20 Exception <a 'java/lang/NoSuchMethodError'{0x0000000094793018}: static Lorg/jetbrains/kotlin/gradle/plugin/statistics/MetricContainer;.<clinit>()V> (0x0000000094793018) 
thrown [s\src\hotspot\share\prims\jni.cpp, line 1127]
Event: 25.569 Thread 0x000001c3413cdb20 Exception <a 'java/lang/NoSuchMethodError'{0x000000009465dee0}: 'void java.lang.invoke.DirectMethodHandle$Holder.invokeSpecial(java.lang.Object, java.lang.Object, int)'> (0x000000009465dee0) 
thrown [s\src\hotspot\share\interpreter\linkResolver.cpp, line 771]
Event: 1421.461 Thread 0x000001c34415f510 Implicit null exception at 0x000001c32bdcb129 to 0x000001c32bdcc524
Event: 1421.498 Thread 0x000001c34415f510 Exception <a 'sun/nio/fs/WindowsException'{0x00000000965220a0}> (0x00000000965220a0) 
thrown [s\src\hotspot\share\prims\jni.cpp, line 531]
Event: 1421.498 Thread 0x000001c34415f510 Exception <a 'sun/nio/fs/WindowsException'{0x0000000096523848}> (0x0000000096523848) 
thrown [s\src\hotspot\share\prims\jni.cpp, line 531]
Event: 1421.498 Thread 0x000001c34415f510 Exception <a 'sun/nio/fs/WindowsException'{0x0000000096524db0}> (0x0000000096524db0) 
thrown [s\src\hotspot\share\prims\jni.cpp, line 531]
Event: 1421.499 Thread 0x000001c34415f510 Exception <a 'sun/nio/fs/WindowsException'{0x0000000096526318}> (0x0000000096526318) 
thrown [s\src\hotspot\share\prims\jni.cpp, line 531]
Event: 1421.525 Thread 0x000001c34415f510 Exception <a 'sun/nio/fs/WindowsException'{0x0000000095b68b20}> (0x0000000095b68b20) 
thrown [s\src\hotspot\share\prims\jni.cpp, line 531]
Event: 1421.525 Thread 0x000001c34415f510 Exception <a 'sun/nio/fs/WindowsException'{0x0000000095b68c78}> (0x0000000095b68c78) 
thrown [s\src\hotspot\share\prims\jni.cpp, line 531]
Event: 1421.526 Thread 0x000001c34415f510 Exception <a 'sun/nio/fs/WindowsException'{0x0000000095b6b3c8}> (0x0000000095b6b3c8) 
thrown [s\src\hotspot\share\prims\jni.cpp, line 531]
Event: 1421.526 Thread 0x000001c34415f510 Exception <a 'sun/nio/fs/WindowsException'{0x0000000095b6b598}> (0x0000000095b6b598) 
thrown [s\src\hotspot\share\prims\jni.cpp, line 531]
Event: 1421.526 Thread 0x000001c34415f510 Exception <a 'sun/nio/fs/WindowsException'{0x0000000095b70618}> (0x0000000095b70618) 
thrown [s\src\hotspot\share\prims\jni.cpp, line 531]
Event: 1421.526 Thread 0x000001c34415f510 Exception <a 'sun/nio/fs/WindowsException'{0x0000000095b707e8}> (0x0000000095b707e8) 
thrown [s\src\hotspot\share\prims\jni.cpp, line 531]
Event: 1421.545 Thread 0x000001c344160440 Exception <a 'java/lang/NoSuchMethodError'{0x0000000096aeed18}: static Lorg/gradle/internal/build/event/types/DefaultProjectConfigurationDescriptor;.<clinit>()V> (0x0000000096aeed18) 
thrown [s\src\hotspot\share\prims\jni.cpp, line 1127]

VM Operations (20 events):
Event: 1141.470 Executing VM operation: Cleanup
Event: 1141.470 Executing VM operation: Cleanup done
Event: 1161.670 Executing VM operation: Cleanup
Event: 1161.670 Executing VM operation: Cleanup done
Event: 1251.476 Executing VM operation: Cleanup
Event: 1251.476 Executing VM operation: Cleanup done
Event: 1261.593 Executing VM operation: Cleanup
Event: 1261.593 Executing VM operation: Cleanup done
Event: 1291.836 Executing VM operation: Cleanup
Event: 1291.836 Executing VM operation: Cleanup done
Event: 1301.940 Executing VM operation: Cleanup
Event: 1301.940 Executing VM operation: Cleanup done
Event: 1389.741 Executing VM operation: Cleanup
Event: 1389.741 Executing VM operation: Cleanup done
Event: 1401.842 Executing VM operation: Cleanup
Event: 1401.842 Executing VM operation: Cleanup done
Event: 1408.907 Executing VM operation: Cleanup
Event: 1408.907 Executing VM operation: Cleanup done
Event: 1421.599 Executing VM operation: ICBufferFull
Event: 1421.599 Executing VM operation: ICBufferFull done

Events (20 events):
Event: 1421.450 Thread 0x000001c34415a920 Thread added: 0x000001c34415a920
Event: 1421.454 Thread 0x000001c34415f510 Thread added: 0x000001c34415f510
Event: 1421.456 Thread 0x000001c34415dbc0 Thread added: 0x000001c34415dbc0
Event: 1421.457 loading class jdk/internal/math/FormattedFloatingDecimal$Form
Event: 1421.457 loading class jdk/internal/math/FormattedFloatingDecimal$Form done
Event: 1421.457 loading class jdk/internal/math/FormattedFloatingDecimal
Event: 1421.458 loading class jdk/internal/math/FormattedFloatingDecimal done
Event: 1421.458 loading class jdk/internal/math/FormattedFloatingDecimal$1
Event: 1421.458 loading class jdk/internal/math/FormattedFloatingDecimal$1 done
Event: 1421.458 loading class jdk/internal/math/FormattedFloatingDecimal$2
Event: 1421.458 loading class jdk/internal/math/FormattedFloatingDecimal$2 done
Event: 1421.458 Thread 0x000001c34415bd60 Thread added: 0x000001c34415bd60
Event: 1421.459 Thread 0x000001c344160440 Thread added: 0x000001c344160440
Event: 1421.467 Thread 0x000001c34415b340 Thread added: 0x000001c34415b340
Event: 1421.482 Thread 0x000001c34f410d70 Thread added: 0x000001c34f410d70
Event: 1421.485 Thread 0x000001c34415e0d0 Thread added: 0x000001c34415e0d0
Event: 1421.488 Thread 0x000001c3441599f0 Thread added: 0x000001c3441599f0
Event: 1421.490 Thread 0x000001c34415d1a0 Thread added: 0x000001c34415d1a0
Event: 1421.590 Thread 0x000001c34415f000 Thread added: 0x000001c34415f000
Event: 1421.682 Thread 0x000001c34f4167c0 Thread added: 0x000001c34f4167c0


Dynamic libraries:
0x00007ff648980000 - 0x00007ff64898a000 	C:\Program Files\Android\Android Studio\jbr\bin\java.exe
0x00007ffa90890000 - 0x00007ffa90a87000 	C:\Windows\SYSTEM32\ntdll.dll
0x00007ffa90200000 - 0x00007ffa902bd000 	C:\Windows\System32\KERNEL32.DLL
0x00007ffa8e0a0000 - 0x00007ffa8e36d000 	C:\Windows\System32\KERNELBASE.dll
0x00007ffa8e3e0000 - 0x00007ffa8e4e0000 	C:\Windows\System32\ucrtbase.dll
0x00007ffa89930000 - 0x00007ffa89947000 	C:\Program Files\Android\Android Studio\jbr\bin\jli.dll
0x00007ffa90040000 - 0x00007ffa901e0000 	C:\Windows\System32\USER32.dll
0x00007ffa8dfe0000 - 0x00007ffa8e002000 	C:\Windows\System32\win32u.dll
0x00007ffa7b810000 - 0x00007ffa7baaa000 	C:\Windows\WinSxS\amd64_microsoft.windows.common-controls_6595b64144ccf1df_6.0.19041.1110_none_60b5254171f9507e\COMCTL32.dll
0x00007ffa8eab0000 - 0x00007ffa8eada000 	C:\Windows\System32\GDI32.dll
0x00007ffa8e590000 - 0x00007ffa8e69b000 	C:\Windows\System32\gdi32full.dll
0x00007ffa8fd80000 - 0x00007ffa8fe1e000 	C:\Windows\System32\msvcrt.dll
0x00007ffa8e6f0000 - 0x00007ffa8e78d000 	C:\Windows\System32\msvcp_win.dll
0x00007ffa796f0000 - 0x00007ffa7970b000 	C:\Program Files\Android\Android Studio\jbr\bin\VCRUNTIME140.dll
0x00007ffa90470000 - 0x00007ffa904a0000 	C:\Windows\System32\IMM32.DLL
0x00007ffa89a40000 - 0x00007ffa89a4c000 	C:\Program Files\Android\Android Studio\jbr\bin\vcruntime140_1.dll
0x00007ffa645e0000 - 0x00007ffa6466d000 	C:\Program Files\Android\Android Studio\jbr\bin\msvcp140.dll
0x00007ffa553a0000 - 0x00007ffa56023000 	C:\Program Files\Android\Android Studio\jbr\bin\server\jvm.dll
0x00007ffa8e970000 - 0x00007ffa8ea1e000 	C:\Windows\System32\ADVAPI32.dll
0x00007ffa906a0000 - 0x00007ffa9073c000 	C:\Windows\System32\sechost.dll
0x00007ffa90570000 - 0x00007ffa90695000 	C:\Windows\System32\RPCRT4.dll
0x00007ffa8d580000 - 0x00007ffa8d5cb000 	C:\Windows\SYSTEM32\POWRPROF.dll
0x00007ffa89a10000 - 0x00007ffa89a19000 	C:\Windows\SYSTEM32\WSOCK32.dll
0x00007ffa8fe20000 - 0x00007ffa8fe8b000 	C:\Windows\System32\WS2_32.dll
0x00007ffa84a80000 - 0x00007ffa84aa7000 	C:\Windows\SYSTEM32\WINMM.dll
0x00007ffa88f90000 - 0x00007ffa88f9a000 	C:\Windows\SYSTEM32\VERSION.dll
0x00007ffa8d3f0000 - 0x00007ffa8d402000 	C:\Windows\SYSTEM32\UMPDC.dll
0x00007ffa8beb0000 - 0x00007ffa8bec2000 	C:\Windows\SYSTEM32\kernel.appcore.dll
0x00007ffa89a00000 - 0x00007ffa89a0a000 	C:\Program Files\Android\Android Studio\jbr\bin\jimage.dll
0x00007ffa87d90000 - 0x00007ffa87f74000 	C:\Windows\SYSTEM32\DBGHELP.DLL
0x00007ffa7f7f0000 - 0x00007ffa7f81c000 	C:\Windows\SYSTEM32\dbgcore.DLL
0x00007ffa8e010000 - 0x00007ffa8e092000 	C:\Windows\System32\bcryptPrimitives.dll
0x00007ffa89960000 - 0x00007ffa8996e000 	C:\Program Files\Android\Android Studio\jbr\bin\instrument.dll
0x00007ffa86cc0000 - 0x00007ffa86ce5000 	C:\Program Files\Android\Android Studio\jbr\bin\java.dll
0x00007ffa7c000000 - 0x00007ffa7c018000 	C:\Program Files\Android\Android Studio\jbr\bin\zip.dll
0x00007ffa8eb40000 - 0x00007ffa8f284000 	C:\Windows\System32\SHELL32.dll
0x00007ffa8c0b0000 - 0x00007ffa8c844000 	C:\Windows\SYSTEM32\windows.storage.dll
0x00007ffa8f2a0000 - 0x00007ffa8f5f4000 	C:\Windows\System32\combase.dll
0x00007ffa8da10000 - 0x00007ffa8da3c000 	C:\Windows\SYSTEM32\Wldp.dll
0x00007ffa8fcd0000 - 0x00007ffa8fd7d000 	C:\Windows\System32\SHCORE.dll
0x00007ffa8ff80000 - 0x00007ffa8ffd5000 	C:\Windows\System32\shlwapi.dll
0x00007ffa8def0000 - 0x00007ffa8df0f000 	C:\Windows\SYSTEM32\profapi.dll
0x00007ffa7bfe0000 - 0x00007ffa7bff9000 	C:\Program Files\Android\Android Studio\jbr\bin\net.dll
0x00007ffa7ef50000 - 0x00007ffa7f05a000 	C:\Windows\SYSTEM32\WINHTTP.dll
0x00007ffa8d770000 - 0x00007ffa8d7da000 	C:\Windows\system32\mswsock.dll
0x00007ffa7bfc0000 - 0x00007ffa7bfd6000 	C:\Program Files\Android\Android Studio\jbr\bin\nio.dll
0x00007ffa87420000 - 0x00007ffa87430000 	C:\Program Files\Android\Android Studio\jbr\bin\verify.dll
0x00007ffa79240000 - 0x00007ffa79267000 	C:\Users\Lev\.gradle\native\c067742578af261105cb4f569cf0c3c89f3d7b1fecec35dd04571415982c5e48\windows-amd64\native-platform.dll
0x00007ffa5b330000 - 0x00007ffa5b474000 	C:\Users\Lev\.gradle\native\38dada09dfb8b06ba9b0570ebf7e218e3eb74d4ef43ca46872605cf95ebc2f47\windows-amd64\native-platform-file-events.dll
0x00007ffa89880000 - 0x00007ffa89889000 	C:\Program Files\Android\Android Studio\jbr\bin\management.dll
0x00007ffa897b0000 - 0x00007ffa897bb000 	C:\Program Files\Android\Android Studio\jbr\bin\management_ext.dll
0x00007ffa8f600000 - 0x00007ffa8f608000 	C:\Windows\System32\PSAPI.DLL
0x00007ffa8d970000 - 0x00007ffa8d988000 	C:\Windows\SYSTEM32\CRYPTSP.dll
0x00007ffa8d080000 - 0x00007ffa8d0b4000 	C:\Windows\system32\rsaenh.dll
0x00007ffa8dfb0000 - 0x00007ffa8dfd7000 	C:\Windows\System32\bcrypt.dll
0x00007ffa8de70000 - 0x00007ffa8de9e000 	C:\Windows\SYSTEM32\USERENV.dll
0x00007ffa8d960000 - 0x00007ffa8d96c000 	C:\Windows\SYSTEM32\CRYPTBASE.dll
0x00007ffa8d410000 - 0x00007ffa8d44b000 	C:\Windows\SYSTEM32\IPHLPAPI.DLL
0x00007ffa8fe90000 - 0x00007ffa8fe98000 	C:\Windows\System32\NSI.dll
0x00007ffa7c070000 - 0x00007ffa7c087000 	C:\Windows\SYSTEM32\dhcpcsvc6.DLL
0x00007ffa7aaf0000 - 0x00007ffa7ab0d000 	C:\Windows\SYSTEM32\dhcpcsvc.DLL
0x00007ffa8d460000 - 0x00007ffa8d52b000 	C:\Windows\SYSTEM32\DNSAPI.dll
0x00007ffa87800000 - 0x00007ffa87809000 	C:\Program Files\Android\Android Studio\jbr\bin\extnet.dll
0x00007ffa88bc0000 - 0x00007ffa88bc7000 	C:\Windows\system32\wshunix.dll
0x00007ffa7bf80000 - 0x00007ffa7bf97000 	C:\Windows\system32\napinsp.dll
0x00007ffa7ae60000 - 0x00007ffa7ae7b000 	C:\Windows\system32\pnrpnsp.dll
0x00007ffa7a350000 - 0x00007ffa7a365000 	C:\Windows\system32\wshbth.dll
0x00007ffa89840000 - 0x00007ffa8985d000 	C:\Windows\system32\NLAapi.dll
0x00007ffa7a330000 - 0x00007ffa7a342000 	C:\Windows\System32\winrnr.dll
0x00007ffa796b0000 - 0x00007ffa796ba000 	C:\Windows\System32\rasadhlp.dll
0x00007ffa79d90000 - 0x00007ffa79e10000 	C:\Windows\System32\fwpuclnt.dll

dbghelp: loaded successfully - version: 4.0.5 - missing functions: none
symbol engine: initialized successfully - sym options: 0x614 - pdb path: .;C:\Program Files\Android\Android Studio\jbr\bin;C:\Windows\SYSTEM32;C:\Windows\WinSxS\amd64_microsoft.windows.common-controls_6595b64144ccf1df_6.0.19041.1110_none_60b5254171f9507e;C:\Program Files\Android\Android Studio\jbr\bin\server;C:\Users\Lev\.gradle\native\c067742578af261105cb4f569cf0c3c89f3d7b1fecec35dd04571415982c5e48\windows-amd64;C:\Users\Lev\.gradle\native\38dada09dfb8b06ba9b0570ebf7e218e3eb74d4ef43ca46872605cf95ebc2f47\windows-amd64

VM Arguments:
jvm_args: --add-opens=java.base/java.util=ALL-UNNAMED --add-opens=java.base/java.lang=ALL-UNNAMED --add-opens=java.base/java.lang.invoke=ALL-UNNAMED --add-opens=java.prefs/java.util.prefs=ALL-UNNAMED --add-opens=java.base/java.nio.charset=ALL-UNNAMED --add-opens=java.base/java.net=ALL-UNNAMED --add-opens=java.base/java.util.concurrent.atomic=ALL-UNNAMED -Xmx2048m -Dfile.encoding=UTF-8 -Duser.country=RU -Duser.language=ru -Duser.variant -javaagent:C:\Users\Lev\.gradle\wrapper\dists\gradle-8.7-bin\bhs2wmbdwecv87pi65oeuq5iu\gradle-8.7\lib\agents\gradle-instrumentation-agent-8.7.jar 
java_command: org.gradle.launcher.daemon.bootstrap.GradleDaemon 8.7
java_class_path (initial): C:\Users\Lev\.gradle\wrapper\dists\gradle-8.7-bin\bhs2wmbdwecv87pi65oeuq5iu\gradle-8.7\lib\gradle-launcher-8.7.jar
Launcher Type: SUN_STANDARD

[Global flags]
     intx CICompilerCount                          = 4                                         {product} {ergonomic}
     uint ConcGCThreads                            = 3                                         {product} {ergonomic}
     uint G1ConcRefinementThreads                  = 10                                        {product} {ergonomic}
   size_t G1HeapRegionSize                         = 1048576                                   {product} {ergonomic}
    uintx GCDrainStackTargetSize                   = 64                                        {product} {ergonomic}
   size_t InitialHeapSize                          = 260046848                                 {product} {ergonomic}
   size_t MarkStackSize                            = 4194304                                   {product} {ergonomic}
   size_t MaxHeapSize                              = 2147483648                                {product} {command line}
   size_t MaxNewSize                               = 1287651328                                {product} {ergonomic}
   size_t MinHeapDeltaBytes                        = 1048576                                   {product} {ergonomic}
   size_t MinHeapSize                              = 8388608                                   {product} {ergonomic}
    uintx NonNMethodCodeHeapSize                   = 5839372                                {pd product} {ergonomic}
    uintx NonProfiledCodeHeapSize                  = 122909434                              {pd product} {ergonomic}
    uintx ProfiledCodeHeapSize                     = 122909434                              {pd product} {ergonomic}
    uintx ReservedCodeCacheSize                    = 251658240                              {pd product} {ergonomic}
     bool SegmentedCodeCache                       = true                                      {product} {ergonomic}
   size_t SoftMaxHeapSize                          = 2147483648                             {manageable} {ergonomic}
     bool UseCompressedClassPointers               = true                           {product lp64_product} {ergonomic}
     bool UseCompressedOops                        = true                           {product lp64_product} {ergonomic}
     bool UseG1GC                                  = true                                      {product} {ergonomic}
     bool UseLargePagesIndividualAllocation        = false                                  {pd product} {ergonomic}

Logging:
Log output configuration:
 #0: stdout all=warning uptime,level,tags
 #1: stderr all=off uptime,level,tags

Environment Variables:
PATH=C:\Windows\system32;C:\Windows;C:\Windows\System32\Wbem;C:\Windows\System32\WindowsPowerShell\v1.0\;C:\Windows\System32\OpenSSH\;C:\UTILS\ARCHIV;;C:\Program Files (x86)\NVIDIA Corporation\PhysX\Common;C:\Users\Lev\AppData\Local\Programs\Python\Python312\Scripts\;C:\Users\Lev\AppData\Local\Programs\Python\Python312\;C:\Users\Lev\AppData\Local\Programs\Python\Launcher\;C:\Users\Lev\AppData\Local\Microsoft\WindowsApps;C:\Users\Lev\AppData\Local\GitHubDesktop\bin
USERNAME=Lev
OS=Windows_NT
PROCESSOR_IDENTIFIER=AMD64 Family 23 Model 96 Stepping 1, AuthenticAMD
TMP=E:\TEMP
TEMP=E:\TEMP



Periodic native trim disabled

JNI global refs:
JNI global refs: 30, weak refs: 8

JNI global refs memory usage: 843, weak refs: 841

Process memory usage:
Resident Set Size: 817940K (5% of 16168996K total physical memory with 2030184K free physical memory)

OOME stack traces (most recent first):
Classloader memory used:
